#
# A fatal error has been detected by the Java Runtime Environment:
#
#  SIGSEGV (0xb) at pc=0x00000001028c5fe5, pid=91574, tid=0x0000000000002803
#
# JRE version: Java(TM) SE Runtime Environment (8.0_101-b13) (build 1.8.0_101-b13)
# Java VM: Java HotSpot(TM) 64-Bit Server VM (25.101-b13 mixed mode bsd-amd64 compressed oops)
# Problematic frame:
# V  [libjvm.dylib+0x4c5fe5]  oopDesc* PSPromotionManager::copy_to_survivor_space<false>(oopDesc*)+0x49
#
# Failed to write core dump. Core dumps have been disabled. To enable core dumping, try "ulimit -c unlimited" before starting Java again
#
# If you would like to submit a bug report, please visit:
#   http://bugreport.java.com/bugreport/crash.jsp
#

---------------  T H R E A D  ---------------

Current thread (0x00007fce53801800):  GCTaskThread [stack: 0x0000700000423000,0x0000700000523000] [id=10243]

siginfo: si_signo: 11 (SIGSEGV), si_code: 0 (unknown), si_addr: 0x0000000000000000

Registers:
RAX=0xf62bb3ec00000000, RBX=0xf62bb3ec00000000, RCX=0x0000000000000018, RDX=0x0000000800000017
RSP=0x0000700000522c80, RBP=0x0000700000522ce0, RSI=0x00000007b15d9f60, RDI=0x00000007b15d9f18
R8 =0x0000000102cee0e0, R9 =0x00000007503531e8, R10=0x00000007503551e8, R11=0xffffffff9ed77b01
R12=0x0000000102ce3e16, R13=0x000000075035421d, R14=0x00007fce53805580, R15=0x0000000000000002
RIP=0x00000001028c5fe5, EFLAGS=0x0000000000010286, ERR=0x0000000000000000
  TRAPNO=0x000000000000000d

Top of Stack: (sp=0x0000700000522c80)
0x0000700000522c80:   000000074fc6123c 00000007b15d9f60
0x0000700000522c90:   000000074fc61240 00000007c0149920
0x0000700000522ca0:   00000007503531e8 0000000000000400
0x0000700000522cb0:   00000007503487b1 000000075035421d
0x0000700000522cc0:   0000000102ce3e16 000000075035421d
0x0000700000522cd0:   000000075035421c 00007fce53805618
0x0000700000522ce0:   0000700000522d00 00000001028c64e7
0x0000700000522cf0:   00007fce53805580 00007fce538055e0
0x0000700000522d00:   0000700000522d60 00000001028c547a
0x0000700000522d10:   0000700000522d78 010000074e938c2d
0x0000700000522d20:   000000075035421d 0000700000522d78
0x0000700000522d30:   0000c0b7000068d3 0000000000000002
0x0000700000522d40:   0000700000522d84 0000700000522d78
0x0000700000522d50:   00007fce57b638f0 00007fce53805580
0x0000700000522d60:   0000700000522db0 00000001028c9187
0x0000700000522d70:   0000000000000002 000000074e938c2d
0x0000700000522d80:   665e7c5800522db0 00007fce53801800
0x0000700000522d90:   0000000000000000 0000000102a11aa5
0x0000700000522da0:   00007fce57b638f0 0000000000000001
0x0000700000522db0:   0000700000522e90 0000000102675c03
0x0000700000522dc0:   0000700000522df0 00007fce52d13380
0x0000700000522dd0:   00007fce52d133b0 00007fce52d133c0
0x0000700000522de0:   00007fce52d13798 00000000000003d8
0x0000700000522df0:   00007fce53801800 00007fce52d137a0
0x0000700000522e00:   00007fce52d137e0 00007fce52d137f0
0x0000700000522e10:   00007fce52d138c8 00000000000000d8
0x0000700000522e20:   0000700000522e30 0000000000000000
0x0000700000522e30:   00007fce53801800 00007fce52d137a0
0x0000700000522e40:   00007fce52d137e0 00007fce52d137f0
0x0000700000522e50:   00007fce52d138c8 00000000000000d8
0x0000700000522e60:   00007fce52d139e0 00007fce53801800
0x0000700000522e70:   00000000005657a9 0000000000002803 

Instructions: (pc=0x00000001028c5fe5)
0x00000001028c5fc5:   49 89 fe 48 8b 7d a8 e8 fb 32 ce ff f6 c3 01 4c
0x00000001028c5fd5:   63 f8 74 05 48 89 d8 eb 0a 48 89 d8 48 83 e0 fd
0x00000001028c5fe5:   48 8b 00 c1 e8 03 83 e0 0f 48 8d 0d ab 80 42 00
0x00000001028c5ff5:   3b 01 0f 83 ee 01 00 00 48 8d 05 c4 e2 41 00 48 

Register to memory mapping:

RAX=0xf62bb3ec00000000 is an unknown value
RBX=0xf62bb3ec00000000 is an unknown value
RCX=0x0000000000000018 is an unknown value
RDX=0x0000000800000017 is an unknown value
RSP=0x0000700000522c80 is an unknown value
RBP=0x0000700000522ce0 is an unknown value
RSI=0x00000007b15d9f60 is an unknown value
RDI=0x00000007b15d9f18 is an oop
com.android.dx.util.IntList 
 - klass: 'com/android/dx/util/IntList'
R8 =0x0000000102cee0e0: _ZN10PSScavenge26_young_generation_boundaryE+0 in /Library/Java/JavaVirtualMachines/jdk1.8.0_101.jdk/Contents/Home/jre/lib/server/libjvm.dylib at 0x0000000102400000
R9 =0x00000007503531e8 is an oop
com.android.dx.util.IntList 
 - klass: 'com/android/dx/util/IntList'
R10=0x00000007503551e8 is an oop
com.android.dx.rop.code.Rop 
 - klass: 'com/android/dx/rop/code/Rop'
R11=0xffffffff9ed77b01 is an unknown value
R12=0x0000000102ce3e16: AssumeMP+0 in /Library/Java/JavaVirtualMachines/jdk1.8.0_101.jdk/Contents/Home/jre/lib/server/libjvm.dylib at 0x0000000102400000
R13=0x000000075035421d is pointing into object: 0x0000000750354208
com.android.dx.rop.code.BasicBlock 
 - klass: 'com/android/dx/rop/code/BasicBlock'
R14=0x00007fce53805580 is an unknown value
R15=0x0000000000000002 is an unknown value


Stack: [0x0000700000423000,0x0000700000523000],  sp=0x0000700000522c80,  free space=1023k
Native frames: (J=compiled Java code, j=interpreted, Vv=VM code, C=native code)
V  [libjvm.dylib+0x4c5fe5]  oopDesc* PSPromotionManager::copy_to_survivor_space<false>(oopDesc*)+0x49
V  [libjvm.dylib+0x4c64e7]  PSPromotionManager::process_popped_location_depth(StarTask)+0x73
V  [libjvm.dylib+0x4c547a]  PSPromotionManager::drain_stacks_depth(bool)+0x8a
V  [libjvm.dylib+0x4c9187]  StealTask::do_it(GCTaskManager*, unsigned int)+0x9f
V  [libjvm.dylib+0x275c03]  GCTaskThread::run()+0x1a1
V  [libjvm.dylib+0x48933a]  java_start(Thread*)+0xf6
C  [libsystem_pthread.dylib+0x399d]  _pthread_body+0x83
C  [libsystem_pthread.dylib+0x391a]  _pthread_body+0x0
C  [libsystem_pthread.dylib+0x1351]  thread_start+0xd


---------------  P R O C E S S  ---------------

Java Threads: ( => current thread )
  0x00007fce54da6800 JavaThread "pool-3-thread-4" [_thread_blocked, id=27139, stack(0x00007000020fa000,0x00007000021fa000)]
  0x00007fce57eb2800 JavaThread "pool-3-thread-3" [_thread_blocked, id=26627, stack(0x0000700001ff7000,0x00007000020f7000)]
  0x00007fce58aa9800 JavaThread "pool-3-thread-2" [_thread_blocked, id=26115, stack(0x0000700001ef4000,0x0000700001ff4000)]
  0x00007fce54da5800 JavaThread "pool-4-thread-1" [_thread_blocked, id=25603, stack(0x0000700001df1000,0x0000700001ef1000)]
  0x00007fce5872f800 JavaThread "pool-3-thread-1" [_thread_blocked, id=25091, stack(0x0000700001cee000,0x0000700001dee000)]
  0x00007fce58a22000 JavaThread "pool-2-thread-1" [_thread_blocked, id=24839, stack(0x0000700001beb000,0x0000700001ceb000)]
  0x00007fce58280000 JavaThread "Tasks limiter_4" daemon [_thread_blocked, id=24583, stack(0x0000700001ae8000,0x0000700001be8000)]
  0x00007fce58f4c800 JavaThread "Tasks limiter_3" daemon [_thread_blocked, id=24071, stack(0x00007000019e5000,0x0000700001ae5000)]
  0x00007fce58281800 JavaThread "Tasks limiter_2" daemon [_thread_blocked, id=22543, stack(0x00007000018e2000,0x00007000019e2000)]
  0x00007fce5856b000 JavaThread "Tasks limiter_1" daemon [_thread_blocked, id=21003, stack(0x00007000017df000,0x00007000018df000)]
  0x00007fce5844a800 JavaThread "pool-1-thread-2" [_thread_blocked, id=23047, stack(0x00007000016dc000,0x00007000017dc000)]
  0x00007fce550dd800 JavaThread "pool-1-thread-1" [_thread_blocked, id=21515, stack(0x00007000014d6000,0x00007000015d6000)]
  0x00007fce581b8800 JavaThread "File lock request listener" [_thread_in_native, id=22019, stack(0x00007000015d9000,0x00007000016d9000)]
  0x00007fce5326a800 JavaThread "Daemon worker" [_thread_blocked, id=20483, stack(0x00007000013d3000,0x00007000014d3000)]
  0x00007fce541a8800 JavaThread "Cancel handler" [_thread_blocked, id=19971, stack(0x00007000012d0000,0x00007000013d0000)]
  0x00007fce54275800 JavaThread "Handler for socket connection from /127.0.0.1:65376 to /127.0.0.1:49193" [_thread_in_native, id=19459, stack(0x00007000011cd000,0x00007000012cd000)]
  0x00007fce54a4a800 JavaThread "Daemon" [_thread_blocked, id=18947, stack(0x00007000010ca000,0x00007000011ca000)]
  0x00007fce54904000 JavaThread "Incoming local TCP Connector on port 65376" [_thread_in_native, id=12551, stack(0x0000700000fc7000,0x00007000010c7000)]
  0x00007fce5303c000 JavaThread "Service Thread" daemon [_thread_blocked, id=18435, stack(0x0000700000dc1000,0x0000700000ec1000)]
  0x00007fce54033800 JavaThread "C1 CompilerThread2" daemon [_thread_blocked, id=17923, stack(0x0000700000cbe000,0x0000700000dbe000)]
  0x00007fce53820000 JavaThread "C2 CompilerThread1" daemon [_thread_blocked, id=17411, stack(0x0000700000bbb000,0x0000700000cbb000)]
  0x00007fce5381c000 JavaThread "C2 CompilerThread0" daemon [_thread_in_native, id=16899, stack(0x0000700000ab8000,0x0000700000bb8000)]
  0x00007fce54841800 JavaThread "Signal Dispatcher" daemon [_thread_blocked, id=12815, stack(0x00007000009b5000,0x0000700000ab5000)]
  0x00007fce54016800 JavaThread "Finalizer" daemon [_thread_blocked, id=12035, stack(0x000070000082f000,0x000070000092f000)]
  0x00007fce53023800 JavaThread "Reference Handler" daemon [_thread_blocked, id=11523, stack(0x000070000072c000,0x000070000082c000)]
  0x00007fce53007800 JavaThread "main" [_thread_blocked, id=5891, stack(0x000070000011a000,0x000070000021a000)]

Other Threads:
  0x00007fce53818800 VMThread [stack: 0x0000700000629000,0x0000700000729000] [id=4615]
  0x00007fce53828800 WatcherThread [stack: 0x0000700000ec4000,0x0000700000fc4000] [id=13575]

=>0x00007fce53801800 (exited) GCTaskThread [stack: 0x0000700000423000,0x0000700000523000] [id=10243]

VM state:at safepoint (normal execution)

VM Mutex/Monitor currently owned by a thread:  ([mutex/lock_event])
[0x00007fce52c01c40] Threads_lock - owner thread: 0x00007fce53818800
[0x00007fce52c02140] Heap_lock - owner thread: 0x00007fce57eb2800

Heap:
 PSYoungGen      total 605184K, used 605155K [0x0000000795580000, 0x00000007c0000000, 0x00000007c0000000)
  eden space 560640K, 100% used [0x0000000795580000,0x00000007b7900000,0x00000007b7900000)
  from space 44544K, 99% used [0x00000007bd480000,0x00000007bfff8f08,0x00000007c0000000)
  to   space 69120K, 99% used [0x00000007b7900000,0x00000007bbc7a608,0x00000007bbc80000)
 ParOldGen       total 273920K, used 273351K [0x0000000740000000, 0x0000000750b80000, 0x0000000795580000)
  object space 273920K, 99% used [0x0000000740000000,0x0000000750af1d30,0x0000000750b80000)
 Metaspace       used 62861K, capacity 64050K, committed 64256K, reserved 1105920K
  class space    used 8261K, capacity 8621K, committed 8704K, reserved 1048576K

Card table byte_map: [0x00000001127a3000,0x0000000112ba4000] byte_map_base: 0x000000010eda3000

Marking Bits: (ParMarkBitMap*) 0x0000000102cedd20
 Begin Bits: [0x0000000112e4f000, 0x0000000114e4f000)
 End Bits:   [0x0000000114e4f000, 0x0000000116e4f000)

Polling page: 0x0000000101bf9000

CodeCache: size=245760Kb used=45787Kb max_used=45812Kb free=199972Kb
 bounds [0x00000001033e3000, 0x0000000106163000, 0x00000001123e3000]
 total_blobs=14435 nmethods=13700 adapters=646
 compilation: enabled

Compilation events (10 events):
Event: 778.530 Thread 0x00007fce54033800 19211   !   2       java.util.concurrent.ConcurrentHashMap::putVal (362 bytes)
Event: 778.532 Thread 0x00007fce54033800 nmethod 19211 0x00000001059c0c90 code [0x00000001059c0ea0, 0x00000001059c1af8]
Event: 778.532 Thread 0x00007fce54033800 19210       2       java.util.concurrent.ConcurrentHashMap$TreeBin::balanceInsertion (245 bytes)
Event: 778.534 Thread 0x00007fce54033800 nmethod 19210 0x000000010350f3d0 code [0x000000010350f5c0, 0x000000010350fbb8]
Event: 778.534 Thread 0x00007fce54033800 19212       1       java.util.concurrent.ThreadPoolExecutor::afterExecute (1 bytes)
Event: 778.534 Thread 0x00007fce54033800 nmethod 19212 0x000000010548e450 code [0x000000010548e5a0, 0x000000010548e6b0]
Event: 778.550 Thread 0x00007fce54033800 19214       2       com.android.dx.rop.cst.CstString::compareTo0 (15 bytes)
Event: 778.550 Thread 0x00007fce54033800 nmethod 19214 0x00000001056dde50 code [0x00000001056ddfc0, 0x00000001056de188]
Event: 778.628 Thread 0x00007fce54033800 19215   !   2       java.util.concurrent.ThreadPoolExecutor::addWorker (292 bytes)
Event: 778.631 Thread 0x00007fce54033800 nmethod 19215 0x0000000105b2e410 code [0x0000000105b2e640, 0x0000000105b2eee8]

GC Heap History (10 events):
Event: 734.295 GC heap after
Heap after GC invocations=55 (full 5):
 PSYoungGen      total 610816K, used 17663K [0x0000000795580000, 0x00000007bd980000, 0x00000007c0000000)
  eden space 570368K, 0% used [0x0000000795580000,0x0000000795580000,0x00000007b8280000)
  from space 40448K, 43% used [0x00000007bb200000,0x00000007bc33fea0,0x00000007bd980000)
  to   space 44544K, 0% used [0x00000007b8280000,0x00000007b8280000,0x00000007bae00000)
 ParOldGen       total 261632K, used 179068K [0x0000000740000000, 0x000000074ff80000, 0x0000000795580000)
  object space 261632K, 68% used [0x0000000740000000,0x000000074aedf390,0x000000074ff80000)
 Metaspace       used 59651K, capacity 60782K, committed 61184K, reserved 1101824K
  class space    used 7991K, capacity 8327K, committed 8448K, reserved 1048576K
}
Event: 747.884 GC heap before
{Heap before GC invocations=56 (full 5):
 PSYoungGen      total 610816K, used 588031K [0x0000000795580000, 0x00000007bd980000, 0x00000007c0000000)
  eden space 570368K, 100% used [0x0000000795580000,0x00000007b8280000,0x00000007b8280000)
  from space 40448K, 43% used [0x00000007bb200000,0x00000007bc33fea0,0x00000007bd980000)
  to   space 44544K, 0% used [0x00000007b8280000,0x00000007b8280000,0x00000007bae00000)
 ParOldGen       total 261632K, used 179068K [0x0000000740000000, 0x000000074ff80000, 0x0000000795580000)
  object space 261632K, 68% used [0x0000000740000000,0x000000074aedf390,0x000000074ff80000)
 Metaspace       used 59912K, capacity 61070K, committed 61440K, reserved 1101824K
  class space    used 8027K, capacity 8359K, committed 8448K, reserved 1048576K
Event: 747.948 GC heap after
Heap after GC invocations=56 (full 5):
 PSYoungGen      total 614912K, used 20283K [0x0000000795580000, 0x00000007be880000, 0x00000007c0000000)
  eden space 570368K, 0% used [0x0000000795580000,0x0000000795580000,0x00000007b8280000)
  from space 44544K, 45% used [0x00000007b8280000,0x00000007b964ec50,0x00000007bae00000)
  to   space 42496K, 0% used [0x00000007bbf00000,0x00000007bbf00000,0x00000007be880000)
 ParOldGen       total 261632K, used 179148K [0x0000000740000000, 0x000000074ff80000, 0x0000000795580000)
  object space 261632K, 68% used [0x0000000740000000,0x000000074aef3390,0x000000074ff80000)
 Metaspace       used 59912K, capacity 61070K, committed 61440K, reserved 1101824K
  class space    used 8027K, capacity 8359K, committed 8448K, reserved 1048576K
}
Event: 755.483 GC heap before
{Heap before GC invocations=57 (full 5):
 PSYoungGen      total 614912K, used 590651K [0x0000000795580000, 0x00000007be880000, 0x00000007c0000000)
  eden space 570368K, 100% used [0x0000000795580000,0x00000007b8280000,0x00000007b8280000)
  from space 44544K, 45% used [0x00000007b8280000,0x00000007b964ec50,0x00000007bae00000)
  to   space 42496K, 0% used [0x00000007bbf00000,0x00000007bbf00000,0x00000007be880000)
 ParOldGen       total 261632K, used 179148K [0x0000000740000000, 0x000000074ff80000, 0x0000000795580000)
  object space 261632K, 68% used [0x0000000740000000,0x000000074aef3390,0x000000074ff80000)
 Metaspace       used 60043K, capacity 61198K, committed 61440K, reserved 1101824K
  class space    used 8031K, capacity 8359K, committed 8448K, reserved 1048576K
Event: 755.561 GC heap after
Heap after GC invocations=57 (full 5):
 PSYoungGen      total 631808K, used 26006K [0x0000000795580000, 0x00000007bea00000, 0x00000007c0000000)
  eden space 589312K, 0% used [0x0000000795580000,0x0000000795580000,0x00000007b9500000)
  from space 42496K, 61% used [0x00000007bbf00000,0x00000007bd865890,0x00000007be880000)
  to   space 43008K, 0% used [0x00000007b9500000,0x00000007b9500000,0x00000007bbf00000)
 ParOldGen       total 261632K, used 179220K [0x0000000740000000, 0x000000074ff80000, 0x0000000795580000)
  object space 261632K, 68% used [0x0000000740000000,0x000000074af05390,0x000000074ff80000)
 Metaspace       used 60043K, capacity 61198K, committed 61440K, reserved 1101824K
  class space    used 8031K, capacity 8359K, committed 8448K, reserved 1048576K
}
Event: 759.149 GC heap before
{Heap before GC invocations=58 (full 5):
 PSYoungGen      total 631808K, used 615318K [0x0000000795580000, 0x00000007bea00000, 0x00000007c0000000)
  eden space 589312K, 100% used [0x0000000795580000,0x00000007b9500000,0x00000007b9500000)
  from space 42496K, 61% used [0x00000007bbf00000,0x00000007bd865890,0x00000007be880000)
  to   space 43008K, 0% used [0x00000007b9500000,0x00000007b9500000,0x00000007bbf00000)
 ParOldGen       total 261632K, used 179220K [0x0000000740000000, 0x000000074ff80000, 0x0000000795580000)
  object space 261632K, 68% used [0x0000000740000000,0x000000074af05390,0x000000074ff80000)
 Metaspace       used 60050K, capacity 61198K, committed 61440K, reserved 1101824K
  class space    used 8031K, capacity 8359K, committed 8448K, reserved 1048576K
Event: 759.214 GC heap after
Heap after GC invocations=58 (full 5):
 PSYoungGen      total 632320K, used 29488K [0x0000000795580000, 0x00000007c0000000, 0x00000007c0000000)
  eden space 589312K, 0% used [0x0000000795580000,0x0000000795580000,0x00000007b9500000)
  from space 43008K, 68% used [0x00000007b9500000,0x00000007bb1cc010,0x00000007bbf00000)
  to   space 44544K, 0% used [0x00000007bd480000,0x00000007bd480000,0x00000007c0000000)
 ParOldGen       total 261632K, used 179364K [0x0000000740000000, 0x000000074ff80000, 0x0000000795580000)
  object space 261632K, 68% used [0x0000000740000000,0x000000074af29390,0x000000074ff80000)
 Metaspace       used 60050K, capacity 61198K, committed 61440K, reserved 1101824K
  class space    used 8031K, capacity 8359K, committed 8448K, reserved 1048576K
}
Event: 774.966 GC heap before
{Heap before GC invocations=59 (full 5):
 PSYoungGen      total 632320K, used 618800K [0x0000000795580000, 0x00000007c0000000, 0x00000007c0000000)
  eden space 589312K, 100% used [0x0000000795580000,0x00000007b9500000,0x00000007b9500000)
  from space 43008K, 68% used [0x00000007b9500000,0x00000007bb1cc010,0x00000007bbf00000)
  to   space 44544K, 0% used [0x00000007bd480000,0x00000007bd480000,0x00000007c0000000)
 ParOldGen       total 261632K, used 179364K [0x0000000740000000, 0x000000074ff80000, 0x0000000795580000)
  object space 261632K, 68% used [0x0000000740000000,0x000000074af29390,0x000000074ff80000)
 Metaspace       used 62740K, capacity 63922K, committed 64256K, reserved 1105920K
  class space    used 8260K, capacity 8621K, committed 8704K, reserved 1048576K
Event: 775.184 GC heap after
Heap after GC invocations=59 (full 5):
 PSYoungGen      total 605184K, used 44515K [0x0000000795580000, 0x00000007c0000000, 0x00000007c0000000)
  eden space 560640K, 0% used [0x0000000795580000,0x0000000795580000,0x00000007b7900000)
  from space 44544K, 99% used [0x00000007bd480000,0x00000007bfff8f08,0x00000007c0000000)
  to   space 69120K, 0% used [0x00000007b7900000,0x00000007b7900000,0x00000007bbc80000)
 ParOldGen       total 261632K, used 226869K [0x0000000740000000, 0x000000074ff80000, 0x0000000795580000)
  object space 261632K, 86% used [0x0000000740000000,0x000000074dd8d6d0,0x000000074ff80000)
 Metaspace       used 62740K, capacity 63922K, committed 64256K, reserved 1105920K
  class space    used 8260K, capacity 8621K, committed 8704K, reserved 1048576K
}
Event: 778.639 GC heap before
{Heap before GC invocations=60 (full 5):
 PSYoungGen      total 605184K, used 605155K [0x0000000795580000, 0x00000007c0000000, 0x00000007c0000000)
  eden space 560640K, 100% used [0x0000000795580000,0x00000007b7900000,0x00000007b7900000)
  from space 44544K, 99% used [0x00000007bd480000,0x00000007bfff8f08,0x00000007c0000000)
  to   space 69120K, 0% used [0x00000007b7900000,0x00000007b7900000,0x00000007bbc80000)
 ParOldGen       total 261632K, used 226869K [0x0000000740000000, 0x000000074ff80000, 0x0000000795580000)
  object space 261632K, 86% used [0x0000000740000000,0x000000074dd8d6d0,0x000000074ff80000)
 Metaspace       used 62861K, capacity 64050K, committed 64256K, reserved 1105920K
  class space    used 8261K, capacity 8621K, committed 8704K, reserved 1048576K

Deoptimization events (10 events):
Event: 774.058 Thread 0x00007fce58a22000 Uncommon trap: reason=bimorphic action=maybe_recompile pc=0x0000000105f2e96c method=com.android.dx.cf.code.BytecodeArray.parseInstruction(ILcom/android/dx/cf/code/BytecodeArray$Visitor;)I @ 1161
Event: 774.058 Thread 0x00007fce58a22000 Uncommon trap: reason=bimorphic action=maybe_recompile pc=0x0000000105f2e96c method=com.android.dx.cf.code.BytecodeArray.parseInstruction(ILcom/android/dx/cf/code/BytecodeArray$Visitor;)I @ 1161
Event: 774.058 Thread 0x00007fce58a22000 Uncommon trap: reason=bimorphic action=maybe_recompile pc=0x0000000105f2e96c method=com.android.dx.cf.code.BytecodeArray.parseInstruction(ILcom/android/dx/cf/code/BytecodeArray$Visitor;)I @ 1161
Event: 774.433 Thread 0x00007fce5872f800 Uncommon trap: reason=unstable_if action=reinterpret pc=0x00000001053ef2c4 method=java.util.HashMap.putVal(ILjava/lang/Object;Ljava/lang/Object;ZZ)Ljava/lang/Object; @ 162
Event: 774.434 Thread 0x00007fce5872f800 Uncommon trap: reason=unstable_if action=reinterpret pc=0x00000001039b0cb0 method=java.util.HashMap.getNode(ILjava/lang/Object;)Ljava/util/HashMap$Node; @ 84
Event: 774.434 Thread 0x00007fce5872f800 Uncommon trap: reason=unstable_if action=reinterpret pc=0x0000000103994488 method=java.util.HashMap.getNode(ILjava/lang/Object;)Ljava/util/HashMap$Node; @ 84
Event: 774.780 Thread 0x00007fce58a22000 Uncommon trap: reason=unstable_if action=reinterpret pc=0x00000001055c0fdc method=java.util.concurrent.ConcurrentHashMap.putVal(Ljava/lang/Object;Ljava/lang/Object;Z)Ljava/lang/Object; @ 331
Event: 778.369 Thread 0x00007fce57eb2800 Uncommon trap: reason=unstable_if action=reinterpret pc=0x00000001060ff4ec method=com.android.dx.cf.code.ByteCatchList.typeNotFound(Lcom/android/dx/cf/code/ByteCatchList$Item;[Lcom/android/dx/cf/code/ByteCatchList$Item;I)Z @ 34
Event: 778.385 Thread 0x00007fce57eb2800 Uncommon trap: reason=unstable_if action=reinterpret pc=0x0000000105642898 method=java.util.BitSet.clone()Ljava/lang/Object; @ 4
Event: 778.529 Thread 0x00007fce58a22000 Uncommon trap: reason=unstable_if action=reinterpret pc=0x0000000106042ddc method=java.util.concurrent.ConcurrentHashMap.putVal(Ljava/lang/Object;Ljava/lang/Object;Z)Ljava/lang/Object; @ 147

Internal exceptions (10 events):
Event: 674.498 Thread 0x00007fce5856b000 Implicit null exception at 0x00000001051de132 to 0x00000001051de221
Event: 674.498 Thread 0x00007fce5856b000 Implicit null exception at 0x000000010444c86f to 0x000000010444c94d
Event: 674.925 Thread 0x00007fce5856b000 Implicit null exception at 0x0000000104f27690 to 0x0000000104f27aa5
Event: 724.788 Thread 0x00007fce5856b000 Implicit null exception at 0x00000001055ffaa6 to 0x0000000105600d7d
Event: 742.147 Thread 0x00007fce5856b000 Implicit null exception at 0x000000010464950c to 0x0000000104649999
Event: 751.516 Thread 0x00007fce5856b000 Implicit null exception at 0x0000000105991e1e to 0x0000000105992401
Event: 751.516 Thread 0x00007fce5856b000 Implicit null exception at 0x0000000104e2d661 to 0x0000000104e2da8d
Event: 751.517 Thread 0x00007fce5856b000 Implicit null exception at 0x00000001059de7d9 to 0x00000001059df349
Event: 760.040 Thread 0x00007fce5326a800 Implicit null exception at 0x00000001049e1869 to 0x00000001049e1f25
Event: 767.721 Thread 0x00007fce5326a800 Exception <a 'java/lang/NoSuchMethodError': <clinit>> (0x000000079a6fdeb0) thrown at [/HUDSON3/workspace/8-2-build-macosx-x86_64/jdk8u101/7261/hotspot/src/share/vm/prims/jni.cpp, line 1613]

Events (10 events):
Event: 778.608 Thread 0x00007fce57eb2800 DEOPT UNPACKING pc=0x000000010342a633 sp=0x00007000020f5c08 mode 0
Event: 778.609 Thread 0x00007fce58aa9800 DEOPT PACKING pc=0x0000000105ccf0d0 sp=0x0000700001ff2e80
Event: 778.609 Thread 0x00007fce58aa9800 DEOPT UNPACKING pc=0x000000010342a633 sp=0x0000700001ff2c80 mode 0
Event: 778.621 Thread 0x00007fce58a22000 DEOPT PACKING pc=0x00000001059bcde4 sp=0x0000700001ce9340
Event: 778.622 Thread 0x00007fce58a22000 DEOPT UNPACKING pc=0x000000010342a633 sp=0x0000700001ce90c8 mode 0
Event: 778.625 Thread 0x00007fce58a22000 DEOPT PACKING pc=0x0000000105ccf0d0 sp=0x0000700001ce9450
Event: 778.626 Thread 0x00007fce58a22000 DEOPT UNPACKING pc=0x000000010342a633 sp=0x0000700001ce9250 mode 0
Event: 778.627 Thread 0x00007fce57eb2800 DEOPT PACKING pc=0x00000001056da49b sp=0x00007000020f5de0
Event: 778.627 Thread 0x00007fce57eb2800 DEOPT UNPACKING pc=0x000000010342a633 sp=0x00007000020f5b58 mode 0
Event: 778.639 Executing VM operation: ParallelGCFailedAllocation


Dynamic libraries:
0x00000000047e9000 	/System/Library/Frameworks/Cocoa.framework/Versions/A/Cocoa
0x00000000047e9000 	/System/Library/Frameworks/Security.framework/Versions/A/Security
0x00000000047e9000 	/System/Library/Frameworks/ApplicationServices.framework/Versions/A/ApplicationServices
0x00000000047e9000 	/usr/lib/libz.1.dylib
0x00000000047e9000 	/usr/lib/libSystem.B.dylib
0x00000000047e9000 	/usr/lib/libobjc.A.dylib
0x00000000047e9000 	/System/Library/Frameworks/CoreFoundation.framework/Versions/A/CoreFoundation
0x00000000047e9000 	/System/Library/Frameworks/Foundation.framework/Versions/C/Foundation
0x00000000047e9000 	/System/Library/Frameworks/AppKit.framework/Versions/C/AppKit
0x00000000047e9000 	/System/Library/Frameworks/CoreData.framework/Versions/A/CoreData
0x00000000047e9000 	/System/Library/PrivateFrameworks/RemoteViewServices.framework/Versions/A/RemoteViewServices
0x00000000047e9000 	/System/Library/PrivateFrameworks/UIFoundation.framework/Versions/A/UIFoundation
0x00000000047e9000 	/usr/lib/libScreenReader.dylib
0x00000000047e9000 	/System/Library/Frameworks/Accelerate.framework/Versions/A/Accelerate
0x00000000047e9000 	/System/Library/Frameworks/IOSurface.framework/Versions/A/IOSurface
0x00000000047e9000 	/System/Library/Frameworks/AudioToolbox.framework/Versions/A/AudioToolbox
0x00000000047e9000 	/System/Library/Frameworks/AudioUnit.framework/Versions/A/AudioUnit
0x00000000047e9000 	/System/Library/PrivateFrameworks/DataDetectorsCore.framework/Versions/A/DataDetectorsCore
0x00000000047e9000 	/System/Library/PrivateFrameworks/DesktopServicesPriv.framework/Versions/A/DesktopServicesPriv
0x00000000047e9000 	/System/Library/Frameworks/Carbon.framework/Versions/A/Frameworks/HIToolbox.framework/Versions/A/HIToolbox
0x00000000047e9000 	/System/Library/Frameworks/QuartzCore.framework/Versions/A/QuartzCore
0x00000000047e9000 	/System/Library/Frameworks/Carbon.framework/Versions/A/Frameworks/SpeechRecognition.framework/Versions/A/SpeechRecognition
0x00000000047e9000 	/usr/lib/libauto.dylib
0x00000000047e9000 	/usr/lib/libicucore.A.dylib
0x00000000047e9000 	/usr/lib/libxml2.2.dylib
0x00000000047e9000 	/System/Library/PrivateFrameworks/CoreUI.framework/Versions/A/CoreUI
0x00000000047e9000 	/System/Library/Frameworks/CoreAudio.framework/Versions/A/CoreAudio
0x00000000047e9000 	/System/Library/Frameworks/DiskArbitration.framework/Versions/A/DiskArbitration
0x00000000047e9000 	/usr/lib/liblangid.dylib
0x00000000047e9000 	/System/Library/PrivateFrameworks/MultitouchSupport.framework/Versions/A/MultitouchSupport
0x00000000047e9000 	/System/Library/Frameworks/IOKit.framework/Versions/A/IOKit
0x00000000047e9000 	/usr/lib/libDiagnosticMessagesClient.dylib
0x00000000047e9000 	/System/Library/Frameworks/CoreServices.framework/Versions/A/CoreServices
0x00000000047e9000 	/System/Library/PrivateFrameworks/PerformanceAnalysis.framework/Versions/A/PerformanceAnalysis
0x00000000047e9000 	/System/Library/PrivateFrameworks/GenerationalStorage.framework/Versions/A/GenerationalStorage
0x00000000047e9000 	/System/Library/Frameworks/OpenGL.framework/Versions/A/OpenGL
0x00000000047e9000 	/System/Library/PrivateFrameworks/Sharing.framework/Versions/A/Sharing
0x00000000047e9000 	/System/Library/Frameworks/CoreGraphics.framework/Versions/A/CoreGraphics
0x00000000047e9000 	/System/Library/Frameworks/CoreImage.framework/Versions/A/CoreImage
0x00000000047e9000 	/System/Library/Frameworks/CoreText.framework/Versions/A/CoreText
0x00000000047e9000 	/System/Library/Frameworks/ImageIO.framework/Versions/A/ImageIO
0x00000000047e9000 	/System/Library/PrivateFrameworks/Backup.framework/Versions/A/Backup
0x00000000047e9000 	/usr/lib/libextension.dylib
0x00000000047e9000 	/usr/lib/libarchive.2.dylib
0x00000000047e9000 	/System/Library/Frameworks/CFNetwork.framework/Versions/A/CFNetwork
0x00000000047e9000 	/System/Library/Frameworks/SystemConfiguration.framework/Versions/A/SystemConfiguration
0x00000000047e9000 	/usr/lib/libCRFSuite.dylib
0x00000000047e9000 	/usr/lib/libc++.1.dylib
0x00000000047e9000 	/usr/lib/libc++abi.dylib
0x00000000047e9000 	/usr/lib/system/libcache.dylib
0x00000000047e9000 	/usr/lib/system/libcommonCrypto.dylib
0x00000000047e9000 	/usr/lib/system/libcompiler_rt.dylib
0x00000000047e9000 	/usr/lib/system/libcopyfile.dylib
0x00000000047e9000 	/usr/lib/system/libcorecrypto.dylib
0x00000000047e9000 	/usr/lib/system/libdispatch.dylib
0x00000000047e9000 	/usr/lib/system/libdyld.dylib
0x00000000047e9000 	/usr/lib/system/libkeymgr.dylib
0x00000000047e9000 	/usr/lib/system/liblaunch.dylib
0x00000000047e9000 	/usr/lib/system/libmacho.dylib
0x00000000047e9000 	/usr/lib/system/libquarantine.dylib
0x00000000047e9000 	/usr/lib/system/libremovefile.dylib
0x00000000047e9000 	/usr/lib/system/libsystem_asl.dylib
0x00000000047e9000 	/usr/lib/system/libsystem_blocks.dylib
0x00000000047e9000 	/usr/lib/system/libsystem_c.dylib
0x00000000047e9000 	/usr/lib/system/libsystem_configuration.dylib
0x00000000047e9000 	/usr/lib/system/libsystem_coreservices.dylib
0x00000000047e9000 	/usr/lib/system/libsystem_coretls.dylib
0x00000000047e9000 	/usr/lib/system/libsystem_dnssd.dylib
0x00000000047e9000 	/usr/lib/system/libsystem_info.dylib
0x00000000047e9000 	/usr/lib/system/libsystem_kernel.dylib
0x00000000047e9000 	/usr/lib/system/libsystem_m.dylib
0x00000000047e9000 	/usr/lib/system/libsystem_malloc.dylib
0x00000000047e9000 	/usr/lib/system/libsystem_network.dylib
0x00000000047e9000 	/usr/lib/system/libsystem_networkextension.dylib
0x00000000047e9000 	/usr/lib/system/libsystem_notify.dylib
0x00000000047e9000 	/usr/lib/system/libsystem_platform.dylib
0x00000000047e9000 	/usr/lib/system/libsystem_pthread.dylib
0x00000000047e9000 	/usr/lib/system/libsystem_sandbox.dylib
0x00000000047e9000 	/usr/lib/system/libsystem_secinit.dylib
0x00000000047e9000 	/usr/lib/system/libsystem_trace.dylib
0x00000000047e9000 	/usr/lib/system/libunc.dylib
0x00000000047e9000 	/usr/lib/system/libunwind.dylib
0x00000000047e9000 	/usr/lib/system/libxpc.dylib
0x00000000047e9000 	/usr/lib/libenergytrace.dylib
0x00000000047e9000 	/usr/lib/libbsm.0.dylib
0x00000000047e9000 	/usr/lib/system/libkxld.dylib
0x00000000047e9000 	/usr/lib/libxar.1.dylib
0x00000000047e9000 	/usr/lib/libsqlite3.dylib
0x00000000047e9000 	/usr/lib/libpam.2.dylib
0x00000000047e9000 	/usr/lib/libOpenScriptingUtil.dylib
0x00000000047e9000 	/usr/lib/libbz2.1.0.dylib
0x00000000047e9000 	/usr/lib/liblzma.5.dylib
0x00000000047e9000 	/System/Library/Frameworks/CoreServices.framework/Versions/A/Frameworks/FSEvents.framework/Versions/A/FSEvents
0x00000000047e9000 	/System/Library/Frameworks/CoreServices.framework/Versions/A/Frameworks/CarbonCore.framework/Versions/A/CarbonCore
0x00000000047e9000 	/System/Library/Frameworks/CoreServices.framework/Versions/A/Frameworks/Metadata.framework/Versions/A/Metadata
0x00000000047e9000 	/System/Library/Frameworks/CoreServices.framework/Versions/A/Frameworks/OSServices.framework/Versions/A/OSServices
0x00000000047e9000 	/System/Library/Frameworks/CoreServices.framework/Versions/A/Frameworks/SearchKit.framework/Versions/A/SearchKit
0x00000000047e9000 	/System/Library/Frameworks/CoreServices.framework/Versions/A/Frameworks/AE.framework/Versions/A/AE
0x00000000047e9000 	/System/Library/Frameworks/CoreServices.framework/Versions/A/Frameworks/LaunchServices.framework/Versions/A/LaunchServices
0x00000000047e9000 	/System/Library/Frameworks/CoreServices.framework/Versions/A/Frameworks/DictionaryServices.framework/Versions/A/DictionaryServices
0x00000000047e9000 	/System/Library/Frameworks/CoreServices.framework/Versions/A/Frameworks/SharedFileList.framework/Versions/A/SharedFileList
0x00000000047e9000 	/System/Library/Frameworks/NetFS.framework/Versions/A/NetFS
0x00000000047e9000 	/System/Library/PrivateFrameworks/NetAuth.framework/Versions/A/NetAuth
0x00000000047e9000 	/System/Library/PrivateFrameworks/login.framework/Versions/A/Frameworks/loginsupport.framework/Versions/A/loginsupport
0x00000000047e9000 	/System/Library/PrivateFrameworks/TCC.framework/Versions/A/TCC
0x00000000047e9000 	/usr/lib/libmecabra.dylib
0x00000000047e9000 	/System/Library/Frameworks/ApplicationServices.framework/Versions/A/Frameworks/ATS.framework/Versions/A/ATS
0x00000000047e9000 	/System/Library/Frameworks/ApplicationServices.framework/Versions/A/Frameworks/ColorSync.framework/Versions/A/ColorSync
0x00000000047e9000 	/System/Library/Frameworks/ApplicationServices.framework/Versions/A/Frameworks/HIServices.framework/Versions/A/HIServices
0x00000000047e9000 	/System/Library/Frameworks/ApplicationServices.framework/Versions/A/Frameworks/LangAnalysis.framework/Versions/A/LangAnalysis
0x00000000047e9000 	/System/Library/Frameworks/ApplicationServices.framework/Versions/A/Frameworks/PrintCore.framework/Versions/A/PrintCore
0x00000000047e9000 	/System/Library/Frameworks/ApplicationServices.framework/Versions/A/Frameworks/QD.framework/Versions/A/QD
0x00000000047e9000 	/System/Library/Frameworks/ApplicationServices.framework/Versions/A/Frameworks/SpeechSynthesis.framework/Versions/A/SpeechSynthesis
0x00000000047e9000 	/System/Library/Frameworks/Metal.framework/Versions/A/Metal
0x00000000047e9000 	/System/Library/Frameworks/Accelerate.framework/Versions/A/Frameworks/vImage.framework/Versions/A/vImage
0x00000000047e9000 	/System/Library/Frameworks/Accelerate.framework/Versions/A/Frameworks/vecLib.framework/Versions/A/vecLib
0x00000000047e9000 	/System/Library/Frameworks/Accelerate.framework/Versions/A/Frameworks/vecLib.framework/Versions/A/libvDSP.dylib
0x00000000047e9000 	/System/Library/Frameworks/Accelerate.framework/Versions/A/Frameworks/vecLib.framework/Versions/A/libvMisc.dylib
0x00000000047e9000 	/System/Library/Frameworks/Accelerate.framework/Versions/A/Frameworks/vecLib.framework/Versions/A/libLAPACK.dylib
0x00000000047e9000 	/System/Library/Frameworks/Accelerate.framework/Versions/A/Frameworks/vecLib.framework/Versions/A/libBLAS.dylib
0x00000000047e9000 	/System/Library/Frameworks/Accelerate.framework/Versions/A/Frameworks/vecLib.framework/Versions/A/libLinearAlgebra.dylib
0x00000000047e9000 	/System/Library/Frameworks/Accelerate.framework/Versions/A/Frameworks/vecLib.framework/Versions/A/libSparseBLAS.dylib
0x00000000047e9000 	/System/Library/PrivateFrameworks/GPUCompiler.framework/libmetal_timestamp.dylib
0x00000000047e9000 	/System/Library/Frameworks/OpenGL.framework/Versions/A/Libraries/libCoreFSCache.dylib
0x00000000047e9000 	/System/Library/PrivateFrameworks/IOAccelerator.framework/Versions/A/IOAccelerator
0x00000000047e9000 	/System/Library/Frameworks/ApplicationServices.framework/Versions/A/Frameworks/ATS.framework/Versions/A/Resources/libFontParser.dylib
0x00000000047e9000 	/System/Library/Frameworks/ApplicationServices.framework/Versions/A/Frameworks/ATS.framework/Versions/A/Resources/libFontRegistry.dylib
0x00000000047e9000 	/System/Library/PrivateFrameworks/AppleVPA.framework/Versions/A/AppleVPA
0x00000000047e9000 	/System/Library/PrivateFrameworks/AppleJPEG.framework/Versions/A/AppleJPEG
0x00000000047e9000 	/System/Library/Frameworks/ImageIO.framework/Versions/A/Resources/libJPEG.dylib
0x00000000047e9000 	/System/Library/Frameworks/ImageIO.framework/Versions/A/Resources/libTIFF.dylib
0x00000000047e9000 	/System/Library/Frameworks/ImageIO.framework/Versions/A/Resources/libPng.dylib
0x00000000047e9000 	/System/Library/Frameworks/ImageIO.framework/Versions/A/Resources/libGIF.dylib
0x00000000047e9000 	/System/Library/Frameworks/ImageIO.framework/Versions/A/Resources/libJP2.dylib
0x00000000047e9000 	/System/Library/Frameworks/ImageIO.framework/Versions/A/Resources/libRadiance.dylib
0x00000000047e9000 	/System/Library/Frameworks/CoreVideo.framework/Versions/A/CoreVideo
0x00000000047e9000 	/System/Library/Frameworks/OpenGL.framework/Versions/A/Libraries/libGLU.dylib
0x00000000047e9000 	/System/Library/Frameworks/OpenGL.framework/Versions/A/Libraries/libGFXShared.dylib
0x00000000047e9000 	/System/Library/Frameworks/OpenGL.framework/Versions/A/Libraries/libGL.dylib
0x00000000047e9000 	/System/Library/Frameworks/OpenGL.framework/Versions/A/Libraries/libGLImage.dylib
0x00000000047e9000 	/System/Library/Frameworks/OpenGL.framework/Versions/A/Libraries/libCVMSPluginSupport.dylib
0x00000000047e9000 	/System/Library/Frameworks/OpenGL.framework/Versions/A/Libraries/libCoreVMClient.dylib
0x00000000047e9000 	/usr/lib/libcompression.dylib
0x00000000047e9000 	/usr/lib/libcups.2.dylib
0x00000000047e9000 	/System/Library/Frameworks/Kerberos.framework/Versions/A/Kerberos
0x00000000047e9000 	/System/Library/Frameworks/GSS.framework/Versions/A/GSS
0x00000000047e9000 	/usr/lib/libresolv.9.dylib
0x00000000047e9000 	/usr/lib/libiconv.2.dylib
0x00000000047e9000 	/System/Library/PrivateFrameworks/Heimdal.framework/Versions/A/Heimdal
0x00000000047e9000 	/usr/lib/libheimdal-asn1.dylib
0x00000000047e9000 	/System/Library/Frameworks/OpenDirectory.framework/Versions/A/OpenDirectory
0x00000000047e9000 	/System/Library/PrivateFrameworks/CommonAuth.framework/Versions/A/CommonAuth
0x00000000047e9000 	/System/Library/Frameworks/OpenDirectory.framework/Versions/A/Frameworks/CFOpenDirectory.framework/Versions/A/CFOpenDirectory
0x00000000047e9000 	/System/Library/Frameworks/SecurityFoundation.framework/Versions/A/SecurityFoundation
0x00000000047e9000 	/System/Library/PrivateFrameworks/LanguageModeling.framework/Versions/A/LanguageModeling
0x00000000047e9000 	/usr/lib/libmarisa.dylib
0x00000000047e9000 	/usr/lib/libChineseTokenizer.dylib
0x00000000047e9000 	/usr/lib/libcmph.dylib
0x00000000047e9000 	/System/Library/Frameworks/ServiceManagement.framework/Versions/A/ServiceManagement
0x00000000047e9000 	/usr/lib/libxslt.1.dylib
0x00000000047e9000 	/System/Library/Frameworks/Carbon.framework/Versions/A/Frameworks/Ink.framework/Versions/A/Ink
0x00000000047e9000 	/usr/lib/libFosl_dynamic.dylib
0x00000000047e9000 	/System/Library/PrivateFrameworks/FaceCore.framework/Versions/A/FaceCore
0x00000000047e9000 	/System/Library/Frameworks/OpenCL.framework/Versions/A/OpenCL
0x00000000047e9000 	/System/Library/PrivateFrameworks/CrashReporterSupport.framework/Versions/A/CrashReporterSupport
0x00000000047e9000 	/System/Library/PrivateFrameworks/IconServices.framework/Versions/A/IconServices
0x00000000047e9000 	/System/Library/PrivateFrameworks/Apple80211.framework/Versions/A/Apple80211
0x00000000047e9000 	/System/Library/Frameworks/CoreWLAN.framework/Versions/A/CoreWLAN
0x00000000047e9000 	/System/Library/Frameworks/IOBluetooth.framework/Versions/A/IOBluetooth
0x00000000047e9000 	/System/Library/PrivateFrameworks/CoreWiFi.framework/Versions/A/CoreWiFi
0x00000000047e9000 	/System/Library/Frameworks/CoreBluetooth.framework/Versions/A/CoreBluetooth
0x00000000047e9000 	/System/Library/PrivateFrameworks/ChunkingLibrary.framework/Versions/A/ChunkingLibrary
0x00000000047e9000 	/System/Library/PrivateFrameworks/DebugSymbols.framework/Versions/A/DebugSymbols
0x00000000047e9000 	/System/Library/PrivateFrameworks/CoreSymbolication.framework/Versions/A/CoreSymbolication
0x00000000047e9000 	/System/Library/PrivateFrameworks/Symbolication.framework/Versions/A/Symbolication
0x00000000047e9000 	/System/Library/PrivateFrameworks/SpeechRecognitionCore.framework/Versions/A/SpeechRecognitionCore
0x0000000102400000 	/Library/Java/JavaVirtualMachines/jdk1.8.0_101.jdk/Contents/Home/jre/lib/server/libjvm.dylib
0x00000000047e9000 	/usr/lib/libstdc++.6.dylib
0x0000000101beb000 	/Library/Java/JavaVirtualMachines/jdk1.8.0_101.jdk/Contents/Home/jre/lib/libverify.dylib
0x000000010339d000 	/Library/Java/JavaVirtualMachines/jdk1.8.0_101.jdk/Contents/Home/jre/lib/libjava.dylib
0x00000001033da000 	/Library/Java/JavaVirtualMachines/jdk1.8.0_101.jdk/Contents/Home/jre/lib/libzip.dylib
0x0000000118d46000 	/System/Library/Frameworks/JavaVM.framework/Frameworks/JavaRuntimeSupport.framework/JavaRuntimeSupport
0x0000000118d61000 	/System/Library/Frameworks/JavaVM.framework/Versions/A/Frameworks/JavaNativeFoundation.framework/Versions/A/JavaNativeFoundation
0x0000000118d76000 	/System/Library/Frameworks/JavaVM.framework/Versions/A/JavaVM
0x00000000047e9000 	/System/Library/Frameworks/Carbon.framework/Versions/A/Carbon
0x0000000118d83000 	/System/Library/PrivateFrameworks/JavaLaunching.framework/Versions/A/JavaLaunching
0x00000000047e9000 	/System/Library/Frameworks/Carbon.framework/Versions/A/Frameworks/CommonPanels.framework/Versions/A/CommonPanels
0x00000000047e9000 	/System/Library/Frameworks/Carbon.framework/Versions/A/Frameworks/Help.framework/Versions/A/Help
0x00000000047e9000 	/System/Library/Frameworks/Carbon.framework/Versions/A/Frameworks/ImageCapture.framework/Versions/A/ImageCapture
0x00000000047e9000 	/System/Library/Frameworks/Carbon.framework/Versions/A/Frameworks/OpenScripting.framework/Versions/A/OpenScripting
0x00000000047e9000 	/System/Library/Frameworks/Carbon.framework/Versions/A/Frameworks/Print.framework/Versions/A/Print
0x00000000047e9000 	/System/Library/Frameworks/Carbon.framework/Versions/A/Frameworks/SecurityHI.framework/Versions/A/SecurityHI
0x000000011a9ee000 	/Library/Java/JavaVirtualMachines/jdk1.8.0_101.jdk/Contents/Home/jre/lib/libnet.dylib
0x000000011aa4d000 	/Library/Java/JavaVirtualMachines/jdk1.8.0_101.jdk/Contents/Home/jre/lib/libnio.dylib
0x000000011aa5d000 	/Users/Micha/.gradle/native/19/osx-amd64/libnative-platform.dylib
0x000000011b361000 	/Library/Java/JavaVirtualMachines/jdk1.8.0_101.jdk/Contents/Home/jre/lib/libmanagement.dylib

VM Arguments:
jvm_args: -Xmx2048M -Dfile.encoding=UTF-8 -Duser.country=DE -Duser.language=de -Duser.variant 
java_command: org.gradle.launcher.daemon.bootstrap.GradleDaemon 2.10
java_class_path (initial): /Users/Micha/.gradle/wrapper/dists/gradle-2.10-all/a4w5fzrkeut1ox71xslb49gst/gradle-2.10/lib/gradle-launcher-2.10.jar
Launcher Type: SUN_STANDARD

Environment Variables:
PATH=/usr/bin:/bin:/usr/sbin:/sbin
SHELL=/bin/bash
DISPLAY=/private/tmp/com.apple.launchd.ulI5bN3BLF/org.macosforge.xquartz:0

Signal Handlers:
SIGSEGV: [libjvm.dylib+0x5af145], sa_mask[0]=11111111011111110111111111111111, sa_flags=SA_ONSTACK|SA_RESTART|SA_SIGINFO
SIGBUS: [libjvm.dylib+0x5af145], sa_mask[0]=11111111011111110111111111111111, sa_flags=SA_RESTART|SA_SIGINFO
SIGFPE: [libjvm.dylib+0x48694c], sa_mask[0]=11111111011111110111111111111111, sa_flags=SA_RESTART|SA_SIGINFO
SIGPIPE: [libjvm.dylib+0x48694c], sa_mask[0]=11111111011111110111111111111111, sa_flags=SA_RESTART|SA_SIGINFO
SIGXFSZ: [libjvm.dylib+0x48694c], sa_mask[0]=11111111011111110111111111111111, sa_flags=SA_RESTART|SA_SIGINFO
SIGILL: [libjvm.dylib+0x48694c], sa_mask[0]=11111111011111110111111111111111, sa_flags=SA_RESTART|SA_SIGINFO
SIGUSR1: SIG_DFL, sa_mask[0]=00000000000000000000000000000000, sa_flags=none
SIGUSR2: [libjvm.dylib+0x48646a], sa_mask[0]=00100000000000000000000000000000, sa_flags=SA_RESTART|SA_SIGINFO
SIGHUP: [libjvm.dylib+0x484a41], sa_mask[0]=11111111011111110111111111111111, sa_flags=SA_RESTART|SA_SIGINFO
SIGINT: [libjvm.dylib+0x484a41], sa_mask[0]=11111111011111110111111111111111, sa_flags=SA_RESTART|SA_SIGINFO
SIGTERM: [libjvm.dylib+0x484a41], sa_mask[0]=11111111011111110111111111111111, sa_flags=SA_RESTART|SA_SIGINFO
SIGQUIT: [libjvm.dylib+0x484a41], sa_mask[0]=11111111011111110111111111111111, sa_flags=SA_RESTART|SA_SIGINFO


---------------  S Y S T E M  ---------------

OS:Bsduname:Darwin 15.5.0 Darwin Kernel Version 15.5.0: Tue Apr 19 18:36:36 PDT 2016; root:xnu-3248.50.21~8/RELEASE_X86_64 x86_64
rlimit: STACK 8192k, CORE 0k, NPROC 709, NOFILE 10240, AS infinity
load average:10.38 8.23 6.89

CPU:total 4 (2 cores per cpu, 2 threads per core) family 6 model 42 stepping 7, cmov, cx8, fxsr, mmx, sse, sse2, sse3, ssse3, sse4.1, sse4.2, popcnt, avx, aes, clmul, ht, tsc, tscinvbit

Memory: 4k page, physical 8388608k(46536k free)

/proc/meminfo:


vm_info: Java HotSpot(TM) 64-Bit Server VM (25.101-b13) for bsd-amd64 JRE (1.8.0_101-b13), built on Jun 22 2016 02:42:15 by "java_re" with gcc 4.2.1 (Based on Apple Inc. build 5658) (LLVM build 2336.11.00)

time: Sun Sep 18 17:24:21 2016
elapsed time: 779 seconds (0d 0h 12m 59s)

