#
# A fatal error has been detected by the Java Runtime Environment:
#
#  SIGSEGV (0xb) at pc=0x00000001062c5fe5, pid=11145, tid=0x0000000000002a03
#
# JRE version: Java(TM) SE Runtime Environment (8.0_101-b13) (build 1.8.0_101-b13)
# Java VM: Java HotSpot(TM) 64-Bit Server VM (25.101-b13 mixed mode bsd-amd64 compressed oops)
# Problematic frame:
# V  [libjvm.dylib+0x4c5fe5]
#
# Failed to write core dump. Core dumps have been disabled. To enable core dumping, try "ulimit -c unlimited" before starting Java again
#
# If you would like to submit a bug report, please visit:
#   http://bugreport.java.com/bugreport/crash.jsp
#

---------------  T H R E A D  ---------------

Current thread (0x00007fa1f2801800):  GCTaskThread [stack: 0x0000700000526000,0x0000700000626000] [id=10755]

siginfo: si_signo: 11 (SIGSEGV), si_code: 1 (SEGV_MAPERR), si_addr: 0x00000101f8056a68

Registers:
RAX=0x00000101f8056a68, RBX=0x00000101f8056a6a, RCX=0x000000000000000d, RDX=0x000000080000000c
RSP=0x0000700000625c70, RBP=0x0000700000625cd0, RSI=0x00000007a99741e0, RDI=0x0000000740b9e3c8
R8 =0x00000001066ee0e0, R9 =0x00000007b5b26440, R10=0x00000007b5b2e440, R11=0x000000000c1b69f8
R12=0x00000001066e3e16, R13=0x00000007b5b2a95d, R14=0x00007fa1f1806140, R15=0x0000000000000001
RIP=0x00000001062c5fe5, EFLAGS=0x0000000000010202, ERR=0x0000000000000004
  TRAPNO=0x000000000000000e

Top of Stack: (sp=0x0000700000625c70)
0x0000700000625c70:   0000000000000012 00000007a99741e0
0x0000700000625c80:   00000007b5b26440 0000000000001000
0x0000700000625c90:   0000700000625cb0 00000001062c8d57
0x0000700000625ca0:   0000000000000045 00000007b5b2a95d
0x0000700000625cb0:   00000001066e3e16 00000007b5b2a95d
0x0000700000625cc0:   00000007b5b2a95c 00007fa1f18061d8
0x0000700000625cd0:   0000700000625cf0 00000001062c64e7
0x0000700000625ce0:   00007fa1f1806140 00007fa1f18061a0
0x0000700000625cf0:   0000700000625d50 00000001062c5507
0x0000700000625d00:   00000001161b3000 00007fa1f34b7000
0x0000700000625d10:   00000007b5b2a95d 0000000003a21001
0x0000700000625d20:   00007fa1f2801800 00007fa1f1608c30
0x0000700000625d30:   0000000000000000 0000000106411a93
0x0000700000625d40:   00007fa1f1806140 0000000000000001
0x0000700000625d50:   0000700000625db0 00000001062c90de
0x0000700000625d60:   0000700000625d80 00000001066cd050
0x0000700000625d70:   0000000000000000 0000700000625d88
0x0000700000625d80:   0000700000625d01 00000001066323e0
0x0000700000625d90:   0000000106632300 00007fa1f1806140
0x0000700000625da0:   00007fa1f2801800 00007fa1f1608c30
0x0000700000625db0:   0000700000625e90 0000000106075c03
0x0000700000625dc0:   0000700000625df0 00007fa1f1703890
0x0000700000625dd0:   00007fa1f17038c0 00007fa1f17038d0
0x0000700000625de0:   00007fa1f1703ca8 00000000000003d8
0x0000700000625df0:   00007fa1f2801800 00007fa1f1703cb0
0x0000700000625e00:   00007fa1f1703cf0 00007fa1f1703d00
0x0000700000625e10:   00007fa1f1703dd8 00000000000000d8
0x0000700000625e20:   0000700000625e30 0000000000000000
0x0000700000625e30:   00007fa1f2801800 00007fa1f1703cb0
0x0000700000625e40:   00007fa1f1703cf0 00007fa1f1703d00
0x0000700000625e50:   00007fa1f1703dd8 00000000000000d8
0x0000700000625e60:   00007fa1f1703ef0 00007fa1f2801800 

Instructions: (pc=0x00000001062c5fe5)
0x00000001062c5fc5:   49 89 fe 48 8b 7d a8 e8 fb 32 ce ff f6 c3 01 4c
0x00000001062c5fd5:   63 f8 74 05 48 89 d8 eb 0a 48 89 d8 48 83 e0 fd
0x00000001062c5fe5:   48 8b 00 c1 e8 03 83 e0 0f 48 8d 0d ab 80 42 00
0x00000001062c5ff5:   3b 01 0f 83 ee 01 00 00 48 8d 05 c4 e2 41 00 48 

Register to memory mapping:

RAX=0x00000101f8056a68 is an unknown value
RBX=0x00000101f8056a6a is an unknown value
RCX=0x000000000000000d is an unknown value
RDX=0x000000080000000c is an unknown value
RSP=0x0000700000625c70 is an unknown value
RBP=0x0000700000625cd0 is an unknown value
RSI=0x00000007a99741e0 is an unknown value
RDI=0x0000000740b9e3c8 is an oop
org.gradle.model.internal.type.ModelType$Simple 
 - klass: 'org/gradle/model/internal/type/ModelType$Simple'
R8 =0x00000001066ee0e0: _ZN10PSScavenge26_young_generation_boundaryE+0 in /Library/Java/JavaVirtualMachines/jdk1.8.0_101.jdk/Contents/Home/jre/lib/server/libjvm.dylib at 0x0000000105e00000
R9 =0x00000007b5b26440 is an oop
[Ljava.lang.Object; 
 - klass: 'java/lang/Object'[]
 - length: 10
R10=0x00000007b5b2e440 is an oop
proguard.classfile.attribute.InnerClassesInfo 
 - klass: 'proguard/classfile/attribute/InnerClassesInfo'
R11=0x000000000c1b69f8 is an unknown value
R12=0x00000001066e3e16: AssumeMP+0 in /Library/Java/JavaVirtualMachines/jdk1.8.0_101.jdk/Contents/Home/jre/lib/server/libjvm.dylib at 0x0000000105e00000
R13=0x00000007b5b2a95d is an unknown value
R14=0x00007fa1f1806140 is an unknown value
R15=0x0000000000000001 is an unknown value


Stack: [0x0000700000526000,0x0000700000626000],  sp=0x0000700000625c70,  free space=1023k
Native frames: (J=compiled Java code, j=interpreted, Vv=VM code, C=native code)
V  [libjvm.dylib+0x4c5fe5]
V  [libjvm.dylib+0x4c64e7]
V  [libjvm.dylib+0x4c5507]
V  [libjvm.dylib+0x4c90de]
V  [libjvm.dylib+0x275c03]
V  [libjvm.dylib+0x48933a]
C  [libsystem_pthread.dylib+0x399d]  _pthread_body+0x83
C  [libsystem_pthread.dylib+0x391a]  _pthread_body+0x0
C  [libsystem_pthread.dylib+0x1351]  thread_start+0xd


---------------  P R O C E S S  ---------------

Java Threads: ( => current thread )
  0x00007fa1f4b24800 JavaThread "Tasks limiter_4" daemon [_thread_blocked, id=25095, stack(0x0000700001ae8000,0x0000700001be8000)]
  0x00007fa1f4bbb800 JavaThread "Tasks limiter_3" daemon [_thread_blocked, id=15135, stack(0x00007000019e5000,0x0000700001ae5000)]
  0x00007fa1f44fb000 JavaThread "Tasks limiter_2" daemon [_thread_blocked, id=20239, stack(0x00007000018e2000,0x00007000019e2000)]
  0x00007fa1f34b7000 JavaThread "Tasks limiter_1" daemon [_thread_blocked, id=24619, stack(0x00007000017df000,0x00007000018df000)]
  0x00007fa1f4f25800 JavaThread "Daemon worker Thread 3" [_thread_blocked, id=24335, stack(0x00007000016dc000,0x00007000017dc000)]
  0x00007fa1f1a6a800 JavaThread "Cancel handler" [_thread_blocked, id=20747, stack(0x0000700001353000,0x0000700001453000)]
  0x00007fa1f6ae8800 JavaThread "Handler for socket connection from /127.0.0.1:50945 to /127.0.0.1:58178" [_thread_in_native, id=24843, stack(0x0000700001250000,0x0000700001350000)]
  0x00007fa1f1a55000 JavaThread "Daemon Thread 3" [_thread_blocked, id=13595, stack(0x000070000114d000,0x000070000124d000)]
  0x00007fa1f411c000 JavaThread "pool-1-thread-1" [_thread_blocked, id=21003, stack(0x00007000014d6000,0x00007000015d6000)]
  0x00007fa1f57ef000 JavaThread "File lock request listener" [_thread_in_native, id=22019, stack(0x00007000015d9000,0x00007000016d9000)]
  0x00007fa1f2ae7800 JavaThread "Incoming local TCP Connector on port 50945" [_thread_in_native, id=12551, stack(0x0000700000fc7000,0x00007000010c7000)]
  0x00007fa1f3044800 JavaThread "Service Thread" daemon [_thread_blocked, id=18435, stack(0x0000700000dc1000,0x0000700000ec1000)]
  0x00007fa1f3031800 JavaThread "C1 CompilerThread2" daemon [_thread_blocked, id=17923, stack(0x0000700000cbe000,0x0000700000dbe000)]
  0x00007fa1f2835800 JavaThread "C2 CompilerThread1" daemon [_thread_in_native, id=17411, stack(0x0000700000bbb000,0x0000700000cbb000)]
  0x00007fa1f2828000 JavaThread "C2 CompilerThread0" daemon [_thread_blocked, id=16899, stack(0x0000700000ab8000,0x0000700000bb8000)]
  0x00007fa1f2015800 JavaThread "Signal Dispatcher" daemon [_thread_blocked, id=12815, stack(0x00007000009b5000,0x0000700000ab5000)]
  0x00007fa1f280a000 JavaThread "Finalizer" daemon [_thread_blocked, id=12035, stack(0x000070000082f000,0x000070000092f000)]
  0x00007fa1f302e800 JavaThread "Reference Handler" daemon [_thread_blocked, id=11523, stack(0x000070000072c000,0x000070000082c000)]
  0x00007fa1f180b000 JavaThread "main" [_thread_blocked, id=5891, stack(0x000070000011a000,0x000070000021a000)]

Other Threads:
  0x00007fa1f2007800 VMThread [stack: 0x0000700000629000,0x0000700000729000] [id=4871]
  0x00007fa1f1825000 WatcherThread [stack: 0x0000700000ec4000,0x0000700000fc4000] [id=18947]

=>0x00007fa1f2801800 (exited) GCTaskThread [stack: 0x0000700000526000,0x0000700000626000] [id=10755]

VM state:at safepoint (normal execution)

VM Mutex/Monitor currently owned by a thread:  ([mutex/lock_event])
[0x00007fa1f1402f20] Threads_lock - owner thread: 0x00007fa1f2007800
[0x00007fa1f1403420] Heap_lock - owner thread: 0x00007fa1f34b7000

Heap:
 PSYoungGen      total 416768K, used 416661K [0x0000000795580000, 0x00000007bfd00000, 0x00000007c0000000)
  eden space 310784K, 100% used [0x0000000795580000,0x00000007a8500000,0x00000007a8500000)
  from space 105984K, 99% used [0x00000007a8500000,0x00000007aec65558,0x00000007aec80000)
  to   space 192512K, 36% used [0x00000007b4100000,0x00000007b859ace8,0x00000007bfd00000)
 ParOldGen       total 623104K, used 67613K [0x0000000740000000, 0x0000000766080000, 0x0000000795580000)
  object space 623104K, 10% used [0x0000000740000000,0x00000007442074d0,0x0000000766080000)
 Metaspace       used 62464K, capacity 63984K, committed 64384K, reserved 1105920K
  class space    used 8080K, capacity 8458K, committed 8576K, reserved 1048576K

Card table byte_map: [0x0000000116192000,0x0000000116593000] byte_map_base: 0x0000000112792000

Marking Bits: (ParMarkBitMap*) 0x00000001066edd20
 Begin Bits: [0x000000011683e000, 0x000000011883e000)
 End Bits:   [0x000000011883e000, 0x000000011a83e000)

Polling page: 0x00000001055e6000

CodeCache: size=245760Kb used=51873Kb max_used=51993Kb free=193886Kb
 bounds [0x0000000106dd2000, 0x000000010a132000, 0x0000000115dd2000]
 total_blobs=15013 nmethods=14278 adapters=646
 compilation: enabled

Compilation events (10 events):
Event: 6807.002 Thread 0x00007fa1f3031800 18608       3       proguard.optimize.evaluation.PartialEvaluator::initializeParameters (89 bytes)
Event: 6807.005 Thread 0x00007fa1f3031800 nmethod 18608 0x00000001098814d0 code [0x0000000109881720, 0x0000000109882678]
Event: 6807.057 Thread 0x00007fa1f3031800 18609       2       proguard.optimize.evaluation.SimpleEnumUseChecker::markComplexEnumType (20 bytes)
Event: 6807.057 Thread 0x00007fa1f3031800 nmethod 18609 0x000000010848b690 code [0x000000010848b800, 0x000000010848b9b8]
Event: 6807.068 Thread 0x00007fa1f3031800 18610       3       proguard.optimize.evaluation.PartialEvaluator::generalizeVariables (128 bytes)
Event: 6807.070 Thread 0x00007fa1f3031800 nmethod 18610 0x000000010a08c050 code [0x000000010a08c280, 0x000000010a08cd38]
Event: 6807.165 Thread 0x00007fa1f3031800 18611       2       proguard.optimize.evaluation.SimpleEnumUseChecker::markPushedComplexEnumType (22 bytes)
Event: 6807.165 Thread 0x00007fa1f3031800 nmethod 18611 0x0000000109a47490 code [0x0000000109a47620, 0x0000000109a47868]
Event: 6807.165 Thread 0x00007fa1f3031800 18612       2       proguard.optimize.evaluation.PartialEvaluator::getStackAfter (7 bytes)
Event: 6807.166 Thread 0x00007fa1f3031800 nmethod 18612 0x0000000109af2010 code [0x0000000109af2180, 0x0000000109af22f0]

GC Heap History (10 events):
Event: 6774.849 GC heap after
Heap after GC invocations=69 (full 10):
 PSYoungGen      total 483328K, used 61446K [0x0000000795580000, 0x00000007bd680000, 0x00000007c0000000)
  eden space 299008K, 0% used [0x0000000795580000,0x0000000795580000,0x00000007a7980000)
  from space 184320K, 33% used [0x00000007a7980000,0x00000007ab5818a0,0x00000007b2d80000)
  to   space 172544K, 0% used [0x00000007b2e00000,0x00000007b2e00000,0x00000007bd680000)
 ParOldGen       total 623104K, used 67573K [0x0000000740000000, 0x0000000766080000, 0x0000000795580000)
  object space 623104K, 10% used [0x0000000740000000,0x00000007441fd4d0,0x0000000766080000)
 Metaspace       used 60618K, capacity 62128K, committed 62336K, reserved 1103872K
  class space    used 7826K, capacity 8202K, committed 8320K, reserved 1048576K
}
Event: 6782.728 GC heap before
{Heap before GC invocations=70 (full 10):
 PSYoungGen      total 483328K, used 360454K [0x0000000795580000, 0x00000007bd680000, 0x00000007c0000000)
  eden space 299008K, 100% used [0x0000000795580000,0x00000007a7980000,0x00000007a7980000)
  from space 184320K, 33% used [0x00000007a7980000,0x00000007ab5818a0,0x00000007b2d80000)
  to   space 172544K, 0% used [0x00000007b2e00000,0x00000007b2e00000,0x00000007bd680000)
 ParOldGen       total 623104K, used 67573K [0x0000000740000000, 0x0000000766080000, 0x0000000795580000)
  object space 623104K, 10% used [0x0000000740000000,0x00000007441fd4d0,0x0000000766080000)
 Metaspace       used 60733K, capacity 62256K, committed 62592K, reserved 1103872K
  class space    used 7839K, capacity 8202K, committed 8320K, reserved 1048576K
Event: 6784.634 GC heap after
Heap after GC invocations=70 (full 10):
 PSYoungGen      total 475648K, used 114046K [0x0000000795580000, 0x00000007bea00000, 0x00000007c0000000)
  eden space 303104K, 0% used [0x0000000795580000,0x0000000795580000,0x00000007a7d80000)
  from space 172544K, 66% used [0x00000007b2e00000,0x00000007b9d5f9e0,0x00000007bd680000)
  to   space 180736K, 0% used [0x00000007a7d80000,0x00000007a7d80000,0x00000007b2e00000)
 ParOldGen       total 623104K, used 67581K [0x0000000740000000, 0x0000000766080000, 0x0000000795580000)
  object space 623104K, 10% used [0x0000000740000000,0x00000007441ff4d0,0x0000000766080000)
 Metaspace       used 60733K, capacity 62256K, committed 62592K, reserved 1103872K
  class space    used 7839K, capacity 8202K, committed 8320K, reserved 1048576K
}
Event: 6786.841 GC heap before
{Heap before GC invocations=71 (full 10):
 PSYoungGen      total 475648K, used 417150K [0x0000000795580000, 0x00000007bea00000, 0x00000007c0000000)
  eden space 303104K, 100% used [0x0000000795580000,0x00000007a7d80000,0x00000007a7d80000)
  from space 172544K, 66% used [0x00000007b2e00000,0x00000007b9d5f9e0,0x00000007bd680000)
  to   space 180736K, 0% used [0x00000007a7d80000,0x00000007a7d80000,0x00000007b2e00000)
 ParOldGen       total 623104K, used 67581K [0x0000000740000000, 0x0000000766080000, 0x0000000795580000)
  object space 623104K, 10% used [0x0000000740000000,0x00000007441ff4d0,0x0000000766080000)
 Metaspace       used 61018K, capacity 62544K, committed 62848K, reserved 1103872K
  class space    used 7872K, capacity 8234K, committed 8320K, reserved 1048576K
Event: 6790.620 GC heap after
Heap after GC invocations=71 (full 10):
 PSYoungGen      total 483840K, used 134982K [0x0000000795580000, 0x00000007c0000000, 0x00000007c0000000)
  eden space 303104K, 0% used [0x0000000795580000,0x0000000795580000,0x00000007a7d80000)
  from space 180736K, 74% used [0x00000007a7d80000,0x00000007b0151b78,0x00000007b2e00000)
  to   space 194048K, 0% used [0x00000007b4280000,0x00000007b4280000,0x00000007c0000000)
 ParOldGen       total 623104K, used 67589K [0x0000000740000000, 0x0000000766080000, 0x0000000795580000)
  object space 623104K, 10% used [0x0000000740000000,0x00000007442014d0,0x0000000766080000)
 Metaspace       used 61018K, capacity 62544K, committed 62848K, reserved 1103872K
  class space    used 7872K, capacity 8234K, committed 8320K, reserved 1048576K
}
Event: 6795.557 GC heap before
{Heap before GC invocations=72 (full 10):
 PSYoungGen      total 483840K, used 438086K [0x0000000795580000, 0x00000007c0000000, 0x00000007c0000000)
  eden space 303104K, 100% used [0x0000000795580000,0x00000007a7d80000,0x00000007a7d80000)
  from space 180736K, 74% used [0x00000007a7d80000,0x00000007b0151b78,0x00000007b2e00000)
  to   space 194048K, 0% used [0x00000007b4280000,0x00000007b4280000,0x00000007c0000000)
 ParOldGen       total 623104K, used 67589K [0x0000000740000000, 0x0000000766080000, 0x0000000795580000)
  object space 623104K, 10% used [0x0000000740000000,0x00000007442014d0,0x0000000766080000)
 Metaspace       used 61233K, capacity 62704K, committed 62848K, reserved 1103872K
  class space    used 7904K, capacity 8266K, committed 8320K, reserved 1048576K
Event: 6795.812 GC heap after
Heap after GC invocations=72 (full 10):
 PSYoungGen      total 504832K, used 105902K [0x0000000795580000, 0x00000007c0000000, 0x00000007c0000000)
  eden space 310784K, 0% used [0x0000000795580000,0x0000000795580000,0x00000007a8500000)
  from space 194048K, 54% used [0x00000007b4280000,0x00000007ba9ebac0,0x00000007c0000000)
  to   space 194048K, 0% used [0x00000007a8500000,0x00000007a8500000,0x00000007b4280000)
 ParOldGen       total 623104K, used 67597K [0x0000000740000000, 0x0000000766080000, 0x0000000795580000)
  object space 623104K, 10% used [0x0000000740000000,0x00000007442034d0,0x0000000766080000)
 Metaspace       used 61233K, capacity 62704K, committed 62848K, reserved 1103872K
  class space    used 7904K, capacity 8266K, committed 8320K, reserved 1048576K
}
Event: 6800.682 GC heap before
{Heap before GC invocations=73 (full 10):
 PSYoungGen      total 504832K, used 416686K [0x0000000795580000, 0x00000007c0000000, 0x00000007c0000000)
  eden space 310784K, 100% used [0x0000000795580000,0x00000007a8500000,0x00000007a8500000)
  from space 194048K, 54% used [0x00000007b4280000,0x00000007ba9ebac0,0x00000007c0000000)
  to   space 194048K, 0% used [0x00000007a8500000,0x00000007a8500000,0x00000007b4280000)
 ParOldGen       total 623104K, used 67597K [0x0000000740000000, 0x0000000766080000, 0x0000000795580000)
  object space 623104K, 10% used [0x0000000740000000,0x00000007442034d0,0x0000000766080000)
 Metaspace       used 61471K, capacity 62928K, committed 63104K, reserved 1103872K
  class space    used 7939K, capacity 8298K, committed 8320K, reserved 1048576K
Event: 6800.875 GC heap after
Heap after GC invocations=73 (full 10):
 PSYoungGen      total 416768K, used 105877K [0x0000000795580000, 0x00000007bfd00000, 0x00000007c0000000)
  eden space 310784K, 0% used [0x0000000795580000,0x0000000795580000,0x00000007a8500000)
  from space 105984K, 99% used [0x00000007a8500000,0x00000007aec65558,0x00000007aec80000)
  to   space 192512K, 0% used [0x00000007b4100000,0x00000007b4100000,0x00000007bfd00000)
 ParOldGen       total 623104K, used 67605K [0x0000000740000000, 0x0000000766080000, 0x0000000795580000)
  object space 623104K, 10% used [0x0000000740000000,0x00000007442054d0,0x0000000766080000)
 Metaspace       used 61471K, capacity 62928K, committed 63104K, reserved 1103872K
  class space    used 7939K, capacity 8298K, committed 8320K, reserved 1048576K
}
Event: 6807.223 GC heap before
{Heap before GC invocations=74 (full 10):
 PSYoungGen      total 416768K, used 416661K [0x0000000795580000, 0x00000007bfd00000, 0x00000007c0000000)
  eden space 310784K, 100% used [0x0000000795580000,0x00000007a8500000,0x00000007a8500000)
  from space 105984K, 99% used [0x00000007a8500000,0x00000007aec65558,0x00000007aec80000)
  to   space 192512K, 0% used [0x00000007b4100000,0x00000007b4100000,0x00000007bfd00000)
 ParOldGen       total 623104K, used 67605K [0x0000000740000000, 0x0000000766080000, 0x0000000795580000)
  object space 623104K, 10% used [0x0000000740000000,0x00000007442054d0,0x0000000766080000)
 Metaspace       used 62464K, capacity 63984K, committed 64384K, reserved 1105920K
  class space    used 8080K, capacity 8458K, committed 8576K, reserved 1048576K

Deoptimization events (10 events):
Event: 6804.206 Thread 0x00007fa1f34b7000 Uncommon trap: reason=unstable_if action=reinterpret pc=0x000000010a0278e0 method=proguard.evaluation.TracedVariables.generalize(Lproguard/evaluation/TracedVariables;Z)Z @ 22
Event: 6804.238 Thread 0x00007fa1f34b7000 Uncommon trap: reason=unstable_if action=reinterpret pc=0x0000000109fee848 method=proguard.evaluation.Variables.generalize(Lproguard/evaluation/Variables;Z)Z @ 110
Event: 6804.919 Thread 0x00007fa1f34b7000 Uncommon trap: reason=null_check action=make_not_entrant pc=0x000000010a08befc method=proguard.evaluation.value.TypedReferenceValue.equals(Ljava/lang/Object;)Z @ 70
Event: 6805.157 Thread 0x00007fa1f34b7000 Uncommon trap: reason=null_check action=make_not_entrant pc=0x000000010a0babe8 method=proguard.evaluation.value.TypedReferenceValue.equals(Ljava/lang/Object;)Z @ 70
Event: 6806.387 Thread 0x00007fa1f34b7000 Uncommon trap: reason=unstable_if action=reinterpret pc=0x000000010a0e9e04 method=proguard.evaluation.Variables.generalize(Lproguard/evaluation/Variables;Z)Z @ 110
Event: 6806.462 Thread 0x00007fa1f34b7000 Uncommon trap: reason=bimorphic action=maybe_recompile pc=0x00000001074c3220 method=proguard.classfile.util.SimplifiedVisitor.visitLibraryClass(Lproguard/classfile/LibraryClass;)V @ 2
Event: 6806.462 Thread 0x00007fa1f34b7000 Uncommon trap: reason=bimorphic action=maybe_recompile pc=0x00000001074c3220 method=proguard.classfile.util.SimplifiedVisitor.visitLibraryClass(Lproguard/classfile/LibraryClass;)V @ 2
Event: 6806.462 Thread 0x00007fa1f34b7000 Uncommon trap: reason=bimorphic action=maybe_recompile pc=0x00000001074c3220 method=proguard.classfile.util.SimplifiedVisitor.visitLibraryClass(Lproguard/classfile/LibraryClass;)V @ 2
Event: 6806.462 Thread 0x00007fa1f34b7000 Uncommon trap: reason=bimorphic action=maybe_recompile pc=0x00000001074c3220 method=proguard.classfile.util.SimplifiedVisitor.visitLibraryClass(Lproguard/classfile/LibraryClass;)V @ 2
Event: 6806.549 Thread 0x00007fa1f34b7000 Uncommon trap: reason=null_check action=make_not_entrant pc=0x00000001097a854c method=proguard.optimize.evaluation.SimpleEnumUseChecker.isPoppingExpectedType(IILjava/lang/String;)Z @ 27

Internal exceptions (10 events):
Event: 6650.979 Thread 0x00007fa1f4f25800 Implicit null exception at 0x000000010855a1c3 to 0x000000010855a7e1
Event: 6750.582 Thread 0x00007fa1f4f25800 Implicit null exception at 0x000000010960d902 to 0x000000010960dfed
Event: 6751.679 Thread 0x00007fa1f4f25800 Implicit null exception at 0x000000010855a5f2 to 0x000000010855b33d
Event: 6763.660 Thread 0x00007fa1f4f25800 Implicit null exception at 0x00000001091049bc to 0x0000000109106739
Event: 6786.454 Thread 0x00007fa1f34b7000 Implicit null exception at 0x0000000109c13c55 to 0x0000000109c13fab
Event: 6790.975 Thread 0x00007fa1f34b7000 Implicit null exception at 0x0000000109b258cc to 0x0000000109b25a69
Event: 6792.362 Thread 0x00007fa1f34b7000 Implicit null exception at 0x0000000109b3f490 to 0x0000000109b3f9d1
Event: 6804.919 Thread 0x00007fa1f34b7000 Implicit null exception at 0x000000010a08bdac to 0x000000010a08beed
Event: 6805.157 Thread 0x00007fa1f34b7000 Implicit null exception at 0x000000010a0b913a to 0x000000010a0babd5
Event: 6806.549 Thread 0x00007fa1f34b7000 Implicit null exception at 0x00000001097a7e3e to 0x00000001097a8535

Events (10 events):
Event: 6806.462 Thread 0x00007fa1f34b7000 DEOPT UNPACKING pc=0x0000000106dd7229 sp=0x00007000018dd700 mode 2
Event: 6806.462 Thread 0x00007fa1f34b7000 Uncommon trap: trap_request=0xffffffc6 fr.pc=0x00000001074c3220
Event: 6806.462 Thread 0x00007fa1f34b7000 DEOPT PACKING pc=0x00000001074c3220 sp=0x00007000018dd740
Event: 6806.462 Thread 0x00007fa1f34b7000 DEOPT UNPACKING pc=0x0000000106dd7229 sp=0x00007000018dd700 mode 2
Event: 6806.549 Thread 0x00007fa1f34b7000 Uncommon trap: trap_request=0xfffffff4 fr.pc=0x00000001097a854c
Event: 6806.549 Thread 0x00007fa1f34b7000 DEOPT PACKING pc=0x00000001097a854c sp=0x00007000018ddd30
Event: 6806.549 Thread 0x00007fa1f34b7000 DEOPT UNPACKING pc=0x0000000106dd7229 sp=0x00007000018ddc50 mode 2
Event: 6807.068 Thread 0x00007fa1f34b7000 DEOPT PACKING pc=0x000000010a0859fe sp=0x00007000018ddba0
Event: 6807.068 Thread 0x00007fa1f34b7000 DEOPT UNPACKING pc=0x0000000106e19633 sp=0x00007000018dd8f8 mode 0
Event: 6807.223 Executing VM operation: ParallelGCFailedAllocation


Dynamic libraries:
0x00000000047e9000 	/System/Library/Frameworks/Cocoa.framework/Versions/A/Cocoa
0x00000000047e9000 	/System/Library/Frameworks/Security.framework/Versions/A/Security
0x00000000047e9000 	/System/Library/Frameworks/ApplicationServices.framework/Versions/A/ApplicationServices
0x00000000047e9000 	/usr/lib/libz.1.dylib
0x00000000047e9000 	/usr/lib/libSystem.B.dylib
0x00000000047e9000 	/usr/lib/libobjc.A.dylib
0x00000000047e9000 	/System/Library/Frameworks/CoreFoundation.framework/Versions/A/CoreFoundation
0x00000000047e9000 	/System/Library/Frameworks/Foundation.framework/Versions/C/Foundation
0x00000000047e9000 	/System/Library/Frameworks/AppKit.framework/Versions/C/AppKit
0x00000000047e9000 	/System/Library/Frameworks/CoreData.framework/Versions/A/CoreData
0x00000000047e9000 	/System/Library/PrivateFrameworks/RemoteViewServices.framework/Versions/A/RemoteViewServices
0x00000000047e9000 	/System/Library/PrivateFrameworks/UIFoundation.framework/Versions/A/UIFoundation
0x00000000047e9000 	/usr/lib/libScreenReader.dylib
0x00000000047e9000 	/System/Library/Frameworks/Accelerate.framework/Versions/A/Accelerate
0x00000000047e9000 	/System/Library/Frameworks/IOSurface.framework/Versions/A/IOSurface
0x00000000047e9000 	/System/Library/Frameworks/AudioToolbox.framework/Versions/A/AudioToolbox
0x00000000047e9000 	/System/Library/Frameworks/AudioUnit.framework/Versions/A/AudioUnit
0x00000000047e9000 	/System/Library/PrivateFrameworks/DataDetectorsCore.framework/Versions/A/DataDetectorsCore
0x00000000047e9000 	/System/Library/PrivateFrameworks/DesktopServicesPriv.framework/Versions/A/DesktopServicesPriv
0x00000000047e9000 	/System/Library/Frameworks/Carbon.framework/Versions/A/Frameworks/HIToolbox.framework/Versions/A/HIToolbox
0x00000000047e9000 	/System/Library/Frameworks/QuartzCore.framework/Versions/A/QuartzCore
0x00000000047e9000 	/System/Library/Frameworks/Carbon.framework/Versions/A/Frameworks/SpeechRecognition.framework/Versions/A/SpeechRecognition
0x00000000047e9000 	/usr/lib/libauto.dylib
0x00000000047e9000 	/usr/lib/libicucore.A.dylib
0x00000000047e9000 	/usr/lib/libxml2.2.dylib
0x00000000047e9000 	/System/Library/PrivateFrameworks/CoreUI.framework/Versions/A/CoreUI
0x00000000047e9000 	/System/Library/Frameworks/CoreAudio.framework/Versions/A/CoreAudio
0x00000000047e9000 	/System/Library/Frameworks/DiskArbitration.framework/Versions/A/DiskArbitration
0x00000000047e9000 	/usr/lib/liblangid.dylib
0x00000000047e9000 	/System/Library/PrivateFrameworks/MultitouchSupport.framework/Versions/A/MultitouchSupport
0x00000000047e9000 	/System/Library/Frameworks/IOKit.framework/Versions/A/IOKit
0x00000000047e9000 	/usr/lib/libDiagnosticMessagesClient.dylib
0x00000000047e9000 	/System/Library/Frameworks/CoreServices.framework/Versions/A/CoreServices
0x00000000047e9000 	/System/Library/PrivateFrameworks/PerformanceAnalysis.framework/Versions/A/PerformanceAnalysis
0x00000000047e9000 	/System/Library/PrivateFrameworks/GenerationalStorage.framework/Versions/A/GenerationalStorage
0x00000000047e9000 	/System/Library/Frameworks/OpenGL.framework/Versions/A/OpenGL
0x00000000047e9000 	/System/Library/PrivateFrameworks/Sharing.framework/Versions/A/Sharing
0x00000000047e9000 	/System/Library/Frameworks/CoreGraphics.framework/Versions/A/CoreGraphics
0x00000000047e9000 	/System/Library/Frameworks/CoreImage.framework/Versions/A/CoreImage
0x00000000047e9000 	/System/Library/Frameworks/CoreText.framework/Versions/A/CoreText
0x00000000047e9000 	/System/Library/Frameworks/ImageIO.framework/Versions/A/ImageIO
0x00000000047e9000 	/System/Library/PrivateFrameworks/Backup.framework/Versions/A/Backup
0x00000000047e9000 	/usr/lib/libextension.dylib
0x00000000047e9000 	/usr/lib/libarchive.2.dylib
0x00000000047e9000 	/System/Library/Frameworks/CFNetwork.framework/Versions/A/CFNetwork
0x00000000047e9000 	/System/Library/Frameworks/SystemConfiguration.framework/Versions/A/SystemConfiguration
0x00000000047e9000 	/usr/lib/libCRFSuite.dylib
0x00000000047e9000 	/usr/lib/libc++.1.dylib
0x00000000047e9000 	/usr/lib/libc++abi.dylib
0x00000000047e9000 	/usr/lib/system/libcache.dylib
0x00000000047e9000 	/usr/lib/system/libcommonCrypto.dylib
0x00000000047e9000 	/usr/lib/system/libcompiler_rt.dylib
0x00000000047e9000 	/usr/lib/system/libcopyfile.dylib
0x00000000047e9000 	/usr/lib/system/libcorecrypto.dylib
0x00000000047e9000 	/usr/lib/system/libdispatch.dylib
0x00000000047e9000 	/usr/lib/system/libdyld.dylib
0x00000000047e9000 	/usr/lib/system/libkeymgr.dylib
0x00000000047e9000 	/usr/lib/system/liblaunch.dylib
0x00000000047e9000 	/usr/lib/system/libmacho.dylib
0x00000000047e9000 	/usr/lib/system/libquarantine.dylib
0x00000000047e9000 	/usr/lib/system/libremovefile.dylib
0x00000000047e9000 	/usr/lib/system/libsystem_asl.dylib
0x00000000047e9000 	/usr/lib/system/libsystem_blocks.dylib
0x00000000047e9000 	/usr/lib/system/libsystem_c.dylib
0x00000000047e9000 	/usr/lib/system/libsystem_configuration.dylib
0x00000000047e9000 	/usr/lib/system/libsystem_coreservices.dylib
0x00000000047e9000 	/usr/lib/system/libsystem_coretls.dylib
0x00000000047e9000 	/usr/lib/system/libsystem_dnssd.dylib
0x00000000047e9000 	/usr/lib/system/libsystem_info.dylib
0x00000000047e9000 	/usr/lib/system/libsystem_kernel.dylib
0x00000000047e9000 	/usr/lib/system/libsystem_m.dylib
0x00000000047e9000 	/usr/lib/system/libsystem_malloc.dylib
0x00000000047e9000 	/usr/lib/system/libsystem_network.dylib
0x00000000047e9000 	/usr/lib/system/libsystem_networkextension.dylib
0x00000000047e9000 	/usr/lib/system/libsystem_notify.dylib
0x00000000047e9000 	/usr/lib/system/libsystem_platform.dylib
0x00000000047e9000 	/usr/lib/system/libsystem_pthread.dylib
0x00000000047e9000 	/usr/lib/system/libsystem_sandbox.dylib
0x00000000047e9000 	/usr/lib/system/libsystem_secinit.dylib
0x00000000047e9000 	/usr/lib/system/libsystem_trace.dylib
0x00000000047e9000 	/usr/lib/system/libunc.dylib
0x00000000047e9000 	/usr/lib/system/libunwind.dylib
0x00000000047e9000 	/usr/lib/system/libxpc.dylib
0x00000000047e9000 	/usr/lib/libenergytrace.dylib
0x00000000047e9000 	/usr/lib/libbsm.0.dylib
0x00000000047e9000 	/usr/lib/system/libkxld.dylib
0x00000000047e9000 	/usr/lib/libxar.1.dylib
0x00000000047e9000 	/usr/lib/libsqlite3.dylib
0x00000000047e9000 	/usr/lib/libpam.2.dylib
0x00000000047e9000 	/usr/lib/libOpenScriptingUtil.dylib
0x00000000047e9000 	/usr/lib/libbz2.1.0.dylib
0x00000000047e9000 	/usr/lib/liblzma.5.dylib
0x00000000047e9000 	/System/Library/Frameworks/CoreServices.framework/Versions/A/Frameworks/FSEvents.framework/Versions/A/FSEvents
0x00000000047e9000 	/System/Library/Frameworks/CoreServices.framework/Versions/A/Frameworks/CarbonCore.framework/Versions/A/CarbonCore
0x00000000047e9000 	/System/Library/Frameworks/CoreServices.framework/Versions/A/Frameworks/Metadata.framework/Versions/A/Metadata
0x00000000047e9000 	/System/Library/Frameworks/CoreServices.framework/Versions/A/Frameworks/OSServices.framework/Versions/A/OSServices
0x00000000047e9000 	/System/Library/Frameworks/CoreServices.framework/Versions/A/Frameworks/SearchKit.framework/Versions/A/SearchKit
0x00000000047e9000 	/System/Library/Frameworks/CoreServices.framework/Versions/A/Frameworks/AE.framework/Versions/A/AE
0x00000000047e9000 	/System/Library/Frameworks/CoreServices.framework/Versions/A/Frameworks/LaunchServices.framework/Versions/A/LaunchServices
0x00000000047e9000 	/System/Library/Frameworks/CoreServices.framework/Versions/A/Frameworks/DictionaryServices.framework/Versions/A/DictionaryServices
0x00000000047e9000 	/System/Library/Frameworks/CoreServices.framework/Versions/A/Frameworks/SharedFileList.framework/Versions/A/SharedFileList
0x00000000047e9000 	/System/Library/Frameworks/NetFS.framework/Versions/A/NetFS
0x00000000047e9000 	/System/Library/PrivateFrameworks/NetAuth.framework/Versions/A/NetAuth
0x00000000047e9000 	/System/Library/PrivateFrameworks/login.framework/Versions/A/Frameworks/loginsupport.framework/Versions/A/loginsupport
0x00000000047e9000 	/System/Library/PrivateFrameworks/TCC.framework/Versions/A/TCC
0x00000000047e9000 	/usr/lib/libmecabra.dylib
0x00000000047e9000 	/System/Library/Frameworks/ApplicationServices.framework/Versions/A/Frameworks/ATS.framework/Versions/A/ATS
0x00000000047e9000 	/System/Library/Frameworks/ApplicationServices.framework/Versions/A/Frameworks/ColorSync.framework/Versions/A/ColorSync
0x00000000047e9000 	/System/Library/Frameworks/ApplicationServices.framework/Versions/A/Frameworks/HIServices.framework/Versions/A/HIServices
0x00000000047e9000 	/System/Library/Frameworks/ApplicationServices.framework/Versions/A/Frameworks/LangAnalysis.framework/Versions/A/LangAnalysis
0x00000000047e9000 	/System/Library/Frameworks/ApplicationServices.framework/Versions/A/Frameworks/PrintCore.framework/Versions/A/PrintCore
0x00000000047e9000 	/System/Library/Frameworks/ApplicationServices.framework/Versions/A/Frameworks/QD.framework/Versions/A/QD
0x00000000047e9000 	/System/Library/Frameworks/ApplicationServices.framework/Versions/A/Frameworks/SpeechSynthesis.framework/Versions/A/SpeechSynthesis
0x00000000047e9000 	/System/Library/Frameworks/Metal.framework/Versions/A/Metal
0x00000000047e9000 	/System/Library/Frameworks/Accelerate.framework/Versions/A/Frameworks/vImage.framework/Versions/A/vImage
0x00000000047e9000 	/System/Library/Frameworks/Accelerate.framework/Versions/A/Frameworks/vecLib.framework/Versions/A/vecLib
0x00000000047e9000 	/System/Library/Frameworks/Accelerate.framework/Versions/A/Frameworks/vecLib.framework/Versions/A/libvDSP.dylib
0x00000000047e9000 	/System/Library/Frameworks/Accelerate.framework/Versions/A/Frameworks/vecLib.framework/Versions/A/libvMisc.dylib
0x00000000047e9000 	/System/Library/Frameworks/Accelerate.framework/Versions/A/Frameworks/vecLib.framework/Versions/A/libLAPACK.dylib
0x00000000047e9000 	/System/Library/Frameworks/Accelerate.framework/Versions/A/Frameworks/vecLib.framework/Versions/A/libBLAS.dylib
0x00000000047e9000 	/System/Library/Frameworks/Accelerate.framework/Versions/A/Frameworks/vecLib.framework/Versions/A/libLinearAlgebra.dylib
0x00000000047e9000 	/System/Library/Frameworks/Accelerate.framework/Versions/A/Frameworks/vecLib.framework/Versions/A/libSparseBLAS.dylib
0x00000000047e9000 	/System/Library/PrivateFrameworks/GPUCompiler.framework/libmetal_timestamp.dylib
0x00000000047e9000 	/System/Library/Frameworks/OpenGL.framework/Versions/A/Libraries/libCoreFSCache.dylib
0x00000000047e9000 	/System/Library/PrivateFrameworks/IOAccelerator.framework/Versions/A/IOAccelerator
0x00000000047e9000 	/System/Library/Frameworks/ApplicationServices.framework/Versions/A/Frameworks/ATS.framework/Versions/A/Resources/libFontParser.dylib
0x00000000047e9000 	/System/Library/Frameworks/ApplicationServices.framework/Versions/A/Frameworks/ATS.framework/Versions/A/Resources/libFontRegistry.dylib
0x00000000047e9000 	/System/Library/PrivateFrameworks/AppleVPA.framework/Versions/A/AppleVPA
0x00000000047e9000 	/System/Library/PrivateFrameworks/AppleJPEG.framework/Versions/A/AppleJPEG
0x00000000047e9000 	/System/Library/Frameworks/ImageIO.framework/Versions/A/Resources/libJPEG.dylib
0x00000000047e9000 	/System/Library/Frameworks/ImageIO.framework/Versions/A/Resources/libTIFF.dylib
0x00000000047e9000 	/System/Library/Frameworks/ImageIO.framework/Versions/A/Resources/libPng.dylib
0x00000000047e9000 	/System/Library/Frameworks/ImageIO.framework/Versions/A/Resources/libGIF.dylib
0x00000000047e9000 	/System/Library/Frameworks/ImageIO.framework/Versions/A/Resources/libJP2.dylib
0x00000000047e9000 	/System/Library/Frameworks/ImageIO.framework/Versions/A/Resources/libRadiance.dylib
0x00000000047e9000 	/System/Library/Frameworks/CoreVideo.framework/Versions/A/CoreVideo
0x00000000047e9000 	/System/Library/Frameworks/OpenGL.framework/Versions/A/Libraries/libGLU.dylib
0x00000000047e9000 	/System/Library/Frameworks/OpenGL.framework/Versions/A/Libraries/libGFXShared.dylib
0x00000000047e9000 	/System/Library/Frameworks/OpenGL.framework/Versions/A/Libraries/libGL.dylib
0x00000000047e9000 	/System/Library/Frameworks/OpenGL.framework/Versions/A/Libraries/libGLImage.dylib
0x00000000047e9000 	/System/Library/Frameworks/OpenGL.framework/Versions/A/Libraries/libCVMSPluginSupport.dylib
0x00000000047e9000 	/System/Library/Frameworks/OpenGL.framework/Versions/A/Libraries/libCoreVMClient.dylib
0x00000000047e9000 	/usr/lib/libcompression.dylib
0x00000000047e9000 	/usr/lib/libcups.2.dylib
0x00000000047e9000 	/System/Library/Frameworks/Kerberos.framework/Versions/A/Kerberos
0x00000000047e9000 	/System/Library/Frameworks/GSS.framework/Versions/A/GSS
0x00000000047e9000 	/usr/lib/libresolv.9.dylib
0x00000000047e9000 	/usr/lib/libiconv.2.dylib
0x00000000047e9000 	/System/Library/PrivateFrameworks/Heimdal.framework/Versions/A/Heimdal
0x00000000047e9000 	/usr/lib/libheimdal-asn1.dylib
0x00000000047e9000 	/System/Library/Frameworks/OpenDirectory.framework/Versions/A/OpenDirectory
0x00000000047e9000 	/System/Library/PrivateFrameworks/CommonAuth.framework/Versions/A/CommonAuth
0x00000000047e9000 	/System/Library/Frameworks/OpenDirectory.framework/Versions/A/Frameworks/CFOpenDirectory.framework/Versions/A/CFOpenDirectory
0x00000000047e9000 	/System/Library/Frameworks/SecurityFoundation.framework/Versions/A/SecurityFoundation
0x00000000047e9000 	/System/Library/PrivateFrameworks/LanguageModeling.framework/Versions/A/LanguageModeling
0x00000000047e9000 	/usr/lib/libmarisa.dylib
0x00000000047e9000 	/usr/lib/libChineseTokenizer.dylib
0x00000000047e9000 	/usr/lib/libcmph.dylib
0x00000000047e9000 	/System/Library/Frameworks/ServiceManagement.framework/Versions/A/ServiceManagement
0x00000000047e9000 	/usr/lib/libxslt.1.dylib
0x00000000047e9000 	/System/Library/Frameworks/Carbon.framework/Versions/A/Frameworks/Ink.framework/Versions/A/Ink
0x00000000047e9000 	/usr/lib/libFosl_dynamic.dylib
0x00000000047e9000 	/System/Library/PrivateFrameworks/FaceCore.framework/Versions/A/FaceCore
0x00000000047e9000 	/System/Library/Frameworks/OpenCL.framework/Versions/A/OpenCL
0x00000000047e9000 	/System/Library/PrivateFrameworks/CrashReporterSupport.framework/Versions/A/CrashReporterSupport
0x00000000047e9000 	/System/Library/PrivateFrameworks/IconServices.framework/Versions/A/IconServices
0x00000000047e9000 	/System/Library/PrivateFrameworks/Apple80211.framework/Versions/A/Apple80211
0x00000000047e9000 	/System/Library/Frameworks/CoreWLAN.framework/Versions/A/CoreWLAN
0x00000000047e9000 	/System/Library/Frameworks/IOBluetooth.framework/Versions/A/IOBluetooth
0x00000000047e9000 	/System/Library/PrivateFrameworks/CoreWiFi.framework/Versions/A/CoreWiFi
0x00000000047e9000 	/System/Library/Frameworks/CoreBluetooth.framework/Versions/A/CoreBluetooth
0x00000000047e9000 	/System/Library/PrivateFrameworks/ChunkingLibrary.framework/Versions/A/ChunkingLibrary
0x00000000047e9000 	/System/Library/PrivateFrameworks/DebugSymbols.framework/Versions/A/DebugSymbols
0x00000000047e9000 	/System/Library/PrivateFrameworks/CoreSymbolication.framework/Versions/A/CoreSymbolication
0x00000000047e9000 	/System/Library/PrivateFrameworks/Symbolication.framework/Versions/A/Symbolication
0x00000000047e9000 	/System/Library/PrivateFrameworks/SpeechRecognitionCore.framework/Versions/A/SpeechRecognitionCore
0x0000000105e00000 	/Library/Java/JavaVirtualMachines/jdk1.8.0_101.jdk/Contents/Home/jre/lib/server/libjvm.dylib
0x00000000047e9000 	/usr/lib/libstdc++.6.dylib
0x00000001055d8000 	/Library/Java/JavaVirtualMachines/jdk1.8.0_101.jdk/Contents/Home/jre/lib/libverify.dylib
0x0000000106d9d000 	/Library/Java/JavaVirtualMachines/jdk1.8.0_101.jdk/Contents/Home/jre/lib/libjava.dylib
0x00000001055f0000 	/Library/Java/JavaVirtualMachines/jdk1.8.0_101.jdk/Contents/Home/jre/lib/libzip.dylib
0x000000011c735000 	/System/Library/Frameworks/JavaVM.framework/Frameworks/JavaRuntimeSupport.framework/JavaRuntimeSupport
0x000000011c750000 	/System/Library/Frameworks/JavaVM.framework/Versions/A/Frameworks/JavaNativeFoundation.framework/Versions/A/JavaNativeFoundation
0x000000011c765000 	/System/Library/Frameworks/JavaVM.framework/Versions/A/JavaVM
0x00000000047e9000 	/System/Library/Frameworks/Carbon.framework/Versions/A/Carbon
0x000000011c772000 	/System/Library/PrivateFrameworks/JavaLaunching.framework/Versions/A/JavaLaunching
0x00000000047e9000 	/System/Library/Frameworks/Carbon.framework/Versions/A/Frameworks/CommonPanels.framework/Versions/A/CommonPanels
0x00000000047e9000 	/System/Library/Frameworks/Carbon.framework/Versions/A/Frameworks/Help.framework/Versions/A/Help
0x00000000047e9000 	/System/Library/Frameworks/Carbon.framework/Versions/A/Frameworks/ImageCapture.framework/Versions/A/ImageCapture
0x00000000047e9000 	/System/Library/Frameworks/Carbon.framework/Versions/A/Frameworks/OpenScripting.framework/Versions/A/OpenScripting
0x00000000047e9000 	/System/Library/Frameworks/Carbon.framework/Versions/A/Frameworks/Print.framework/Versions/A/Print
0x00000000047e9000 	/System/Library/Frameworks/Carbon.framework/Versions/A/Frameworks/SecurityHI.framework/Versions/A/SecurityHI
0x000000011e534000 	/Library/Java/JavaVirtualMachines/jdk1.8.0_101.jdk/Contents/Home/jre/lib/libnet.dylib
0x000000011e54b000 	/Library/Java/JavaVirtualMachines/jdk1.8.0_101.jdk/Contents/Home/jre/lib/libnio.dylib
0x000000011e55b000 	/Users/Micha/.gradle/native/19/osx-amd64/libnative-platform.dylib
0x000000011f003000 	/Library/Java/JavaVirtualMachines/jdk1.8.0_101.jdk/Contents/Home/jre/lib/libmanagement.dylib

VM Arguments:
jvm_args: -Xmx2048M -Dfile.encoding=UTF-8 -Duser.country=DE -Duser.language=de -Duser.variant 
java_command: org.gradle.launcher.daemon.bootstrap.GradleDaemon 2.10
java_class_path (initial): /Users/Micha/.gradle/wrapper/dists/gradle-2.10-all/a4w5fzrkeut1ox71xslb49gst/gradle-2.10/lib/gradle-launcher-2.10.jar
Launcher Type: SUN_STANDARD

Environment Variables:
PATH=/usr/bin:/bin:/usr/sbin:/sbin
SHELL=/bin/bash
DISPLAY=/private/tmp/com.apple.launchd.ulI5bN3BLF/org.macosforge.xquartz:0

Signal Handlers:
SIGSEGV: [libjvm.dylib+0x5af145], sa_mask[0]=11111111011111110111111111111111, sa_flags=SA_ONSTACK|SA_RESTART|SA_SIGINFO
SIGBUS: [libjvm.dylib+0x5af145], sa_mask[0]=11111111011111110111111111111111, sa_flags=SA_RESTART|SA_SIGINFO
SIGFPE: [libjvm.dylib+0x48694c], sa_mask[0]=11111111011111110111111111111111, sa_flags=SA_RESTART|SA_SIGINFO
SIGPIPE: [libjvm.dylib+0x48694c], sa_mask[0]=11111111011111110111111111111111, sa_flags=SA_RESTART|SA_SIGINFO
SIGXFSZ: [libjvm.dylib+0x48694c], sa_mask[0]=11111111011111110111111111111111, sa_flags=SA_RESTART|SA_SIGINFO
SIGILL: [libjvm.dylib+0x48694c], sa_mask[0]=11111111011111110111111111111111, sa_flags=SA_RESTART|SA_SIGINFO
SIGUSR1: SIG_DFL, sa_mask[0]=00000000000000000000000000000000, sa_flags=none
SIGUSR2: [libjvm.dylib+0x48646a], sa_mask[0]=00100000000000000000000000000000, sa_flags=SA_RESTART|SA_SIGINFO
SIGHUP: [libjvm.dylib+0x484a41], sa_mask[0]=11111111011111110111111111111111, sa_flags=SA_RESTART|SA_SIGINFO
SIGINT: [libjvm.dylib+0x484a41], sa_mask[0]=11111111011111110111111111111111, sa_flags=SA_RESTART|SA_SIGINFO
SIGTERM: [libjvm.dylib+0x484a41], sa_mask[0]=11111111011111110111111111111111, sa_flags=SA_RESTART|SA_SIGINFO
SIGQUIT: [libjvm.dylib+0x484a41], sa_mask[0]=11111111011111110111111111111111, sa_flags=SA_RESTART|SA_SIGINFO


---------------  S Y S T E M  ---------------

OS:Bsduname:Darwin 15.5.0 Darwin Kernel Version 15.5.0: Tue Apr 19 18:36:36 PDT 2016; root:xnu-3248.50.21~8/RELEASE_X86_64 x86_64
rlimit: STACK 8192k, CORE 0k, NPROC 709, NOFILE 10240, AS infinity
load average:4.14 2.85 2.50

CPU:total 4 (2 cores per cpu, 2 threads per core) family 6 model 42 stepping 7, cmov, cx8, fxsr, mmx, sse, sse2, sse3, ssse3, sse4.1, sse4.2, popcnt, avx, aes, clmul, ht, tsc, tscinvbit

Memory: 4k page, physical 8388608k(20892k free)

/proc/meminfo:


vm_info: Java HotSpot(TM) 64-Bit Server VM (25.101-b13) for bsd-amd64 JRE (1.8.0_101-b13), built on Jun 22 2016 02:42:15 by "java_re" with gcc 4.2.1 (Based on Apple Inc. build 5658) (LLVM build 2336.11.00)

time: Wed Sep 14 01:02:58 2016
elapsed time: 6807 seconds (0d 1h 53m 27s)

