#
# A fatal error has been detected by the Java Runtime Environment:
#
#  Internal Error (signature.cpp:308), pid=47600, tid=0x0000000000004703
#  Error: ShouldNotReachHere()
#
# JRE version: Java(TM) SE Runtime Environment (8.0_101-b13) (build 1.8.0_101-b13)
# Java VM: Java HotSpot(TM) 64-Bit Server VM (25.101-b13 mixed mode bsd-amd64 compressed oops)
# Failed to write core dump. Core dumps have been disabled. To enable core dumping, try "ulimit -c unlimited" before starting Java again
#
# If you would like to submit a bug report, please visit:
#   http://bugreport.java.com/bugreport/crash.jsp
#

---------------  T H R E A D  ---------------

Current thread (0x00007f886383c800):  JavaThread "C1 CompilerThread2" daemon [_thread_in_vm, id=18179, stack(0x0000700000d41000,0x0000700000e41000)]

Stack: [0x0000700000d41000,0x0000700000e41000],  sp=0x0000700000e404b0,  free space=1021k
Native frames: (J=compiled Java code, j=interpreted, Vv=VM code, C=native code)
V  [libjvm.dylib+0x5ae936]  VMError::report_and_die()+0x3f8
V  [libjvm.dylib+0x1e75af]  report_vm_error(char const*, int, char const*, char const*)+0x54
V  [libjvm.dylib+0x4fec60]  SignatureStream::next_non_primitive(int)+0x128
V  [libjvm.dylib+0x174b73]  ciSignature::ciSignature(ciKlass*, constantPoolHandle, ciSymbol*)+0xf7
V  [libjvm.dylib+0x16a878]  ciMethod::ciMethod(methodHandle, ciInstanceKlass*)+0x2a2
V  [libjvm.dylib+0x172d39]  ciObjectFactory::create_new_metadata(Metadata*)+0x1cd
V  [libjvm.dylib+0x172e88]  ciObjectFactory::get_metadata(Metadata*)+0x54
V  [libjvm.dylib+0x163d20]  ciEnv::get_method_from_handle(Method*)+0x50
V  [libjvm.dylib+0x1b63ab]  CompileBroker::invoke_compiler_on_method(CompileTask*)+0x511
V  [libjvm.dylib+0x1b8993]  CompileBroker::compiler_thread_loop()+0x291
V  [libjvm.dylib+0x5695ab]  JavaThread::thread_main_inner()+0x9b
V  [libjvm.dylib+0x56ac98]  JavaThread::run()+0x1c2
V  [libjvm.dylib+0x48933a]  java_start(Thread*)+0xf6
C  [libsystem_pthread.dylib+0x399d]  _pthread_body+0x83
C  [libsystem_pthread.dylib+0x391a]  _pthread_body+0x0
C  [libsystem_pthread.dylib+0x1351]  thread_start+0xd
C  0x0000000000000000


Current CompileTask:
C1:27924737 36217       3       F°Cgradorg.le.c.intacheernal.btCachree.ingBlocke::<init> (59 bytes)


---------------  P R O C E S S  ---------------

Java Threads: ( => current thread )
  0x00007f8866a79800 JavaThread "Stdin handler" [_thread_blocked, id=61447, stack(0x0000700001d71000,0x0000700001e71000)]
  0x00007f8867b24800 JavaThread "Cancel handler" [_thread_blocked, id=63419, stack(0x0000700001250000,0x0000700001350000)]
  0x00007f8868690000 JavaThread "Handler for socket connection from /127.0.0.1:56178 to /127.0.0.1:50912" [_thread_in_native, id=53915, stack(0x000070000114d000,0x000070000124d000)]
  0x00007f88639ab800 JavaThread "Daemon worker Thread 24" [_thread_blocked, id=53731, stack(0x0000700001353000,0x0000700001453000)]
  0x00007f886742e000 JavaThread "Daemon Thread 24" [_thread_blocked, id=48811, stack(0x0000700000932000,0x0000700000a32000)]
  0x00007f8864108000 JavaThread "pool-2-thread-4" [_thread_blocked, id=52207, stack(0x0000700001b6b000,0x0000700001c6b000)]
  0x00007f886321a000 JavaThread "pool-2-thread-3" [_thread_blocked, id=41755, stack(0x0000700001456000,0x0000700001556000)]
  0x00007f88646c9000 JavaThread "pool-2-thread-2" [_thread_blocked, id=26907, stack(0x0000700001c6e000,0x0000700001d6e000)]
  0x00007f88699b1000 JavaThread "Java2D Disposer" daemon [_thread_blocked, id=103939, stack(0x000070000631a000,0x000070000641a000)]
  0x00007f8864af0000 JavaThread "Java2D Queue Flusher" daemon [_thread_blocked, id=76607, stack(0x0000700006091000,0x0000700006191000)]
  0x00007f88698a7800 JavaThread "AWT-AppKit" daemon [_thread_in_native, id=1295, stack(0x00007fff5256a000,0x00007fff52d6a000)]
  0x00007f886742f000 JavaThread "pool-2-thread-1" [_thread_blocked, id=27399, stack(0x0000700001559000,0x0000700001659000)]
  0x00007f88664ae000 JavaThread "Tasks limiter_4" daemon [_thread_blocked, id=20235, stack(0x0000700001a68000,0x0000700001b68000)]
  0x00007f886434b800 JavaThread "Tasks limiter_3" daemon [_thread_blocked, id=25867, stack(0x0000700001965000,0x0000700001a65000)]
  0x00007f886658b000 JavaThread "Tasks limiter_2" daemon [_thread_blocked, id=19727, stack(0x0000700001862000,0x0000700001962000)]
  0x00007f8864793000 JavaThread "Tasks limiter_1" daemon [_thread_blocked, id=28683, stack(0x000070000175f000,0x000070000185f000)]
  0x00007f88647d7000 JavaThread "File lock request listener" [_thread_in_native, id=22275, stack(0x000070000165c000,0x000070000175c000)]
  0x00007f8863a84800 JavaThread "Incoming local TCP Connector on port 56178" [_thread_in_native, id=13575, stack(0x000070000104a000,0x000070000114a000)]
  0x00007f8863857000 JavaThread "Service Thread" daemon [_thread_blocked, id=18691, stack(0x0000700000e44000,0x0000700000f44000)]
=>0x00007f886383c800 JavaThread "C1 CompilerThread2" daemon [_thread_in_vm, id=18179, stack(0x0000700000d41000,0x0000700000e41000)]
  0x00007f886383b800 JavaThread "C2 CompilerThread1" daemon [_thread_blocked, id=17667, stack(0x0000700000c3e000,0x0000700000d3e000)]
  0x00007f8863837800 JavaThread "C2 CompilerThread0" daemon [_thread_blocked, id=17155, stack(0x0000700000b3b000,0x0000700000c3b000)]
  0x00007f886381a800 JavaThread "Signal Dispatcher" daemon [_thread_blocked, id=12815, stack(0x0000700000a38000,0x0000700000b38000)]
  0x00007f8863834000 JavaThread "Finalizer" daemon [_thread_blocked, id=12291, stack(0x000070000082f000,0x000070000092f000)]
  0x00007f8863801800 JavaThread "Reference Handler" daemon [_thread_blocked, id=11779, stack(0x000070000072c000,0x000070000082c000)]
  0x00007f8863800800 JavaThread "main" [_thread_blocked, id=5891, stack(0x000070000011a000,0x000070000021a000)]

Other Threads:
  0x00007f886402e000 VMThread [stack: 0x0000700000629000,0x0000700000729000] [id=11267]
  0x00007f8864000800 WatcherThread [stack: 0x0000700000f47000,0x0000700001047000] [id=19203]

VM state:synchronizing (normal execution)

VM Mutex/Monitor currently owned by a thread:  ([mutex/lock_event])
[0x00007f8862f017d0] Threads_lock - owner thread: 0x00007f886402e000

Heap:
 PSYoungGen      total 515072K, used 20551K [0x0000000795580000, 0x00000007c0000000, 0x00000007c0000000)
  eden space 338432K, 6% used [0x0000000795580000,0x0000000796991fa0,0x00000007aa000000)
  from space 176640K, 0% used [0x00000007aa000000,0x00000007aa000000,0x00000007b4c80000)
  to   space 176128K, 0% used [0x00000007b5400000,0x00000007b5400000,0x00000007c0000000)
 ParOldGen       total 837120K, used 77582K [0x0000000740000000, 0x0000000773180000, 0x0000000795580000)
  object space 837120K, 9% used [0x0000000740000000,0x0000000744bc3800,0x0000000773180000)
 Metaspace       used 78835K, capacity 84112K, committed 84224K, reserved 1122304K
  class space    used 9964K, capacity 10671K, committed 10752K, reserved 1048576K

Card table byte_map: [0x000000011dd5d000,0x000000011e15e000] byte_map_base: 0x000000011a35d000

Marking Bits: (ParMarkBitMap*) 0x000000010e2edd20
 Begin Bits: [0x000000011e409000, 0x0000000120409000)
 End Bits:   [0x0000000120409000, 0x0000000122409000)

Polling page: 0x000000010d159000

CodeCache: size=245760Kb used=91389Kb max_used=91486Kb free=154370Kb
 bounds [0x000000010e99d000, 0x00000001143cd000, 0x000000011d99d000]
 total_blobs=23609 nmethods=22750 adapters=769
 compilation: enabled

Compilation events (10 events):
Event: 27923.191 Thread 0x00007f886383c800 nmethod 36212 0x0000000112069b90 code [0x0000000112069d00, 0x0000000112069f68]
Event: 27923.198 Thread 0x00007f886383c800 36213       1       org.apache.ivy.plugins.matcher.AbstractPatternMatcher::getName (5 bytes)
Event: 27923.198 Thread 0x00007f886383c800 nmethod 36213 0x00000001126a8b10 code [0x00000001126a8c60, 0x00000001126a8d70]
Event: 27924.067 Thread 0x00007f886383c800 36214       3       org.gradle.api.internal.artifacts.component.DefaultComponentIdentifierFactory::<init> (5 bytes)
Event: 27924.068 Thread 0x00007f886383c800 nmethod 36214 0x00000001113e1e10 code [0x00000001113e1f80, 0x00000001113e2130]
Event: 27924.068 Thread 0x00007f886383c800 36215       3       org.gradle.cache.internal.DefaultMultiProcessSafePersistentIndexedCache$5::run (24 bytes)
Event: 27924.068 Thread 0x00007f886383c800 nmethod 36215 0x000000010fd0ed90 code [0x000000010fd0ef20, 0x000000010fd0f2c8]
Event: 27924.068 Thread 0x00007f886383c800 36216       3       org.gradle.cache.internal.DefaultCacheAccess$3::create (5 bytes)
Event: 27924.069 Thread 0x00007f886383c800 nmethod 36216 0x0000000110450e50 code [0x0000000110450fe0, 0x00000001104513a8]
Event: 27924.069 Thread 0x00007f886383c800 36217       3       F°Cgradorg.le.c.intacheernal.btCachree.ingBlocke::<init> (59 bytes)

GC Heap History (10 events):
Event: 27711.689 GC heap before
{Heap before GC invocations=749 (full 46):
 PSYoungGen      total 505856K, used 395733K [0x0000000795580000, 0x00000007c0000000, 0x00000007c0000000)
  eden space 336384K, 100% used [0x0000000795580000,0x00000007a9e00000,0x00000007a9e00000)
  from space 169472K, 35% used [0x00000007b5a80000,0x00000007b94754e0,0x00000007c0000000)
  to   space 181248K, 0% used [0x00000007a9e00000,0x00000007a9e00000,0x00000007b4f00000)
 ParOldGen       total 837120K, used 658817K [0x0000000740000000, 0x0000000773180000, 0x0000000795580000)
  object space 837120K, 78% used [0x0000000740000000,0x0000000768360608,0x0000000773180000)
 Metaspace       used 78646K, capacity 83702K, committed 83968K, reserved 1122304K
  class space    used 9930K, capacity 10634K, committed 10752K, reserved 1048576K
Event: 27711.948 GC heap after
Heap after GC invocations=749 (full 46):
 PSYoungGen      total 438272K, used 101403K [0x0000000795580000, 0x00000007c0000000, 0x00000007c0000000)
  eden space 336384K, 0% used [0x0000000795580000,0x0000000795580000,0x00000007a9e00000)
  from space 101888K, 99% used [0x00000007a9e00000,0x00000007b0106c80,0x00000007b0180000)
  to   space 183808K, 0% used [0x00000007b4c80000,0x00000007b4c80000,0x00000007c0000000)
 ParOldGen       total 837120K, used 713957K [0x0000000740000000, 0x0000000773180000, 0x0000000795580000)
  object space 837120K, 85% used [0x0000000740000000,0x000000076b939640,0x0000000773180000)
 Metaspace       used 78646K, capacity 83702K, committed 83968K, reserved 1122304K
  class space    used 9930K, capacity 10634K, committed 10752K, reserved 1048576K
}
Event: 27723.783 GC heap before
{Heap before GC invocations=750 (full 46):
 PSYoungGen      total 438272K, used 421587K [0x0000000795580000, 0x00000007c0000000, 0x00000007c0000000)
  eden space 336384K, 95% used [0x0000000795580000,0x00000007a8e2e248,0x00000007a9e00000)
  from space 101888K, 99% used [0x00000007a9e00000,0x00000007b0106c80,0x00000007b0180000)
  to   space 183808K, 0% used [0x00000007b4c80000,0x00000007b4c80000,0x00000007c0000000)
 ParOldGen       total 837120K, used 713957K [0x0000000740000000, 0x0000000773180000, 0x0000000795580000)
  object space 837120K, 85% used [0x0000000740000000,0x000000076b939640,0x0000000773180000)
 Metaspace       used 78659K, capacity 83712K, committed 83968K, reserved 1122304K
  class space    used 9931K, capacity 10635K, committed 10752K, reserved 1048576K
Event: 27723.882 GC heap after
Heap after GC invocations=750 (full 46):
 PSYoungGen      total 522240K, used 38326K [0x0000000795580000, 0x00000007c0000000, 0x00000007c0000000)
  eden space 338432K, 0% used [0x0000000795580000,0x0000000795580000,0x00000007aa000000)
  from space 183808K, 20% used [0x00000007b4c80000,0x00000007b71edaf0,0x00000007c0000000)
  to   space 176640K, 0% used [0x00000007aa000000,0x00000007aa000000,0x00000007b4c80000)
 ParOldGen       total 837120K, used 724439K [0x0000000740000000, 0x0000000773180000, 0x0000000795580000)
  object space 837120K, 86% used [0x0000000740000000,0x000000076c375fe8,0x0000000773180000)
 Metaspace       used 78659K, capacity 83712K, committed 83968K, reserved 1122304K
  class space    used 9931K, capacity 10635K, committed 10752K, reserved 1048576K
}
Event: 27723.882 GC heap before
{Heap before GC invocations=751 (full 47):
 PSYoungGen      total 522240K, used 38326K [0x0000000795580000, 0x00000007c0000000, 0x00000007c0000000)
  eden space 338432K, 0% used [0x0000000795580000,0x0000000795580000,0x00000007aa000000)
  from space 183808K, 20% used [0x00000007b4c80000,0x00000007b71edaf0,0x00000007c0000000)
  to   space 176640K, 0% used [0x00000007aa000000,0x00000007aa000000,0x00000007b4c80000)
 ParOldGen       total 837120K, used 724439K [0x0000000740000000, 0x0000000773180000, 0x0000000795580000)
  object space 837120K, 86% used [0x0000000740000000,0x000000076c375fe8,0x0000000773180000)
 Metaspace       used 78659K, capacity 83712K, committed 83968K, reserved 1122304K
  class space    used 9931K, capacity 10635K, committed 10752K, reserved 1048576K
Event: 27724.818 GC heap after
Heap after GC invocations=751 (full 47):
 PSYoungGen      total 522240K, used 0K [0x0000000795580000, 0x00000007c0000000, 0x00000007c0000000)
  eden space 338432K, 0% used [0x0000000795580000,0x0000000795580000,0x00000007aa000000)
  from space 183808K, 0% used [0x00000007b4c80000,0x00000007b4c80000,0x00000007c0000000)
  to   space 176640K, 0% used [0x00000007aa000000,0x00000007aa000000,0x00000007b4c80000)
 ParOldGen       total 837120K, used 78494K [0x0000000740000000, 0x0000000773180000, 0x0000000795580000)
  object space 837120K, 9% used [0x0000000740000000,0x0000000744ca7b48,0x0000000773180000)
 Metaspace       used 78644K, capacity 83688K, committed 83968K, reserved 1122304K
  class space    used 9928K, capacity 10631K, committed 10752K, reserved 1048576K
}
Event: 27864.987 GC heap before
{Heap before GC invocations=752 (full 47):
 PSYoungGen      total 522240K, used 22177K [0x0000000795580000, 0x00000007c0000000, 0x00000007c0000000)
  eden space 338432K, 6% used [0x0000000795580000,0x0000000796b28518,0x00000007aa000000)
  from space 183808K, 0% used [0x00000007b4c80000,0x00000007b4c80000,0x00000007c0000000)
  to   space 176640K, 0% used [0x00000007aa000000,0x00000007aa000000,0x00000007b4c80000)
 ParOldGen       total 837120K, used 78494K [0x0000000740000000, 0x0000000773180000, 0x0000000795580000)
  object space 837120K, 9% used [0x0000000740000000,0x0000000744ca7b48,0x0000000773180000)
 Metaspace       used 78706K, capacity 83852K, committed 84224K, reserved 1122304K
  class space    used 9940K, capacity 10641K, committed 10752K, reserved 1048576K
Event: 27865.038 GC heap after
Heap after GC invocations=752 (full 47):
 PSYoungGen      total 515072K, used 517K [0x0000000795580000, 0x00000007c0000000, 0x00000007c0000000)
  eden space 338432K, 0% used [0x0000000795580000,0x0000000795580000,0x00000007aa000000)
  from space 176640K, 0% used [0x00000007aa000000,0x00000007aa0814b8,0x00000007b4c80000)
  to   space 176128K, 0% used [0x00000007b5400000,0x00000007b5400000,0x00000007c0000000)
 ParOldGen       total 837120K, used 78494K [0x0000000740000000, 0x0000000773180000, 0x0000000795580000)
  object space 837120K, 9% used [0x0000000740000000,0x0000000744ca7b48,0x0000000773180000)
 Metaspace       used 78706K, capacity 83852K, committed 84224K, reserved 1122304K
  class space    used 9940K, capacity 10641K, committed 10752K, reserved 1048576K
}
Event: 27865.038 GC heap before
{Heap before GC invocations=753 (full 48):
 PSYoungGen      total 515072K, used 517K [0x0000000795580000, 0x00000007c0000000, 0x00000007c0000000)
  eden space 338432K, 0% used [0x0000000795580000,0x0000000795580000,0x00000007aa000000)
  from space 176640K, 0% used [0x00000007aa000000,0x00000007aa0814b8,0x00000007b4c80000)
  to   space 176128K, 0% used [0x00000007b5400000,0x00000007b5400000,0x00000007c0000000)
 ParOldGen       total 837120K, used 78494K [0x0000000740000000, 0x0000000773180000, 0x0000000795580000)
  object space 837120K, 9% used [0x0000000740000000,0x0000000744ca7b48,0x0000000773180000)
 Metaspace       used 78706K, capacity 83852K, committed 84224K, reserved 1122304K
  class space    used 9940K, capacity 10641K, committed 10752K, reserved 1048576K
Event: 27865.703 GC heap after
Heap after GC invocations=753 (full 48):
 PSYoungGen      total 515072K, used 0K [0x0000000795580000, 0x00000007c0000000, 0x00000007c0000000)
  eden space 338432K, 0% used [0x0000000795580000,0x0000000795580000,0x00000007aa000000)
  from space 176640K, 0% used [0x00000007aa000000,0x00000007aa000000,0x00000007b4c80000)
  to   space 176128K, 0% used [0x00000007b5400000,0x00000007b5400000,0x00000007c0000000)
 ParOldGen       total 837120K, used 77582K [0x0000000740000000, 0x0000000773180000, 0x0000000795580000)
  object space 837120K, 9% used [0x0000000740000000,0x0000000744bc3800,0x0000000773180000)
 Metaspace       used 78706K, capacity 83852K, committed 84224K, reserved 1122304K
  class space    used 9940K, capacity 10641K, committed 10752K, reserved 1048576K
}

Deoptimization events (10 events):
Event: 27864.807 Thread 0x00007f88639ab800 Uncommon trap: reason=unstable_if action=reinterpret pc=0x0000000112a18134 method=org.gradle.api.internal.artifacts.ivyservice.resolveengine.result.StreamingResolutionResultBuilder$4.write(Lorg/gradle/internal/serialize/Encoder;)V @ 84
Event: 27864.965 Thread 0x00007f88639ab800 Uncommon trap: reason=bimorphic action=maybe_recompile pc=0x000000010f0e9d70 method=org.gradle.logging.internal.AbstractLineChoppingStyledTextOutput.doAppend(Ljava/lang/String;)V @ 28
Event: 27865.796 Thread 0x00007f886742e000 Uncommon trap: reason=unstable_if action=reinterpret pc=0x00000001138f72b4 method=java.io.ObjectOutputStream$BlockDataOutputStream.getUTFLength(Ljava/lang/String;)J @ 66
Event: 27865.797 Thread 0x00007f886742e000 Uncommon trap: reason=unstable_if action=reinterpret pc=0x000000011204af70 method=java.io.ObjectOutputStream$BlockDataOutputStream.getUTFLength(Ljava/lang/String;)J @ 66
Event: 27865.797 Thread 0x00007f886742e000 Uncommon trap: reason=unstable_if action=reinterpret pc=0x000000010ebcceac method=java.io.ObjectOutputStream$BlockDataOutputStream.writeUTF(Ljava/lang/String;J)V @ 29
Event: 27865.801 Thread 0x00007f886742e000 Uncommon trap: reason=unstable_if action=reinterpret pc=0x000000011205c7b8 method=java.io.ObjectOutputStream$BlockDataOutputStream.getUTFLength(Ljava/lang/String;)J @ 66
Event: 27883.050 Thread 0x00007f886742e000 Uncommon trap: reason=null_check action=make_not_entrant pc=0x0000000111eeeabc method=java.io.ObjectStreamClass.getField(Ljava/lang/String;Ljava/lang/Class;)Ljava/io/ObjectStreamField; @ 67
Event: 27883.612 Thread 0x00007f88639ab800 Uncommon trap: reason=unstable_if action=reinterpret pc=0x000000011219f318 method=org.gradle.internal.resolve.result.DefaultBuildableComponentResolveResult.hasResult()Z @ 4
Event: 27883.679 Thread 0x00007f88639ab800 Uncommon trap: reason=bimorphic action=maybe_recompile pc=0x000000010f0e9d70 method=org.gradle.logging.internal.AbstractLineChoppingStyledTextOutput.doAppend(Ljava/lang/String;)V @ 28
Event: 27883.679 Thread 0x00007f88639ab800 Uncommon trap: reason=bimorphic action=maybe_recompile pc=0x000000010f8ae7f4 method=org.gradle.logging.internal.AbstractLineChoppingStyledTextOutput.doAppend(Ljava/lang/String;)V @ 28

Internal exceptions (10 events):
Event: 27865.788 Thread 0x00007f886742e000 Exception <a 'java/lang/NoSuchMethodError': <clinit>> (0x0000000795715ad8) thrown at [/HUDSON3/workspace/8-2-build-macosx-x86_64/jdk8u101/7261/hotspot/src/share/vm/prims/jni.cpp, line 1613]
Event: 27865.790 Thread 0x00007f886742e000 Exception <a 'java/lang/NoSuchMethodError': <clinit>> (0x00000007957326c8) thrown at [/HUDSON3/workspace/8-2-build-macosx-x86_64/jdk8u101/7261/hotspot/src/share/vm/prims/jni.cpp, line 1613]
Event: 27865.790 Thread 0x00007f886742e000 Exception <a 'java/lang/NoSuchMethodError': <clinit>> (0x00000007957353e0) thrown at [/HUDSON3/workspace/8-2-build-macosx-x86_64/jdk8u101/7261/hotspot/src/share/vm/prims/jni.cpp, line 1613]
Event: 27865.792 Thread 0x00007f886742e000 Exception <a 'java/lang/NoSuchMethodError': <clinit>> (0x0000000795759398) thrown at [/HUDSON3/workspace/8-2-build-macosx-x86_64/jdk8u101/7261/hotspot/src/share/vm/prims/jni.cpp, line 1613]
Event: 27883.270 Thread 0x00007f88639ab800 Exception <a 'java/lang/ClassNotFoundException': asLocalRepo79_crl6xc60q3fbmdvtms2x0u4p7BeanInfo> (0x00000007956418e8) thrown at [/HUDSON3/workspace/8-2-build-macosx-x86_64/jdk8u101/7261/hotspot/src/share/vm/classfile/systemDictionary.cpp, line 210]
Event: 27883.270 Thread 0x00007f88639ab800 Exception <a 'java/lang/ClassNotFoundException': asLocalRepo79_crl6xc60q3fbmdvtms2x0u4p7Customizer> (0x000000079564d3d0) thrown at [/HUDSON3/workspace/8-2-build-macosx-x86_64/jdk8u101/7261/hotspot/src/share/vm/classfile/systemDictionary.cpp, line 210]
Event: 27883.612 Thread 0x00007f88639ab800 Exception <a 'java/lang/IllegalAccessError': tried to access method ª.Tgradorg.le.c.internal.btacheree.BlockPay.getType()I from class org.gradle.cache.internal.btree.FileBackedBlockStore$BlockImpl> (0x00000007961fb2c0) thrown at [/HUDSON3/workspace/8-2-b
Event: 27883.612 Thread 0x00007f88639ab800 Exception <a 'java/lang/NoClassDefFoundError': > (0x00000007961fbab0) thrown at [/HUDSON3/workspace/8-2-build-macosx-x86_64/jdk8u101/7261/hotspot/src/share/vm/oops/constantPool.cpp, line 235]
Event: 27923.481 Thread 0x00007f88639ab800 Exception <a 'java/lang/ClassNotFoundException': asLocalRepo80_5mr1a50ps598ctdx62up3kcfpBeanInfo> (0x00000007966fe2c8) thrown at [/HUDSON3/workspace/8-2-build-macosx-x86_64/jdk8u101/7261/hotspot/src/share/vm/classfile/systemDictionary.cpp, line 210]
Event: 27923.482 Thread 0x00007f88639ab800 Exception <a 'java/lang/ClassNotFoundException': asLocalRepo80_5mr1a50ps598ctdx62up3kcfpCustomizer> (0x0000000796709db0) thrown at [/HUDSON3/workspace/8-2-build-macosx-x86_64/jdk8u101/7261/hotspot/src/share/vm/classfile/systemDictionary.cpp, line 210]

Events (10 events):
Event: 27923.822 loading class groovy/runtime/metaclass/asLocalRepo80_5mr1a50ps598ctdx62up3kcfp$_run_closure1$_closure2$_closure4$_closure5MetaClass
Event: 27923.822 loading class groovy/runtime/metaclass/asLocalRepo80_5mr1a50ps598ctdx62up3kcfp$_run_closure1$_closure2$_closure4$_closure5MetaClass done
Event: 27923.823 loading class asLocalRepo80_5mr1a50ps598ctdx62up3kcfp$_run_closure1$_closure3
Event: 27923.823 loading class asLocalRepo80_5mr1a50ps598ctdx62up3kcfp$_run_closure1$_closure3 done
Event: 27923.823 loading class groovy/runtime/metaclass/asLocalRepo80_5mr1a50ps598ctdx62up3kcfp$_run_closure1$_closure3MetaClass
Event: 27923.823 loading class groovy/runtime/metaclass/asLocalRepo80_5mr1a50ps598ctdx62up3kcfp$_run_closure1$_closure3MetaClass done
Event: 27923.824 loading class asLocalRepo80_5mr1a50ps598ctdx62up3kcfp$_run_closure1$_closure3$_closure6
Event: 27923.824 loading class asLocalRepo80_5mr1a50ps598ctdx62up3kcfp$_run_closure1$_closure3$_closure6 done
Event: 27923.824 loading class groovy/runtime/metaclass/asLocalRepo80_5mr1a50ps598ctdx62up3kcfp$_run_closure1$_closure3$_closure6MetaClass
Event: 27923.824 loading class groovy/runtime/metaclass/asLocalRepo80_5mr1a50ps598ctdx62up3kcfp$_run_closure1$_closure3$_closure6MetaClass done


Dynamic libraries:
0x00000000047e9000 	/System/Library/Frameworks/Cocoa.framework/Versions/A/Cocoa
0x00000000047e9000 	/System/Library/Frameworks/Security.framework/Versions/A/Security
0x00000000047e9000 	/System/Library/Frameworks/ApplicationServices.framework/Versions/A/ApplicationServices
0x00000000047e9000 	/usr/lib/libz.1.dylib
0x00000000047e9000 	/usr/lib/libSystem.B.dylib
0x00000000047e9000 	/usr/lib/libobjc.A.dylib
0x00000000047e9000 	/System/Library/Frameworks/CoreFoundation.framework/Versions/A/CoreFoundation
0x00000000047e9000 	/System/Library/Frameworks/Foundation.framework/Versions/C/Foundation
0x00000000047e9000 	/System/Library/Frameworks/AppKit.framework/Versions/C/AppKit
0x00000000047e9000 	/System/Library/Frameworks/CoreData.framework/Versions/A/CoreData
0x00000000047e9000 	/System/Library/PrivateFrameworks/RemoteViewServices.framework/Versions/A/RemoteViewServices
0x00000000047e9000 	/System/Library/PrivateFrameworks/UIFoundation.framework/Versions/A/UIFoundation
0x00000000047e9000 	/usr/lib/libScreenReader.dylib
0x00000000047e9000 	/System/Library/Frameworks/Accelerate.framework/Versions/A/Accelerate
0x00000000047e9000 	/System/Library/Frameworks/IOSurface.framework/Versions/A/IOSurface
0x00000000047e9000 	/System/Library/Frameworks/AudioToolbox.framework/Versions/A/AudioToolbox
0x00000000047e9000 	/System/Library/Frameworks/AudioUnit.framework/Versions/A/AudioUnit
0x00000000047e9000 	/System/Library/PrivateFrameworks/DataDetectorsCore.framework/Versions/A/DataDetectorsCore
0x00000000047e9000 	/System/Library/PrivateFrameworks/DesktopServicesPriv.framework/Versions/A/DesktopServicesPriv
0x00000000047e9000 	/System/Library/Frameworks/Carbon.framework/Versions/A/Frameworks/HIToolbox.framework/Versions/A/HIToolbox
0x00000000047e9000 	/System/Library/Frameworks/QuartzCore.framework/Versions/A/QuartzCore
0x00000000047e9000 	/System/Library/Frameworks/Carbon.framework/Versions/A/Frameworks/SpeechRecognition.framework/Versions/A/SpeechRecognition
0x00000000047e9000 	/usr/lib/libauto.dylib
0x00000000047e9000 	/usr/lib/libicucore.A.dylib
0x00000000047e9000 	/usr/lib/libxml2.2.dylib
0x00000000047e9000 	/System/Library/PrivateFrameworks/CoreUI.framework/Versions/A/CoreUI
0x00000000047e9000 	/System/Library/Frameworks/CoreAudio.framework/Versions/A/CoreAudio
0x00000000047e9000 	/System/Library/Frameworks/DiskArbitration.framework/Versions/A/DiskArbitration
0x00000000047e9000 	/usr/lib/liblangid.dylib
0x00000000047e9000 	/System/Library/PrivateFrameworks/MultitouchSupport.framework/Versions/A/MultitouchSupport
0x00000000047e9000 	/System/Library/Frameworks/IOKit.framework/Versions/A/IOKit
0x00000000047e9000 	/usr/lib/libDiagnosticMessagesClient.dylib
0x00000000047e9000 	/System/Library/Frameworks/CoreServices.framework/Versions/A/CoreServices
0x00000000047e9000 	/System/Library/PrivateFrameworks/PerformanceAnalysis.framework/Versions/A/PerformanceAnalysis
0x00000000047e9000 	/System/Library/PrivateFrameworks/GenerationalStorage.framework/Versions/A/GenerationalStorage
0x00000000047e9000 	/System/Library/Frameworks/OpenGL.framework/Versions/A/OpenGL
0x00000000047e9000 	/System/Library/PrivateFrameworks/Sharing.framework/Versions/A/Sharing
0x00000000047e9000 	/System/Library/Frameworks/CoreGraphics.framework/Versions/A/CoreGraphics
0x00000000047e9000 	/System/Library/Frameworks/CoreImage.framework/Versions/A/CoreImage
0x00000000047e9000 	/System/Library/Frameworks/CoreText.framework/Versions/A/CoreText
0x00000000047e9000 	/System/Library/Frameworks/ImageIO.framework/Versions/A/ImageIO
0x00000000047e9000 	/System/Library/PrivateFrameworks/Backup.framework/Versions/A/Backup
0x00000000047e9000 	/usr/lib/libextension.dylib
0x00000000047e9000 	/usr/lib/libarchive.2.dylib
0x00000000047e9000 	/System/Library/Frameworks/CFNetwork.framework/Versions/A/CFNetwork
0x00000000047e9000 	/System/Library/Frameworks/SystemConfiguration.framework/Versions/A/SystemConfiguration
0x00000000047e9000 	/usr/lib/libCRFSuite.dylib
0x00000000047e9000 	/usr/lib/libc++.1.dylib
0x00000000047e9000 	/usr/lib/libc++abi.dylib
0x00000000047e9000 	/usr/lib/system/libcache.dylib
0x00000000047e9000 	/usr/lib/system/libcommonCrypto.dylib
0x00000000047e9000 	/usr/lib/system/libcompiler_rt.dylib
0x00000000047e9000 	/usr/lib/system/libcopyfile.dylib
0x00000000047e9000 	/usr/lib/system/libcorecrypto.dylib
0x00000000047e9000 	/usr/lib/system/libdispatch.dylib
0x00000000047e9000 	/usr/lib/system/libdyld.dylib
0x00000000047e9000 	/usr/lib/system/libkeymgr.dylib
0x00000000047e9000 	/usr/lib/system/liblaunch.dylib
0x00000000047e9000 	/usr/lib/system/libmacho.dylib
0x00000000047e9000 	/usr/lib/system/libquarantine.dylib
0x00000000047e9000 	/usr/lib/system/libremovefile.dylib
0x00000000047e9000 	/usr/lib/system/libsystem_asl.dylib
0x00000000047e9000 	/usr/lib/system/libsystem_blocks.dylib
0x00000000047e9000 	/usr/lib/system/libsystem_c.dylib
0x00000000047e9000 	/usr/lib/system/libsystem_configuration.dylib
0x00000000047e9000 	/usr/lib/system/libsystem_coreservices.dylib
0x00000000047e9000 	/usr/lib/system/libsystem_coretls.dylib
0x00000000047e9000 	/usr/lib/system/libsystem_dnssd.dylib
0x00000000047e9000 	/usr/lib/system/libsystem_info.dylib
0x00000000047e9000 	/usr/lib/system/libsystem_kernel.dylib
0x00000000047e9000 	/usr/lib/system/libsystem_m.dylib
0x00000000047e9000 	/usr/lib/system/libsystem_malloc.dylib
0x00000000047e9000 	/usr/lib/system/libsystem_network.dylib
0x00000000047e9000 	/usr/lib/system/libsystem_networkextension.dylib
0x00000000047e9000 	/usr/lib/system/libsystem_notify.dylib
0x00000000047e9000 	/usr/lib/system/libsystem_platform.dylib
0x00000000047e9000 	/usr/lib/system/libsystem_pthread.dylib
0x00000000047e9000 	/usr/lib/system/libsystem_sandbox.dylib
0x00000000047e9000 	/usr/lib/system/libsystem_secinit.dylib
0x00000000047e9000 	/usr/lib/system/libsystem_trace.dylib
0x00000000047e9000 	/usr/lib/system/libunc.dylib
0x00000000047e9000 	/usr/lib/system/libunwind.dylib
0x00000000047e9000 	/usr/lib/system/libxpc.dylib
0x00000000047e9000 	/usr/lib/libenergytrace.dylib
0x00000000047e9000 	/usr/lib/libbsm.0.dylib
0x00000000047e9000 	/usr/lib/system/libkxld.dylib
0x00000000047e9000 	/usr/lib/libxar.1.dylib
0x00000000047e9000 	/usr/lib/libsqlite3.dylib
0x00000000047e9000 	/usr/lib/libpam.2.dylib
0x00000000047e9000 	/usr/lib/libOpenScriptingUtil.dylib
0x00000000047e9000 	/usr/lib/libbz2.1.0.dylib
0x00000000047e9000 	/usr/lib/liblzma.5.dylib
0x00000000047e9000 	/System/Library/Frameworks/CoreServices.framework/Versions/A/Frameworks/FSEvents.framework/Versions/A/FSEvents
0x00000000047e9000 	/System/Library/Frameworks/CoreServices.framework/Versions/A/Frameworks/CarbonCore.framework/Versions/A/CarbonCore
0x00000000047e9000 	/System/Library/Frameworks/CoreServices.framework/Versions/A/Frameworks/Metadata.framework/Versions/A/Metadata
0x00000000047e9000 	/System/Library/Frameworks/CoreServices.framework/Versions/A/Frameworks/OSServices.framework/Versions/A/OSServices
0x00000000047e9000 	/System/Library/Frameworks/CoreServices.framework/Versions/A/Frameworks/SearchKit.framework/Versions/A/SearchKit
0x00000000047e9000 	/System/Library/Frameworks/CoreServices.framework/Versions/A/Frameworks/AE.framework/Versions/A/AE
0x00000000047e9000 	/System/Library/Frameworks/CoreServices.framework/Versions/A/Frameworks/LaunchServices.framework/Versions/A/LaunchServices
0x00000000047e9000 	/System/Library/Frameworks/CoreServices.framework/Versions/A/Frameworks/DictionaryServices.framework/Versions/A/DictionaryServices
0x00000000047e9000 	/System/Library/Frameworks/CoreServices.framework/Versions/A/Frameworks/SharedFileList.framework/Versions/A/SharedFileList
0x00000000047e9000 	/System/Library/Frameworks/NetFS.framework/Versions/A/NetFS
0x00000000047e9000 	/System/Library/PrivateFrameworks/NetAuth.framework/Versions/A/NetAuth
0x00000000047e9000 	/System/Library/PrivateFrameworks/login.framework/Versions/A/Frameworks/loginsupport.framework/Versions/A/loginsupport
0x00000000047e9000 	/System/Library/PrivateFrameworks/TCC.framework/Versions/A/TCC
0x00000000047e9000 	/usr/lib/libmecabra.dylib
0x00000000047e9000 	/System/Library/Frameworks/ApplicationServices.framework/Versions/A/Frameworks/ATS.framework/Versions/A/ATS
0x00000000047e9000 	/System/Library/Frameworks/ApplicationServices.framework/Versions/A/Frameworks/ColorSync.framework/Versions/A/ColorSync
0x00000000047e9000 	/System/Library/Frameworks/ApplicationServices.framework/Versions/A/Frameworks/HIServices.framework/Versions/A/HIServices
0x00000000047e9000 	/System/Library/Frameworks/ApplicationServices.framework/Versions/A/Frameworks/LangAnalysis.framework/Versions/A/LangAnalysis
0x00000000047e9000 	/System/Library/Frameworks/ApplicationServices.framework/Versions/A/Frameworks/PrintCore.framework/Versions/A/PrintCore
0x00000000047e9000 	/System/Library/Frameworks/ApplicationServices.framework/Versions/A/Frameworks/QD.framework/Versions/A/QD
0x00000000047e9000 	/System/Library/Frameworks/ApplicationServices.framework/Versions/A/Frameworks/SpeechSynthesis.framework/Versions/A/SpeechSynthesis
0x00000000047e9000 	/System/Library/Frameworks/Metal.framework/Versions/A/Metal
0x00000000047e9000 	/System/Library/Frameworks/Accelerate.framework/Versions/A/Frameworks/vImage.framework/Versions/A/vImage
0x00000000047e9000 	/System/Library/Frameworks/Accelerate.framework/Versions/A/Frameworks/vecLib.framework/Versions/A/vecLib
0x00000000047e9000 	/System/Library/Frameworks/Accelerate.framework/Versions/A/Frameworks/vecLib.framework/Versions/A/libvDSP.dylib
0x00000000047e9000 	/System/Library/Frameworks/Accelerate.framework/Versions/A/Frameworks/vecLib.framework/Versions/A/libvMisc.dylib
0x00000000047e9000 	/System/Library/Frameworks/Accelerate.framework/Versions/A/Frameworks/vecLib.framework/Versions/A/libLAPACK.dylib
0x00000000047e9000 	/System/Library/Frameworks/Accelerate.framework/Versions/A/Frameworks/vecLib.framework/Versions/A/libBLAS.dylib
0x00000000047e9000 	/System/Library/Frameworks/Accelerate.framework/Versions/A/Frameworks/vecLib.framework/Versions/A/libLinearAlgebra.dylib
0x00000000047e9000 	/System/Library/Frameworks/Accelerate.framework/Versions/A/Frameworks/vecLib.framework/Versions/A/libSparseBLAS.dylib
0x00000000047e9000 	/System/Library/PrivateFrameworks/GPUCompiler.framework/libmetal_timestamp.dylib
0x00000000047e9000 	/System/Library/Frameworks/OpenGL.framework/Versions/A/Libraries/libCoreFSCache.dylib
0x00000000047e9000 	/System/Library/PrivateFrameworks/IOAccelerator.framework/Versions/A/IOAccelerator
0x00000000047e9000 	/System/Library/Frameworks/ApplicationServices.framework/Versions/A/Frameworks/ATS.framework/Versions/A/Resources/libFontParser.dylib
0x00000000047e9000 	/System/Library/Frameworks/ApplicationServices.framework/Versions/A/Frameworks/ATS.framework/Versions/A/Resources/libFontRegistry.dylib
0x00000000047e9000 	/System/Library/PrivateFrameworks/AppleVPA.framework/Versions/A/AppleVPA
0x00000000047e9000 	/System/Library/PrivateFrameworks/AppleJPEG.framework/Versions/A/AppleJPEG
0x00000000047e9000 	/System/Library/Frameworks/ImageIO.framework/Versions/A/Resources/libJPEG.dylib
0x00000000047e9000 	/System/Library/Frameworks/ImageIO.framework/Versions/A/Resources/libTIFF.dylib
0x00000000047e9000 	/System/Library/Frameworks/ImageIO.framework/Versions/A/Resources/libPng.dylib
0x00000000047e9000 	/System/Library/Frameworks/ImageIO.framework/Versions/A/Resources/libGIF.dylib
0x00000000047e9000 	/System/Library/Frameworks/ImageIO.framework/Versions/A/Resources/libJP2.dylib
0x00000000047e9000 	/System/Library/Frameworks/ImageIO.framework/Versions/A/Resources/libRadiance.dylib
0x00000000047e9000 	/System/Library/Frameworks/CoreVideo.framework/Versions/A/CoreVideo
0x00000000047e9000 	/System/Library/Frameworks/OpenGL.framework/Versions/A/Libraries/libGLU.dylib
0x00000000047e9000 	/System/Library/Frameworks/OpenGL.framework/Versions/A/Libraries/libGFXShared.dylib
0x00000000047e9000 	/System/Library/Frameworks/OpenGL.framework/Versions/A/Libraries/libGL.dylib
0x00000000047e9000 	/System/Library/Frameworks/OpenGL.framework/Versions/A/Libraries/libGLImage.dylib
0x00000000047e9000 	/System/Library/Frameworks/OpenGL.framework/Versions/A/Libraries/libCVMSPluginSupport.dylib
0x00000000047e9000 	/System/Library/Frameworks/OpenGL.framework/Versions/A/Libraries/libCoreVMClient.dylib
0x00000000047e9000 	/usr/lib/libcompression.dylib
0x00000000047e9000 	/usr/lib/libcups.2.dylib
0x00000000047e9000 	/System/Library/Frameworks/Kerberos.framework/Versions/A/Kerberos
0x00000000047e9000 	/System/Library/Frameworks/GSS.framework/Versions/A/GSS
0x00000000047e9000 	/usr/lib/libresolv.9.dylib
0x00000000047e9000 	/usr/lib/libiconv.2.dylib
0x00000000047e9000 	/System/Library/PrivateFrameworks/Heimdal.framework/Versions/A/Heimdal
0x00000000047e9000 	/usr/lib/libheimdal-asn1.dylib
0x00000000047e9000 	/System/Library/Frameworks/OpenDirectory.framework/Versions/A/OpenDirectory
0x00000000047e9000 	/System/Library/PrivateFrameworks/CommonAuth.framework/Versions/A/CommonAuth
0x00000000047e9000 	/System/Library/Frameworks/OpenDirectory.framework/Versions/A/Frameworks/CFOpenDirectory.framework/Versions/A/CFOpenDirectory
0x00000000047e9000 	/System/Library/Frameworks/SecurityFoundation.framework/Versions/A/SecurityFoundation
0x00000000047e9000 	/System/Library/PrivateFrameworks/LanguageModeling.framework/Versions/A/LanguageModeling
0x00000000047e9000 	/usr/lib/libmarisa.dylib
0x00000000047e9000 	/usr/lib/libChineseTokenizer.dylib
0x00000000047e9000 	/usr/lib/libcmph.dylib
0x00000000047e9000 	/System/Library/Frameworks/ServiceManagement.framework/Versions/A/ServiceManagement
0x00000000047e9000 	/usr/lib/libxslt.1.dylib
0x00000000047e9000 	/System/Library/Frameworks/Carbon.framework/Versions/A/Frameworks/Ink.framework/Versions/A/Ink
0x00000000047e9000 	/usr/lib/libFosl_dynamic.dylib
0x00000000047e9000 	/System/Library/PrivateFrameworks/FaceCore.framework/Versions/A/FaceCore
0x00000000047e9000 	/System/Library/Frameworks/OpenCL.framework/Versions/A/OpenCL
0x00000000047e9000 	/System/Library/PrivateFrameworks/CrashReporterSupport.framework/Versions/A/CrashReporterSupport
0x00000000047e9000 	/System/Library/PrivateFrameworks/IconServices.framework/Versions/A/IconServices
0x00000000047e9000 	/System/Library/PrivateFrameworks/Apple80211.framework/Versions/A/Apple80211
0x00000000047e9000 	/System/Library/Frameworks/CoreWLAN.framework/Versions/A/CoreWLAN
0x00000000047e9000 	/System/Library/Frameworks/IOBluetooth.framework/Versions/A/IOBluetooth
0x00000000047e9000 	/System/Library/PrivateFrameworks/CoreWiFi.framework/Versions/A/CoreWiFi
0x00000000047e9000 	/System/Library/Frameworks/CoreBluetooth.framework/Versions/A/CoreBluetooth
0x00000000047e9000 	/System/Library/PrivateFrameworks/ChunkingLibrary.framework/Versions/A/ChunkingLibrary
0x00000000047e9000 	/System/Library/PrivateFrameworks/DebugSymbols.framework/Versions/A/DebugSymbols
0x00000000047e9000 	/System/Library/PrivateFrameworks/CoreSymbolication.framework/Versions/A/CoreSymbolication
0x00000000047e9000 	/System/Library/PrivateFrameworks/Symbolication.framework/Versions/A/Symbolication
0x00000000047e9000 	/System/Library/PrivateFrameworks/SpeechRecognitionCore.framework/Versions/A/SpeechRecognitionCore
0x000000010da00000 	/Library/Java/JavaVirtualMachines/jdk1.8.0_101.jdk/Contents/Home/jre/lib/server/libjvm.dylib
0x00000000047e9000 	/usr/lib/libstdc++.6.dylib
0x000000010d116000 	/Library/Java/JavaVirtualMachines/jdk1.8.0_101.jdk/Contents/Home/jre/lib/libverify.dylib
0x000000010d124000 	/Library/Java/JavaVirtualMachines/jdk1.8.0_101.jdk/Contents/Home/jre/lib/libjava.dylib
0x000000010d163000 	/Library/Java/JavaVirtualMachines/jdk1.8.0_101.jdk/Contents/Home/jre/lib/libzip.dylib
0x0000000124270000 	/System/Library/Frameworks/JavaVM.framework/Frameworks/JavaRuntimeSupport.framework/JavaRuntimeSupport
0x000000012428b000 	/System/Library/Frameworks/JavaVM.framework/Versions/A/Frameworks/JavaNativeFoundation.framework/Versions/A/JavaNativeFoundation
0x00000001242a0000 	/System/Library/Frameworks/JavaVM.framework/Versions/A/JavaVM
0x00000000047e9000 	/System/Library/Frameworks/Carbon.framework/Versions/A/Carbon
0x00000001242ad000 	/System/Library/PrivateFrameworks/JavaLaunching.framework/Versions/A/JavaLaunching
0x00000000047e9000 	/System/Library/Frameworks/Carbon.framework/Versions/A/Frameworks/CommonPanels.framework/Versions/A/CommonPanels
0x00000000047e9000 	/System/Library/Frameworks/Carbon.framework/Versions/A/Frameworks/Help.framework/Versions/A/Help
0x00000000047e9000 	/System/Library/Frameworks/Carbon.framework/Versions/A/Frameworks/ImageCapture.framework/Versions/A/ImageCapture
0x00000000047e9000 	/System/Library/Frameworks/Carbon.framework/Versions/A/Frameworks/OpenScripting.framework/Versions/A/OpenScripting
0x00000000047e9000 	/System/Library/Frameworks/Carbon.framework/Versions/A/Frameworks/Print.framework/Versions/A/Print
0x00000000047e9000 	/System/Library/Frameworks/Carbon.framework/Versions/A/Frameworks/SecurityHI.framework/Versions/A/SecurityHI
0x0000000125f8b000 	/Library/Java/JavaVirtualMachines/jdk1.8.0_101.jdk/Contents/Home/jre/lib/libnet.dylib
0x0000000125fea000 	/Library/Java/JavaVirtualMachines/jdk1.8.0_101.jdk/Contents/Home/jre/lib/libnio.dylib
0x0000000125ffa000 	/Users/Micha/.gradle/native/19/osx-amd64/libnative-platform.dylib
0x0000000125dd7000 	/Library/Java/JavaVirtualMachines/jdk1.8.0_101.jdk/Contents/Home/jre/lib/libmanagement.dylib
0x000000012785c000 	/Library/Java/JavaVirtualMachines/jdk1.8.0_101.jdk/Contents/Home/jre/lib/libawt.dylib
0x0000000127f62000 	/Library/Java/JavaVirtualMachines/jdk1.8.0_101.jdk/Contents/Home/jre/lib/./libmlib_image.dylib
0x0000000126dfd000 	/Library/Java/JavaVirtualMachines/jdk1.8.0_101.jdk/Contents/Home/jre/lib/libawt_lwawt.dylib
0x0000000125db6000 	/Library/Java/JavaVirtualMachines/jdk1.8.0_101.jdk/Contents/Home/jre/lib/./libosxapp.dylib
0x00000000047e9000 	/System/Library/Frameworks/ExceptionHandling.framework/Versions/A/ExceptionHandling
0x00000000047e9000 	/System/Library/PrivateFrameworks/CoreServicesInternal.framework/Versions/A/CoreServicesInternal
0x00000000047e9000 	/System/Library/Frameworks/CoreGraphics.framework/Versions/A/Resources/libRIP.A.dylib
0x00000000047e9000 	/System/Library/Frameworks/Accelerate.framework/Versions/A/Frameworks/vImage.framework/Versions/A/Libraries/libCGInterfaces.dylib
0x00000000047e9000 	/System/Library/Frameworks/OpenCL.framework/Versions/A/Libraries/libcldcpuengine.dylib
0x00000000047e9000 	/System/Library/PrivateFrameworks/DiskImages.framework/Versions/A/DiskImages
0x00000000047e9000 	/System/Library/Frameworks/DiscRecording.framework/Versions/A/DiscRecording
0x00000000047e9000 	/usr/lib/libcsfde.dylib
0x00000000047e9000 	/usr/lib/libcurl.4.dylib
0x00000000047e9000 	/System/Library/PrivateFrameworks/MediaKit.framework/Versions/A/MediaKit
0x00000000047e9000 	/System/Library/PrivateFrameworks/ProtectedCloudStorage.framework/Versions/A/ProtectedCloudStorage
0x00000000047e9000 	/usr/lib/libCoreStorage.dylib
0x00000000047e9000 	/System/Library/PrivateFrameworks/EFILogin.framework/Versions/A/EFILogin
0x00000000047e9000 	/usr/lib/libutil.dylib
0x00000000047e9000 	/System/Library/PrivateFrameworks/FindMyDevice.framework/Versions/A/FindMyDevice
0x00000000047e9000 	/System/Library/Frameworks/LDAP.framework/Versions/A/LDAP
0x00000000047e9000 	/usr/lib/libsasl2.2.dylib
0x00000000047e9000 	/System/Library/PrivateFrameworks/CoreDaemon.framework/Versions/B/CoreDaemon
0x00000000047e9000 	/usr/lib/libcrypto.0.9.8.dylib
0x00000000047e9000 	/System/Library/PrivateFrameworks/AppleSRP.framework/Versions/A/AppleSRP
0x00000000047e9000 	/System/Library/PrivateFrameworks/TrustEvaluationAgent.framework/Versions/A/TrustEvaluationAgent
0x0000000125e3b000 	cl_kernels
0x00000000047e9000 	/System/Library/Frameworks/OpenCL.framework/Versions/A/Libraries/ImageFormats/unorm8_bgra.dylib
0x00000000047e9000 	/System/Library/Frameworks/OpenCL.framework/Versions/A/Libraries/ImageFormats/unorm8_rgba.dylib
0x00000000047e9000 	/System/Library/PrivateFrameworks/FamilyControls.framework/Versions/A/FamilyControls
0x00000000047e9000 	/System/Library/PrivateFrameworks/CommerceKit.framework/Versions/A/Frameworks/CommerceCore.framework/Versions/A/CommerceCore
0x00000000047e9000 	/System/Library/PrivateFrameworks/SystemAdministration.framework/Versions/A/SystemAdministration
0x00000000047e9000 	/System/Library/PrivateFrameworks/AppContainer.framework/Versions/A/AppContainer
0x00000000047e9000 	/System/Library/PrivateFrameworks/SecCodeWrapper.framework/Versions/A/SecCodeWrapper
0x00000000047e9000 	/System/Library/Frameworks/DirectoryService.framework/Versions/A/DirectoryService
0x00000000047e9000 	/System/Library/PrivateFrameworks/LoginUIKit.framework/Versions/A/Frameworks/LoginUICore.framework/Versions/A/LoginUICore
0x00000000047e9000 	/usr/lib/libodfde.dylib
0x00000000047e9000 	/System/Library/Frameworks/OpenGL.framework/Versions/A/Resources/GLEngine.bundle/GLEngine
0x00000000047e9000 	/System/Library/Frameworks/OpenGL.framework/Versions/A/Libraries/libGLProgrammability.dylib
0x000000012c752000 	/System/Library/Extensions/AppleIntelHD3000GraphicsGLDriver.bundle/Contents/MacOS/AppleIntelHD3000GraphicsGLDriver
0x00000000047e9000 	/System/Library/PrivateFrameworks/GPUSupport.framework/Versions/A/Libraries/libGPUSupport.dylib
0x00000000047e9000 	/System/Library/Frameworks/OpenGL.framework/Versions/A/Resources/GLRendererFloat.bundle/GLRendererFloat
0x000000012719c000 	/Library/Java/JavaVirtualMachines/jdk1.8.0_101.jdk/Contents/Home/jre/lib/libdcpr.dylib
0x0000000126951000 	/Library/Java/JavaVirtualMachines/jdk1.8.0_101.jdk/Contents/Home/jre/lib/libsunec.dylib

VM Arguments:
jvm_args: -Xmx2048M -Dfile.encoding=UTF-8 -Duser.country=DE -Duser.language=de -Duser.variant 
java_command: org.gradle.launcher.daemon.bootstrap.GradleDaemon 2.10
java_class_path (initial): /Users/Micha/.gradle/wrapper/dists/gradle-2.10-all/a4w5fzrkeut1ox71xslb49gst/gradle-2.10/lib/gradle-launcher-2.10.jar
Launcher Type: SUN_STANDARD

Environment Variables:
PATH=/usr/bin:/bin:/usr/sbin:/sbin
SHELL=/bin/bash
DISPLAY=/private/tmp/com.apple.launchd.ulI5bN3BLF/org.macosforge.xquartz:0

Signal Handlers:
SIGSEGV: [libjvm.dylib+0x5af145], sa_mask[0]=11111111011111110111111111111111, sa_flags=SA_ONSTACK|SA_RESTART|SA_SIGINFO
SIGBUS: [libjvm.dylib+0x5af145], sa_mask[0]=11111111011111110111111111111111, sa_flags=SA_RESTART|SA_SIGINFO
SIGFPE: [libjvm.dylib+0x48694c], sa_mask[0]=11111111011111110111111111111111, sa_flags=SA_RESTART|SA_SIGINFO
SIGPIPE: [libjvm.dylib+0x48694c], sa_mask[0]=11111111011111110111111111111111, sa_flags=SA_RESTART|SA_SIGINFO
SIGXFSZ: [libjvm.dylib+0x48694c], sa_mask[0]=11111111011111110111111111111111, sa_flags=SA_RESTART|SA_SIGINFO
SIGILL: [libjvm.dylib+0x48694c], sa_mask[0]=11111111011111110111111111111111, sa_flags=SA_RESTART|SA_SIGINFO
SIGUSR1: SIG_DFL, sa_mask[0]=00000000000000000000000000000000, sa_flags=none
SIGUSR2: [libjvm.dylib+0x48646a], sa_mask[0]=00100000000000000000000000000000, sa_flags=SA_RESTART|SA_SIGINFO
SIGHUP: [libjvm.dylib+0x484a41], sa_mask[0]=11111111011111110111111111111111, sa_flags=SA_RESTART|SA_SIGINFO
SIGINT: [libjvm.dylib+0x484a41], sa_mask[0]=11111111011111110111111111111111, sa_flags=SA_RESTART|SA_SIGINFO
SIGTERM: [libjvm.dylib+0x484a41], sa_mask[0]=11111111011111110111111111111111, sa_flags=SA_RESTART|SA_SIGINFO
SIGQUIT: [libjvm.dylib+0x484a41], sa_mask[0]=11111111011111110111111111111111, sa_flags=SA_RESTART|SA_SIGINFO


---------------  S Y S T E M  ---------------

OS:Bsduname:Darwin 15.5.0 Darwin Kernel Version 15.5.0: Tue Apr 19 18:36:36 PDT 2016; root:xnu-3248.50.21~8/RELEASE_X86_64 x86_64
rlimit: STACK 8192k, CORE 0k, NPROC 709, NOFILE 10240, AS infinity
load average:2.67 3.24 3.24

CPU:total 4 (2 cores per cpu, 2 threads per core) family 6 model 42 stepping 7, cmov, cx8, fxsr, mmx, sse, sse2, sse3, ssse3, sse4.1, sse4.2, popcnt, avx, aes, clmul, ht, tsc, tscinvbit

Memory: 4k page, physical 8388608k(23872k free)

/proc/meminfo:


vm_info: Java HotSpot(TM) 64-Bit Server VM (25.101-b13) for bsd-amd64 JRE (1.8.0_101-b13), built on Jun 22 2016 02:42:15 by "java_re" with gcc 4.2.1 (Based on Apple Inc. build 5658) (LLVM build 2336.11.00)

time: Thu Sep 15 20:21:29 2016
elapsed time: 27924 seconds (0d 7h 45m 24s)

