#
# A fatal error has been detected by the Java Runtime Environment:
#
#  SIGSEGV (0xb) at pc=0x0000000105733530, pid=2147, tid=0x0000000000002e03
#
# JRE version: Java(TM) SE Runtime Environment (8.0_101-b13) (build 1.8.0_101-b13)
# Java VM: Java HotSpot(TM) 64-Bit Server VM (25.101-b13 mixed mode bsd-amd64 compressed oops)
# Problematic frame:
# V  [libjvm.dylib+0x533530]
#
# Failed to write core dump. Core dumps have been disabled. To enable core dumping, try "ulimit -c unlimited" before starting Java again
#
# If you would like to submit a bug report, please visit:
#   http://bugreport.java.com/bugreport/crash.jsp
#

---------------  T H R E A D  ---------------

Current thread (0x00007fc284044000):  VMThread [stack: 0x0000700000629000,0x0000700000729000] [id=11779]

siginfo: si_signo: 11 (SIGSEGV), si_code: 1 (SEGV_MAPERR), si_addr: 0x00007fc0836cdc10

Registers:
RAX=0x0000000000000007, RBX=0x0000700000728728, RCX=0x0000000000000007, RDX=0x00000000000958e0
RSP=0x0000700000728540, RBP=0x0000700000728580, RSI=0x0000000104637800, RDI=0x00007fc284c295c0
R8 =0x0000700000728598, R9 =0x00007fc284b4ba50, R10=0x000000003576c05a, R11=0x00007fc284b00000
R12=0x00007fc2873f8f60, R13=0x00007fc0836cdc08, R14=0x000070000072872c, R15=0x0000000000010020
RIP=0x0000000105733530, EFLAGS=0x0000000000010202, ERR=0x0000000000000004
  TRAPNO=0x000000000000000e

Top of Stack: (sp=0x0000700000728540)
0x0000700000728540:   0000000105a2fc80 0000000000002e27
0x0000700000728550:   0000700000728598 0000700000728728
0x0000700000728560:   0000000000000000 00007fc28835e590
0x0000700000728570:   000070000072872c 00007000007286e0
0x0000700000728580:   00007000007285b0 000000010573370b
0x0000700000728590:   0000000000000000 000000000004de5d
0x00007000007285a0:   0000700000728690 0000000105aedce0
0x00007000007285b0:   0000700000728760 00000001056c2a22
0x00007000007285c0:   0000000105aedf60 0000000000000011
0x00007000007285d0:   0000000000000000 000000000000032f
0x00007000007285e0:   000000000000004a 0000000000000001
0x00007000007285f0:   bf007a76962fc9d6 0000700000728728
0x0000700000728600:   0000700000728980 0000000000000001
0x0000700000728610:   00000001057e0dc1 0000000000000000
0x0000700000728620:   000000000000032f 000000000000004a
0x0000700000728630:   0000000000000001 0000000105811637
0x0000700000728640:   00000001057e0100 0000000105aedf60
0x0000700000728650:   0000002e73b8d390 0000006a944a32fb
0x0000700000728660:   0000700000728601 000000010581162e
0x0000700000728670:   0000700000720100 0000000105aedf60
0x0000700000728680:   0000002e716fc39e 0000006a8f0b9d61
0x0000700000728690:   00000001057e0dec 0000000000000100
0x00007000007286a0:   0000000105aedf60 0000002e73bb0b94
0x00007000007286b0:   0000006a944f4a51 0000000105ad2810
0x00007000007286c0:   00007fc282709c40 0000000105ad2830
0x00007000007286d0:   0000700000728700 00007fc282709c40
0x00007000007286e0:   0000000105ad45d0 0000000000000004
0x00007000007286f0:   00007fc282709780 0000000000000004
0x0000700000728700:   0000000105811620 0000000000000100
0x0000700000728710:   0000000105aedf60 0000002e716f783e
0x0000700000728720:   0000006a8f0af143 0000af630000008c
0x0000700000728730:   000034ae00000000 00007fc282607190 

Instructions: (pc=0x0000000105733530)
0x0000000105733510:   ff 49 c1 e7 03 48 89 75 c8 48 8b 05 98 bd 3b 00
0x0000000105733520:   4c 8b 60 08 4f 8b 2c 3c 4d 01 fc e9 82 00 00 00
0x0000000105733530:   41 f6 45 08 01 74 0c 48 8d 05 0e 0e 3b 00 83 38
0x0000000105733540:   00 74 78 48 8d 05 d6 bc 2e 00 48 63 00 49 8b 7d 

Register to memory mapping:

RAX=0x0000000000000007 is an unknown value
RBX=0x0000700000728728 is an unknown value
RCX=0x0000000000000007 is an unknown value
RDX=0x00000000000958e0 is an unknown value
RSP=0x0000700000728540 is an unknown value
RBP=0x0000700000728580 is an unknown value
RSI=0x0000000104637800 is an unknown value
RDI=0x00007fc284c295c0 is an unknown value
R8 =0x0000700000728598 is an unknown value
R9 =0x00007fc284b4ba50 is an unknown value
R10=0x000000003576c05a is an unknown value
R11=0x00007fc284b00000 is an unknown value
R12=0x00007fc2873f8f60 is an unknown value
R13=0x00007fc0836cdc08 is an unknown value
R14=0x000070000072872c is an unknown value
R15=0x0000000000010020 is an unknown value


Stack: [0x0000700000629000,0x0000700000729000],  sp=0x0000700000728540,  free space=1021k
Native frames: (J=compiled Java code, j=interpreted, Vv=VM code, C=native code)
V  [libjvm.dylib+0x533530]
V  [libjvm.dylib+0x53370b]
V  [libjvm.dylib+0x4c2a22]
V  [libjvm.dylib+0x4c3ebb]
V  [libjvm.dylib+0x4c44cf]
V  [libjvm.dylib+0x19df06]
V  [libjvm.dylib+0x5af654]
V  [libjvm.dylib+0x5b64c9]
V  [libjvm.dylib+0x5b4b35]
V  [libjvm.dylib+0x5b4f82]
V  [libjvm.dylib+0x5b48a1]
V  [libjvm.dylib+0x48933a]
C  [libsystem_pthread.dylib+0x399d]  _pthread_body+0x83
C  [libsystem_pthread.dylib+0x391a]  _pthread_body+0x0
C  [libsystem_pthread.dylib+0x1351]  thread_start+0xd

VM_Operation (0x00007000014cd1a8): CollectForMetadataAllocation, mode: safepoint, requested by thread 0x00007fc283204800


---------------  P R O C E S S  ---------------

Java Threads: ( => current thread )
  0x00007fc285b9e800 JavaThread "File lock request listener" [_thread_in_native, id=22019, stack(0x00007000015dc000,0x00007000016dc000)]
  0x00007fc283204800 JavaThread "Daemon worker" [_thread_blocked, id=20483, stack(0x00007000013d6000,0x00007000014d6000)]
  0x00007fc28422f000 JavaThread "Cancel handler" [_thread_blocked, id=5127, stack(0x00007000012d3000,0x00007000013d3000)]
  0x00007fc282b4a000 JavaThread "Handler for socket connection from /127.0.0.1:61429 to /127.0.0.1:61490" [_thread_in_native, id=4615, stack(0x00007000011d0000,0x00007000012d0000)]
  0x00007fc282b80000 JavaThread "Daemon" [_thread_blocked, id=13831, stack(0x00007000010cd000,0x00007000011cd000)]
  0x00007fc28427a800 JavaThread "Incoming local TCP Connector on port 61429" [_thread_in_native, id=13323, stack(0x0000700000932000,0x0000700000a32000)]
  0x00007fc28281e000 JavaThread "Service Thread" daemon [_thread_blocked, id=19203, stack(0x0000700000ec7000,0x0000700000fc7000)]
  0x00007fc28382f000 JavaThread "C1 CompilerThread2" daemon [_thread_blocked, id=18691, stack(0x0000700000dc4000,0x0000700000ec4000)]
  0x00007fc284048000 JavaThread "C2 CompilerThread1" daemon [_thread_in_native, id=18179, stack(0x0000700000cc1000,0x0000700000dc1000)]
  0x00007fc28382e000 JavaThread "C2 CompilerThread0" daemon [_thread_in_native, id=17667, stack(0x0000700000bbe000,0x0000700000cbe000)]
  0x00007fc282817000 JavaThread "Signal Dispatcher" daemon [_thread_blocked, id=16919, stack(0x0000700000abb000,0x0000700000bbb000)]
  0x00007fc284045000 JavaThread "Finalizer" daemon [_thread_blocked, id=12803, stack(0x000070000082f000,0x000070000092f000)]
  0x00007fc28300a800 JavaThread "Reference Handler" daemon [_thread_blocked, id=12291, stack(0x000070000072c000,0x000070000082c000)]
  0x00007fc283802800 JavaThread "main" [_thread_blocked, id=6403, stack(0x000070000011a000,0x000070000021a000)]

Other Threads:
=>0x00007fc284044000 VMThread [stack: 0x0000700000629000,0x0000700000729000] [id=11779]
  0x00007fc28404b800 WatcherThread [stack: 0x0000700000fca000,0x00007000010ca000] [id=19715]

VM state:at safepoint (normal execution)

VM Mutex/Monitor currently owned by a thread:  ([mutex/lock_event])
[0x00007fc282704410] Threads_lock - owner thread: 0x00007fc284044000
[0x00007fc282704910] Heap_lock - owner thread: 0x00007fc283204800

Heap:
 PSYoungGen      total 82944K, used 2323K [0x0000000795580000, 0x000000079af80000, 0x00000007c0000000)
  eden space 73728K, 0% used [0x0000000795580000,0x0000000795580000,0x0000000799d80000)
  from space 9216K, 25% used [0x000000079a680000,0x000000079a8c4c68,0x000000079af80000)
  to   space 9216K, 0% used [0x0000000799d80000,0x0000000799d80000,0x000000079a680000)
 ParOldGen       total 45568K, used 21426K [0x0000000740000000, 0x0000000742c80000, 0x0000000795580000)
  object space 45568K, 47% used [0x0000000740000000,0x00000007414ec958,0x0000000742c80000)
 Metaspace       used 34654K, capacity 35264K, committed 35456K, reserved 1079296K
  class space    used 4717K, capacity 4900K, committed 4992K, reserved 1048576K

Card table byte_map: [0x000000011555d000,0x000000011595e000] byte_map_base: 0x0000000111b5d000

Marking Bits: (ParMarkBitMap*) 0x0000000105aedd20
 Begin Bits: [0x0000000115c09000, 0x0000000117c09000)
 End Bits:   [0x0000000117c09000, 0x0000000119c09000)

Polling page: 0x00000001048da000

CodeCache: size=245760Kb used=14262Kb max_used=14262Kb free=231497Kb
 bounds [0x000000010619d000, 0x0000000106f9d000, 0x000000011519d000]
 total_blobs=4910 nmethods=4256 adapters=566
 compilation: enabled

Compilation events (10 events):
Event: 199.213 Thread 0x00007fc28382f000 4509       2       org.gradle.model.internal.registry.DefaultModelRegistry$ModelElementNode::getLink (6 bytes)
Event: 199.213 Thread 0x00007fc28382f000 nmethod 4509 0x0000000106f90bd0 code [0x0000000106f90d40, 0x0000000106f90ee8]
Event: 199.213 Thread 0x00007fc28382f000 4510       2       org.gradle.model.internal.registry.DefaultModelRegistry$ModelElementNode::getLink (14 bytes)
Event: 199.213 Thread 0x00007fc28382f000 nmethod 4510 0x0000000106f90fd0 code [0x0000000106f91140, 0x0000000106f912e8]
Event: 199.355 Thread 0x00007fc28382f000 4511       2       com.google.common.collect.MapMakerInternalMap$Segment::copyEntry (81 bytes)
Event: 199.356 Thread 0x00007fc28382f000 nmethod 4511 0x0000000106f91390 code [0x0000000106f91560, 0x0000000106f91868]
Event: 199.356 Thread 0x00007fc28382f000 4512       2       com.google.common.collect.MapMakerInternalMap$EntryFactory::copyEntry (19 bytes)
Event: 199.356 Thread 0x00007fc28382f000 nmethod 4512 0x0000000106f91a50 code [0x0000000106f91be0, 0x0000000106f91de8]
Event: 199.363 Thread 0x00007fc28382f000 4513       2       org.gradle.model.internal.registry.DefaultModelRegistry$ModelElementNode::setPrivateData (42 bytes)
Event: 199.365 Thread 0x00007fc28382f000 nmethod 4513 0x0000000106f91ed0 code [0x0000000106f920a0, 0x0000000106f92718]

GC Heap History (10 events):
Event: 196.952 GC heap after
Heap after GC invocations=13 (full 1):
 PSYoungGen      total 39936K, used 1825K [0x0000000795580000, 0x0000000799700000, 0x00000007c0000000)
  eden space 29696K, 0% used [0x0000000795580000,0x0000000795580000,0x0000000797280000)
  from space 10240K, 17% used [0x0000000797c80000,0x0000000797e48780,0x0000000798680000)
  to   space 10240K, 0% used [0x0000000797280000,0x0000000797280000,0x0000000797c80000)
 ParOldGen       total 45568K, used 13687K [0x0000000740000000, 0x0000000742c80000, 0x0000000795580000)
  object space 45568K, 30% used [0x0000000740000000,0x0000000740d5dd30,0x0000000742c80000)
 Metaspace       used 31100K, capacity 31718K, committed 32128K, reserved 1077248K
  class space    used 4244K, capacity 4369K, committed 4480K, reserved 1048576K
}
Event: 197.583 GC heap before
{Heap before GC invocations=14 (full 1):
 PSYoungGen      total 39936K, used 31521K [0x0000000795580000, 0x0000000799700000, 0x00000007c0000000)
  eden space 29696K, 100% used [0x0000000795580000,0x0000000797280000,0x0000000797280000)
  from space 10240K, 17% used [0x0000000797c80000,0x0000000797e48780,0x0000000798680000)
  to   space 10240K, 0% used [0x0000000797280000,0x0000000797280000,0x0000000797c80000)
 ParOldGen       total 45568K, used 13687K [0x0000000740000000, 0x0000000742c80000, 0x0000000795580000)
  object space 45568K, 30% used [0x0000000740000000,0x0000000740d5dd30,0x0000000742c80000)
 Metaspace       used 32005K, capacity 32626K, committed 32768K, reserved 1077248K
  class space    used 4384K, capacity 4565K, committed 4608K, reserved 1048576K
Event: 197.590 GC heap after
Heap after GC invocations=14 (full 1):
 PSYoungGen      total 39936K, used 2597K [0x0000000795580000, 0x0000000799600000, 0x00000007c0000000)
  eden space 29696K, 0% used [0x0000000795580000,0x0000000795580000,0x0000000797280000)
  from space 10240K, 25% used [0x0000000797280000,0x0000000797509618,0x0000000797c80000)
  to   space 9728K, 0% used [0x0000000798c80000,0x0000000798c80000,0x0000000799600000)
 ParOldGen       total 45568K, used 14775K [0x0000000740000000, 0x0000000742c80000, 0x0000000795580000)
  object space 45568K, 32% used [0x0000000740000000,0x0000000740e6dd30,0x0000000742c80000)
 Metaspace       used 32005K, capacity 32626K, committed 32768K, reserved 1077248K
  class space    used 4384K, capacity 4565K, committed 4608K, reserved 1048576K
}
Event: 198.359 GC heap before
{Heap before GC invocations=15 (full 1):
 PSYoungGen      total 39936K, used 32293K [0x0000000795580000, 0x0000000799600000, 0x00000007c0000000)
  eden space 29696K, 100% used [0x0000000795580000,0x0000000797280000,0x0000000797280000)
  from space 10240K, 25% used [0x0000000797280000,0x0000000797509618,0x0000000797c80000)
  to   space 9728K, 0% used [0x0000000798c80000,0x0000000798c80000,0x0000000799600000)
 ParOldGen       total 45568K, used 14775K [0x0000000740000000, 0x0000000742c80000, 0x0000000795580000)
  object space 45568K, 32% used [0x0000000740000000,0x0000000740e6dd30,0x0000000742c80000)
 Metaspace       used 33025K, capacity 33790K, committed 33920K, reserved 1079296K
  class space    used 4490K, capacity 4696K, committed 4736K, reserved 1048576K
Event: 198.372 GC heap after
Heap after GC invocations=15 (full 1):
 PSYoungGen      total 56320K, used 3666K [0x0000000795580000, 0x0000000799600000, 0x00000007c0000000)
  eden space 46592K, 0% used [0x0000000795580000,0x0000000795580000,0x0000000798300000)
  from space 9728K, 37% used [0x0000000798c80000,0x00000007990148a0,0x0000000799600000)
  to   space 9728K, 0% used [0x0000000798300000,0x0000000798300000,0x0000000798c80000)
 ParOldGen       total 45568K, used 16577K [0x0000000740000000, 0x0000000742c80000, 0x0000000795580000)
  object space 45568K, 36% used [0x0000000740000000,0x0000000741030550,0x0000000742c80000)
 Metaspace       used 33025K, capacity 33790K, committed 33920K, reserved 1079296K
  class space    used 4490K, capacity 4696K, committed 4736K, reserved 1048576K
}
Event: 198.939 GC heap before
{Heap before GC invocations=16 (full 1):
 PSYoungGen      total 56320K, used 50258K [0x0000000795580000, 0x0000000799600000, 0x00000007c0000000)
  eden space 46592K, 100% used [0x0000000795580000,0x0000000798300000,0x0000000798300000)
  from space 9728K, 37% used [0x0000000798c80000,0x00000007990148a0,0x0000000799600000)
  to   space 9728K, 0% used [0x0000000798300000,0x0000000798300000,0x0000000798c80000)
 ParOldGen       total 45568K, used 16577K [0x0000000740000000, 0x0000000742c80000, 0x0000000795580000)
  object space 45568K, 36% used [0x0000000740000000,0x0000000741030550,0x0000000742c80000)
 Metaspace       used 33363K, capacity 34044K, committed 34176K, reserved 1079296K
  class space    used 4539K, capacity 4733K, committed 4736K, reserved 1048576K
Event: 198.954 GC heap after
Heap after GC invocations=16 (full 1):
 PSYoungGen      total 56320K, used 1726K [0x0000000795580000, 0x000000079af80000, 0x00000007c0000000)
  eden space 46592K, 0% used [0x0000000795580000,0x0000000795580000,0x0000000798300000)
  from space 9728K, 17% used [0x0000000798300000,0x00000007984af9f0,0x0000000798c80000)
  to   space 9216K, 0% used [0x000000079a680000,0x000000079a680000,0x000000079af80000)
 ParOldGen       total 45568K, used 19972K [0x0000000740000000, 0x0000000742c80000, 0x0000000795580000)
  object space 45568K, 43% used [0x0000000740000000,0x0000000741381038,0x0000000742c80000)
 Metaspace       used 33363K, capacity 34044K, committed 34176K, reserved 1079296K
  class space    used 4539K, capacity 4733K, committed 4736K, reserved 1048576K
}
Event: 199.464 GC heap before
{Heap before GC invocations=17 (full 1):
 PSYoungGen      total 56320K, used 19342K [0x0000000795580000, 0x000000079af80000, 0x00000007c0000000)
  eden space 46592K, 37% used [0x0000000795580000,0x00000007966b3e68,0x0000000798300000)
  from space 9728K, 17% used [0x0000000798300000,0x00000007984af9f0,0x0000000798c80000)
  to   space 9216K, 0% used [0x000000079a680000,0x000000079a680000,0x000000079af80000)
 ParOldGen       total 45568K, used 19972K [0x0000000740000000, 0x0000000742c80000, 0x0000000795580000)
  object space 45568K, 43% used [0x0000000740000000,0x0000000741381038,0x0000000742c80000)
 Metaspace       used 34654K, capacity 35264K, committed 35456K, reserved 1079296K
  class space    used 4717K, capacity 4900K, committed 4992K, reserved 1048576K
Event: 199.471 GC heap after
Heap after GC invocations=17 (full 1):
 PSYoungGen      total 82944K, used 2323K [0x0000000795580000, 0x000000079af80000, 0x00000007c0000000)
  eden space 73728K, 0% used [0x0000000795580000,0x0000000795580000,0x0000000799d80000)
  from space 9216K, 25% used [0x000000079a680000,0x000000079a8c4c68,0x000000079af80000)
  to   space 9216K, 0% used [0x0000000799d80000,0x0000000799d80000,0x000000079a680000)
 ParOldGen       total 45568K, used 21426K [0x0000000740000000, 0x0000000742c80000, 0x0000000795580000)
  object space 45568K, 47% used [0x0000000740000000,0x00000007414ec958,0x0000000742c80000)
 Metaspace       used 34654K, capacity 35264K, committed 35456K, reserved 1079296K
  class space    used 4717K, capacity 4900K, committed 4992K, reserved 1048576K
}
Event: 199.472 GC heap before
{Heap before GC invocations=18 (full 2):
 PSYoungGen      total 82944K, used 2323K [0x0000000795580000, 0x000000079af80000, 0x00000007c0000000)
  eden space 73728K, 0% used [0x0000000795580000,0x0000000795580000,0x0000000799d80000)
  from space 9216K, 25% used [0x000000079a680000,0x000000079a8c4c68,0x000000079af80000)
  to   space 9216K, 0% used [0x0000000799d80000,0x0000000799d80000,0x000000079a680000)
 ParOldGen       total 45568K, used 21426K [0x0000000740000000, 0x0000000742c80000, 0x0000000795580000)
  object space 45568K, 47% used [0x0000000740000000,0x00000007414ec958,0x0000000742c80000)
 Metaspace       used 34654K, capacity 35264K, committed 35456K, reserved 1079296K
  class space    used 4717K, capacity 4900K, committed 4992K, reserved 1048576K

Deoptimization events (10 events):
Event: 198.781 Thread 0x00007fc283204800 Uncommon trap: reason=bimorphic action=maybe_recompile pc=0x0000000106ee6be8 method=org.gradle.model.internal.type.ModelType.getType()Ljava/lang/reflect/Type; @ 4
Event: 198.781 Thread 0x00007fc283204800 Uncommon trap: reason=bimorphic action=maybe_recompile pc=0x0000000106ee6be8 method=org.gradle.model.internal.type.ModelType.getType()Ljava/lang/reflect/Type; @ 4
Event: 198.781 Thread 0x00007fc283204800 Uncommon trap: reason=bimorphic action=maybe_recompile pc=0x0000000106ee6be8 method=org.gradle.model.internal.type.ModelType.getType()Ljava/lang/reflect/Type; @ 4
Event: 198.829 Thread 0x00007fc283204800 Uncommon trap: reason=class_check action=maybe_recompile pc=0x0000000106e4d4dc method=com.google.common.reflect.TypeVisitor.visit([Ljava/lang/reflect/Type;)V @ 56
Event: 198.830 Thread 0x00007fc283204800 Uncommon trap: reason=class_check action=maybe_recompile pc=0x0000000106e4d4dc method=com.google.common.reflect.TypeVisitor.visit([Ljava/lang/reflect/Type;)V @ 56
Event: 198.830 Thread 0x00007fc283204800 Uncommon trap: reason=class_check action=maybe_recompile pc=0x0000000106e4d4dc method=com.google.common.reflect.TypeVisitor.visit([Ljava/lang/reflect/Type;)V @ 56
Event: 198.830 Thread 0x00007fc283204800 Uncommon trap: reason=class_check action=maybe_recompile pc=0x0000000106e4d4dc method=com.google.common.reflect.TypeVisitor.visit([Ljava/lang/reflect/Type;)V @ 56
Event: 198.904 Thread 0x00007fc283204800 Uncommon trap: reason=unstable_if action=reinterpret pc=0x0000000106e454f8 method=com.google.common.collect.ImmutableSet.construct(I[Ljava/lang/Object;)Lcom/google/common/collect/ImmutableSet; @ 201
Event: 198.980 Thread 0x00007fc283204800 Uncommon trap: reason=class_check action=maybe_recompile pc=0x00000001069ab294 method=java.util.regex.Matcher.search(I)Z @ 86
Event: 198.980 Thread 0x00007fc283204800 Uncommon trap: reason=class_check action=maybe_recompile pc=0x00000001069ab294 method=java.util.regex.Matcher.search(I)Z @ 86

Internal exceptions (10 events):
Event: 198.681 Thread 0x00007fc283204800 Exception <a 'java/lang/ClassNotFoundException': java/util/HashSetCustomizer> (0x0000000796f0cb68) thrown at [/HUDSON3/workspace/8-2-build-macosx-x86_64/jdk8u101/7261/hotspot/src/share/vm/classfile/systemDictionary.cpp, line 210]
Event: 198.682 Thread 0x00007fc283204800 Exception <a 'java/lang/ClassNotFoundException': java/util/LinkedHashSetCustomizer> (0x0000000796f1f070) thrown at [/HUDSON3/workspace/8-2-build-macosx-x86_64/jdk8u101/7261/hotspot/src/share/vm/classfile/systemDictionary.cpp, line 210]
Event: 199.020 Thread 0x00007fc283204800 Exception <a 'java/lang/ClassNotFoundException': org/gradle/api/internal/DynamicPropertyNamerBeanInfo> (0x00000007959216f8) thrown at [/HUDSON3/workspace/8-2-build-macosx-x86_64/jdk8u101/7261/hotspot/src/share/vm/classfile/systemDictionary.cpp, line 210]
Event: 199.020 Thread 0x00007fc283204800 Exception <a 'java/lang/ClassNotFoundException': org/gradle/api/internal/DynamicPropertyNamerCustomizer> (0x0000000795932ff8) thrown at [/HUDSON3/workspace/8-2-build-macosx-x86_64/jdk8u101/7261/hotspot/src/share/vm/classfile/systemDictionary.cpp, line 210
Event: 199.040 Thread 0x00007fc283204800 Exception <a 'java/lang/ClassNotFoundException': com/android/build/gradle/internal/api/DefaultAndroidSourceSet_DecoratedBeanInfo> (0x0000000795a39988) thrown at [/HUDSON3/workspace/8-2-build-macosx-x86_64/jdk8u101/7261/hotspot/src/share/vm/classfile/syste
Event: 199.041 Thread 0x00007fc283204800 Exception <a 'java/lang/ClassNotFoundException': com/android/build/gradle/internal/api/DefaultAndroidSourceSetBeanInfo> (0x0000000795a4ff30) thrown at [/HUDSON3/workspace/8-2-build-macosx-x86_64/jdk8u101/7261/hotspot/src/share/vm/classfile/systemDictionar
Event: 199.042 Thread 0x00007fc283204800 Exception <a 'java/lang/ClassNotFoundException': com/android/build/gradle/internal/api/DefaultAndroidSourceSetCustomizer> (0x0000000795a666a8) thrown at [/HUDSON3/workspace/8-2-build-macosx-x86_64/jdk8u101/7261/hotspot/src/share/vm/classfile/systemDiction
Event: 199.044 Thread 0x00007fc283204800 Exception <a 'java/lang/ClassNotFoundException': com/android/build/gradle/internal/api/DefaultAndroidSourceSet_DecoratedCustomizer> (0x0000000795aba310) thrown at [/HUDSON3/workspace/8-2-build-macosx-x86_64/jdk8u101/7261/hotspot/src/share/vm/classfile/sys
Event: 199.055 Thread 0x00007fc283204800 Exception <a 'java/lang/ClassNotFoundException': java/lang/StringBeanInfo> (0x0000000795b2bb30) thrown at [/HUDSON3/workspace/8-2-build-macosx-x86_64/jdk8u101/7261/hotspot/src/share/vm/classfile/systemDictionary.cpp, line 210]
Event: 199.055 Thread 0x00007fc283204800 Exception <a 'java/lang/ClassNotFoundException': java/lang/StringCustomizer> (0x0000000795b31ed8) thrown at [/HUDSON3/workspace/8-2-build-macosx-x86_64/jdk8u101/7261/hotspot/src/share/vm/classfile/systemDictionary.cpp, line 210]

Events (10 events):
Event: 199.461 loading class com/android/build/gradle/internal/ApplicationTaskManager$10 done
Event: 199.462 loading class com/android/build/gradle/internal/ApplicationTaskManager$11
Event: 199.462 loading class com/android/build/gradle/internal/ApplicationTaskManager$11 done
Event: 199.462 loading class com/android/build/gradle/internal/ApplicationTaskManager$12
Event: 199.462 loading class com/android/build/gradle/internal/ApplicationTaskManager$12 done
Event: 199.463 loading class com/android/build/gradle/internal/ApplicationTaskManager$13
Event: 199.463 loading class com/android/build/gradle/internal/ApplicationTaskManager$13 done
Event: 199.463 loading class com/android/build/gradle/internal/ApplicationTaskManager$14
Event: 199.463 loading class com/android/build/gradle/internal/ApplicationTaskManager$14 done
Event: 199.464 Executing VM operation: CollectForMetadataAllocation


Dynamic libraries:
0x00000000047e9000 	/System/Library/Frameworks/Cocoa.framework/Versions/A/Cocoa
0x00000000047e9000 	/System/Library/Frameworks/Security.framework/Versions/A/Security
0x00000000047e9000 	/System/Library/Frameworks/ApplicationServices.framework/Versions/A/ApplicationServices
0x00000000047e9000 	/usr/lib/libz.1.dylib
0x00000000047e9000 	/usr/lib/libSystem.B.dylib
0x00000000047e9000 	/usr/lib/libobjc.A.dylib
0x00000000047e9000 	/System/Library/Frameworks/CoreFoundation.framework/Versions/A/CoreFoundation
0x00000000047e9000 	/System/Library/Frameworks/Foundation.framework/Versions/C/Foundation
0x00000000047e9000 	/System/Library/Frameworks/AppKit.framework/Versions/C/AppKit
0x00000000047e9000 	/System/Library/Frameworks/CoreData.framework/Versions/A/CoreData
0x00000000047e9000 	/System/Library/PrivateFrameworks/RemoteViewServices.framework/Versions/A/RemoteViewServices
0x00000000047e9000 	/System/Library/PrivateFrameworks/UIFoundation.framework/Versions/A/UIFoundation
0x00000000047e9000 	/usr/lib/libScreenReader.dylib
0x00000000047e9000 	/System/Library/Frameworks/Accelerate.framework/Versions/A/Accelerate
0x00000000047e9000 	/System/Library/Frameworks/IOSurface.framework/Versions/A/IOSurface
0x00000000047e9000 	/System/Library/Frameworks/AudioToolbox.framework/Versions/A/AudioToolbox
0x00000000047e9000 	/System/Library/Frameworks/AudioUnit.framework/Versions/A/AudioUnit
0x00000000047e9000 	/System/Library/PrivateFrameworks/DataDetectorsCore.framework/Versions/A/DataDetectorsCore
0x00000000047e9000 	/System/Library/PrivateFrameworks/DesktopServicesPriv.framework/Versions/A/DesktopServicesPriv
0x00000000047e9000 	/System/Library/Frameworks/Carbon.framework/Versions/A/Frameworks/HIToolbox.framework/Versions/A/HIToolbox
0x00000000047e9000 	/System/Library/Frameworks/QuartzCore.framework/Versions/A/QuartzCore
0x00000000047e9000 	/System/Library/Frameworks/Carbon.framework/Versions/A/Frameworks/SpeechRecognition.framework/Versions/A/SpeechRecognition
0x00000000047e9000 	/usr/lib/libauto.dylib
0x00000000047e9000 	/usr/lib/libicucore.A.dylib
0x00000000047e9000 	/usr/lib/libxml2.2.dylib
0x00000000047e9000 	/System/Library/PrivateFrameworks/CoreUI.framework/Versions/A/CoreUI
0x00000000047e9000 	/System/Library/Frameworks/CoreAudio.framework/Versions/A/CoreAudio
0x00000000047e9000 	/System/Library/Frameworks/DiskArbitration.framework/Versions/A/DiskArbitration
0x00000000047e9000 	/usr/lib/liblangid.dylib
0x00000000047e9000 	/System/Library/PrivateFrameworks/MultitouchSupport.framework/Versions/A/MultitouchSupport
0x00000000047e9000 	/System/Library/Frameworks/IOKit.framework/Versions/A/IOKit
0x00000000047e9000 	/usr/lib/libDiagnosticMessagesClient.dylib
0x00000000047e9000 	/System/Library/Frameworks/CoreServices.framework/Versions/A/CoreServices
0x00000000047e9000 	/System/Library/PrivateFrameworks/PerformanceAnalysis.framework/Versions/A/PerformanceAnalysis
0x00000000047e9000 	/System/Library/PrivateFrameworks/GenerationalStorage.framework/Versions/A/GenerationalStorage
0x00000000047e9000 	/System/Library/Frameworks/OpenGL.framework/Versions/A/OpenGL
0x00000000047e9000 	/System/Library/PrivateFrameworks/Sharing.framework/Versions/A/Sharing
0x00000000047e9000 	/System/Library/Frameworks/CoreGraphics.framework/Versions/A/CoreGraphics
0x00000000047e9000 	/System/Library/Frameworks/CoreImage.framework/Versions/A/CoreImage
0x00000000047e9000 	/System/Library/Frameworks/CoreText.framework/Versions/A/CoreText
0x00000000047e9000 	/System/Library/Frameworks/ImageIO.framework/Versions/A/ImageIO
0x00000000047e9000 	/System/Library/PrivateFrameworks/Backup.framework/Versions/A/Backup
0x00000000047e9000 	/usr/lib/libextension.dylib
0x00000000047e9000 	/usr/lib/libarchive.2.dylib
0x00000000047e9000 	/System/Library/Frameworks/CFNetwork.framework/Versions/A/CFNetwork
0x00000000047e9000 	/System/Library/Frameworks/SystemConfiguration.framework/Versions/A/SystemConfiguration
0x00000000047e9000 	/usr/lib/libCRFSuite.dylib
0x00000000047e9000 	/usr/lib/libc++.1.dylib
0x00000000047e9000 	/usr/lib/libc++abi.dylib
0x00000000047e9000 	/usr/lib/system/libcache.dylib
0x00000000047e9000 	/usr/lib/system/libcommonCrypto.dylib
0x00000000047e9000 	/usr/lib/system/libcompiler_rt.dylib
0x00000000047e9000 	/usr/lib/system/libcopyfile.dylib
0x00000000047e9000 	/usr/lib/system/libcorecrypto.dylib
0x00000000047e9000 	/usr/lib/system/libdispatch.dylib
0x00000000047e9000 	/usr/lib/system/libdyld.dylib
0x00000000047e9000 	/usr/lib/system/libkeymgr.dylib
0x00000000047e9000 	/usr/lib/system/liblaunch.dylib
0x00000000047e9000 	/usr/lib/system/libmacho.dylib
0x00000000047e9000 	/usr/lib/system/libquarantine.dylib
0x00000000047e9000 	/usr/lib/system/libremovefile.dylib
0x00000000047e9000 	/usr/lib/system/libsystem_asl.dylib
0x00000000047e9000 	/usr/lib/system/libsystem_blocks.dylib
0x00000000047e9000 	/usr/lib/system/libsystem_c.dylib
0x00000000047e9000 	/usr/lib/system/libsystem_configuration.dylib
0x00000000047e9000 	/usr/lib/system/libsystem_coreservices.dylib
0x00000000047e9000 	/usr/lib/system/libsystem_coretls.dylib
0x00000000047e9000 	/usr/lib/system/libsystem_dnssd.dylib
0x00000000047e9000 	/usr/lib/system/libsystem_info.dylib
0x00000000047e9000 	/usr/lib/system/libsystem_kernel.dylib
0x00000000047e9000 	/usr/lib/system/libsystem_m.dylib
0x00000000047e9000 	/usr/lib/system/libsystem_malloc.dylib
0x00000000047e9000 	/usr/lib/system/libsystem_network.dylib
0x00000000047e9000 	/usr/lib/system/libsystem_networkextension.dylib
0x00000000047e9000 	/usr/lib/system/libsystem_notify.dylib
0x00000000047e9000 	/usr/lib/system/libsystem_platform.dylib
0x00000000047e9000 	/usr/lib/system/libsystem_pthread.dylib
0x00000000047e9000 	/usr/lib/system/libsystem_sandbox.dylib
0x00000000047e9000 	/usr/lib/system/libsystem_secinit.dylib
0x00000000047e9000 	/usr/lib/system/libsystem_trace.dylib
0x00000000047e9000 	/usr/lib/system/libunc.dylib
0x00000000047e9000 	/usr/lib/system/libunwind.dylib
0x00000000047e9000 	/usr/lib/system/libxpc.dylib
0x00000000047e9000 	/usr/lib/libenergytrace.dylib
0x00000000047e9000 	/usr/lib/libbsm.0.dylib
0x00000000047e9000 	/usr/lib/system/libkxld.dylib
0x00000000047e9000 	/usr/lib/libxar.1.dylib
0x00000000047e9000 	/usr/lib/libsqlite3.dylib
0x00000000047e9000 	/usr/lib/libpam.2.dylib
0x00000000047e9000 	/usr/lib/libOpenScriptingUtil.dylib
0x00000000047e9000 	/usr/lib/libbz2.1.0.dylib
0x00000000047e9000 	/usr/lib/liblzma.5.dylib
0x00000000047e9000 	/System/Library/Frameworks/CoreServices.framework/Versions/A/Frameworks/FSEvents.framework/Versions/A/FSEvents
0x00000000047e9000 	/System/Library/Frameworks/CoreServices.framework/Versions/A/Frameworks/CarbonCore.framework/Versions/A/CarbonCore
0x00000000047e9000 	/System/Library/Frameworks/CoreServices.framework/Versions/A/Frameworks/Metadata.framework/Versions/A/Metadata
0x00000000047e9000 	/System/Library/Frameworks/CoreServices.framework/Versions/A/Frameworks/OSServices.framework/Versions/A/OSServices
0x00000000047e9000 	/System/Library/Frameworks/CoreServices.framework/Versions/A/Frameworks/SearchKit.framework/Versions/A/SearchKit
0x00000000047e9000 	/System/Library/Frameworks/CoreServices.framework/Versions/A/Frameworks/AE.framework/Versions/A/AE
0x00000000047e9000 	/System/Library/Frameworks/CoreServices.framework/Versions/A/Frameworks/LaunchServices.framework/Versions/A/LaunchServices
0x00000000047e9000 	/System/Library/Frameworks/CoreServices.framework/Versions/A/Frameworks/DictionaryServices.framework/Versions/A/DictionaryServices
0x00000000047e9000 	/System/Library/Frameworks/CoreServices.framework/Versions/A/Frameworks/SharedFileList.framework/Versions/A/SharedFileList
0x00000000047e9000 	/System/Library/Frameworks/NetFS.framework/Versions/A/NetFS
0x00000000047e9000 	/System/Library/PrivateFrameworks/NetAuth.framework/Versions/A/NetAuth
0x00000000047e9000 	/System/Library/PrivateFrameworks/login.framework/Versions/A/Frameworks/loginsupport.framework/Versions/A/loginsupport
0x00000000047e9000 	/System/Library/PrivateFrameworks/TCC.framework/Versions/A/TCC
0x00000000047e9000 	/usr/lib/libmecabra.dylib
0x00000000047e9000 	/System/Library/Frameworks/ApplicationServices.framework/Versions/A/Frameworks/ATS.framework/Versions/A/ATS
0x00000000047e9000 	/System/Library/Frameworks/ApplicationServices.framework/Versions/A/Frameworks/ColorSync.framework/Versions/A/ColorSync
0x00000000047e9000 	/System/Library/Frameworks/ApplicationServices.framework/Versions/A/Frameworks/HIServices.framework/Versions/A/HIServices
0x00000000047e9000 	/System/Library/Frameworks/ApplicationServices.framework/Versions/A/Frameworks/LangAnalysis.framework/Versions/A/LangAnalysis
0x00000000047e9000 	/System/Library/Frameworks/ApplicationServices.framework/Versions/A/Frameworks/PrintCore.framework/Versions/A/PrintCore
0x00000000047e9000 	/System/Library/Frameworks/ApplicationServices.framework/Versions/A/Frameworks/QD.framework/Versions/A/QD
0x00000000047e9000 	/System/Library/Frameworks/ApplicationServices.framework/Versions/A/Frameworks/SpeechSynthesis.framework/Versions/A/SpeechSynthesis
0x00000000047e9000 	/System/Library/Frameworks/Metal.framework/Versions/A/Metal
0x00000000047e9000 	/System/Library/Frameworks/Accelerate.framework/Versions/A/Frameworks/vImage.framework/Versions/A/vImage
0x00000000047e9000 	/System/Library/Frameworks/Accelerate.framework/Versions/A/Frameworks/vecLib.framework/Versions/A/vecLib
0x00000000047e9000 	/System/Library/Frameworks/Accelerate.framework/Versions/A/Frameworks/vecLib.framework/Versions/A/libvDSP.dylib
0x00000000047e9000 	/System/Library/Frameworks/Accelerate.framework/Versions/A/Frameworks/vecLib.framework/Versions/A/libvMisc.dylib
0x00000000047e9000 	/System/Library/Frameworks/Accelerate.framework/Versions/A/Frameworks/vecLib.framework/Versions/A/libLAPACK.dylib
0x00000000047e9000 	/System/Library/Frameworks/Accelerate.framework/Versions/A/Frameworks/vecLib.framework/Versions/A/libBLAS.dylib
0x00000000047e9000 	/System/Library/Frameworks/Accelerate.framework/Versions/A/Frameworks/vecLib.framework/Versions/A/libLinearAlgebra.dylib
0x00000000047e9000 	/System/Library/Frameworks/Accelerate.framework/Versions/A/Frameworks/vecLib.framework/Versions/A/libSparseBLAS.dylib
0x00000000047e9000 	/System/Library/PrivateFrameworks/GPUCompiler.framework/libmetal_timestamp.dylib
0x00000000047e9000 	/System/Library/Frameworks/OpenGL.framework/Versions/A/Libraries/libCoreFSCache.dylib
0x00000000047e9000 	/System/Library/PrivateFrameworks/IOAccelerator.framework/Versions/A/IOAccelerator
0x00000000047e9000 	/System/Library/Frameworks/ApplicationServices.framework/Versions/A/Frameworks/ATS.framework/Versions/A/Resources/libFontParser.dylib
0x00000000047e9000 	/System/Library/Frameworks/ApplicationServices.framework/Versions/A/Frameworks/ATS.framework/Versions/A/Resources/libFontRegistry.dylib
0x00000000047e9000 	/System/Library/PrivateFrameworks/AppleVPA.framework/Versions/A/AppleVPA
0x00000000047e9000 	/System/Library/PrivateFrameworks/AppleJPEG.framework/Versions/A/AppleJPEG
0x00000000047e9000 	/System/Library/Frameworks/ImageIO.framework/Versions/A/Resources/libJPEG.dylib
0x00000000047e9000 	/System/Library/Frameworks/ImageIO.framework/Versions/A/Resources/libTIFF.dylib
0x00000000047e9000 	/System/Library/Frameworks/ImageIO.framework/Versions/A/Resources/libPng.dylib
0x00000000047e9000 	/System/Library/Frameworks/ImageIO.framework/Versions/A/Resources/libGIF.dylib
0x00000000047e9000 	/System/Library/Frameworks/ImageIO.framework/Versions/A/Resources/libJP2.dylib
0x00000000047e9000 	/System/Library/Frameworks/ImageIO.framework/Versions/A/Resources/libRadiance.dylib
0x00000000047e9000 	/System/Library/Frameworks/CoreVideo.framework/Versions/A/CoreVideo
0x00000000047e9000 	/System/Library/Frameworks/OpenGL.framework/Versions/A/Libraries/libGLU.dylib
0x00000000047e9000 	/System/Library/Frameworks/OpenGL.framework/Versions/A/Libraries/libGFXShared.dylib
0x00000000047e9000 	/System/Library/Frameworks/OpenGL.framework/Versions/A/Libraries/libGL.dylib
0x00000000047e9000 	/System/Library/Frameworks/OpenGL.framework/Versions/A/Libraries/libGLImage.dylib
0x00000000047e9000 	/System/Library/Frameworks/OpenGL.framework/Versions/A/Libraries/libCVMSPluginSupport.dylib
0x00000000047e9000 	/System/Library/Frameworks/OpenGL.framework/Versions/A/Libraries/libCoreVMClient.dylib
0x00000000047e9000 	/usr/lib/libcompression.dylib
0x00000000047e9000 	/usr/lib/libcups.2.dylib
0x00000000047e9000 	/System/Library/Frameworks/Kerberos.framework/Versions/A/Kerberos
0x00000000047e9000 	/System/Library/Frameworks/GSS.framework/Versions/A/GSS
0x00000000047e9000 	/usr/lib/libresolv.9.dylib
0x00000000047e9000 	/usr/lib/libiconv.2.dylib
0x00000000047e9000 	/System/Library/PrivateFrameworks/Heimdal.framework/Versions/A/Heimdal
0x00000000047e9000 	/usr/lib/libheimdal-asn1.dylib
0x00000000047e9000 	/System/Library/Frameworks/OpenDirectory.framework/Versions/A/OpenDirectory
0x00000000047e9000 	/System/Library/PrivateFrameworks/CommonAuth.framework/Versions/A/CommonAuth
0x00000000047e9000 	/System/Library/Frameworks/OpenDirectory.framework/Versions/A/Frameworks/CFOpenDirectory.framework/Versions/A/CFOpenDirectory
0x00000000047e9000 	/System/Library/Frameworks/SecurityFoundation.framework/Versions/A/SecurityFoundation
0x00000000047e9000 	/System/Library/PrivateFrameworks/LanguageModeling.framework/Versions/A/LanguageModeling
0x00000000047e9000 	/usr/lib/libmarisa.dylib
0x00000000047e9000 	/usr/lib/libChineseTokenizer.dylib
0x00000000047e9000 	/usr/lib/libcmph.dylib
0x00000000047e9000 	/System/Library/Frameworks/ServiceManagement.framework/Versions/A/ServiceManagement
0x00000000047e9000 	/usr/lib/libxslt.1.dylib
0x00000000047e9000 	/System/Library/Frameworks/Carbon.framework/Versions/A/Frameworks/Ink.framework/Versions/A/Ink
0x00000000047e9000 	/usr/lib/libFosl_dynamic.dylib
0x00000000047e9000 	/System/Library/PrivateFrameworks/FaceCore.framework/Versions/A/FaceCore
0x00000000047e9000 	/System/Library/Frameworks/OpenCL.framework/Versions/A/OpenCL
0x00000000047e9000 	/System/Library/PrivateFrameworks/CrashReporterSupport.framework/Versions/A/CrashReporterSupport
0x00000000047e9000 	/System/Library/PrivateFrameworks/IconServices.framework/Versions/A/IconServices
0x00000000047e9000 	/System/Library/PrivateFrameworks/Apple80211.framework/Versions/A/Apple80211
0x00000000047e9000 	/System/Library/Frameworks/CoreWLAN.framework/Versions/A/CoreWLAN
0x00000000047e9000 	/System/Library/Frameworks/IOBluetooth.framework/Versions/A/IOBluetooth
0x00000000047e9000 	/System/Library/PrivateFrameworks/CoreWiFi.framework/Versions/A/CoreWiFi
0x00000000047e9000 	/System/Library/Frameworks/CoreBluetooth.framework/Versions/A/CoreBluetooth
0x00000000047e9000 	/System/Library/PrivateFrameworks/ChunkingLibrary.framework/Versions/A/ChunkingLibrary
0x00000000047e9000 	/System/Library/PrivateFrameworks/DebugSymbols.framework/Versions/A/DebugSymbols
0x00000000047e9000 	/System/Library/PrivateFrameworks/CoreSymbolication.framework/Versions/A/CoreSymbolication
0x00000000047e9000 	/System/Library/PrivateFrameworks/Symbolication.framework/Versions/A/Symbolication
0x00000000047e9000 	/System/Library/PrivateFrameworks/SpeechRecognitionCore.framework/Versions/A/SpeechRecognitionCore
0x0000000105200000 	/Library/Java/JavaVirtualMachines/jdk1.8.0_101.jdk/Contents/Home/jre/lib/server/libjvm.dylib
0x00000000047e9000 	/usr/lib/libstdc++.6.dylib
0x0000000104897000 	/Library/Java/JavaVirtualMachines/jdk1.8.0_101.jdk/Contents/Home/jre/lib/libverify.dylib
0x00000001048a5000 	/Library/Java/JavaVirtualMachines/jdk1.8.0_101.jdk/Contents/Home/jre/lib/libjava.dylib
0x00000001048e4000 	/Library/Java/JavaVirtualMachines/jdk1.8.0_101.jdk/Contents/Home/jre/lib/libzip.dylib
0x000000011ba04000 	/System/Library/Frameworks/JavaVM.framework/Frameworks/JavaRuntimeSupport.framework/JavaRuntimeSupport
0x00000001049ea000 	/System/Library/Frameworks/JavaVM.framework/Versions/A/Frameworks/JavaNativeFoundation.framework/Versions/A/JavaNativeFoundation
0x000000011ba1f000 	/System/Library/Frameworks/JavaVM.framework/Versions/A/JavaVM
0x00000000047e9000 	/System/Library/Frameworks/Carbon.framework/Versions/A/Carbon
0x000000011ba2c000 	/System/Library/PrivateFrameworks/JavaLaunching.framework/Versions/A/JavaLaunching
0x00000000047e9000 	/System/Library/Frameworks/Carbon.framework/Versions/A/Frameworks/CommonPanels.framework/Versions/A/CommonPanels
0x00000000047e9000 	/System/Library/Frameworks/Carbon.framework/Versions/A/Frameworks/Help.framework/Versions/A/Help
0x00000000047e9000 	/System/Library/Frameworks/Carbon.framework/Versions/A/Frameworks/ImageCapture.framework/Versions/A/ImageCapture
0x00000000047e9000 	/System/Library/Frameworks/Carbon.framework/Versions/A/Frameworks/OpenScripting.framework/Versions/A/OpenScripting
0x00000000047e9000 	/System/Library/Frameworks/Carbon.framework/Versions/A/Frameworks/Print.framework/Versions/A/Print
0x00000000047e9000 	/System/Library/Frameworks/Carbon.framework/Versions/A/Frameworks/SecurityHI.framework/Versions/A/SecurityHI
0x000000011d65a000 	/Library/Java/JavaVirtualMachines/jdk1.8.0_101.jdk/Contents/Home/jre/lib/libnet.dylib
0x000000011d6b9000 	/Library/Java/JavaVirtualMachines/jdk1.8.0_101.jdk/Contents/Home/jre/lib/libnio.dylib
0x000000011d6c9000 	/Users/Micha/.gradle/native/19/osx-amd64/libnative-platform.dylib
0x000000011d537000 	/Library/Java/JavaVirtualMachines/jdk1.8.0_101.jdk/Contents/Home/jre/lib/libmanagement.dylib

VM Arguments:
jvm_args: -Xmx2048M -Dfile.encoding=UTF-8 -Duser.country=DE -Duser.language=de -Duser.variant 
java_command: org.gradle.launcher.daemon.bootstrap.GradleDaemon 2.10
java_class_path (initial): /Users/Micha/.gradle/wrapper/dists/gradle-2.10-all/a4w5fzrkeut1ox71xslb49gst/gradle-2.10/lib/gradle-launcher-2.10.jar
Launcher Type: SUN_STANDARD

Environment Variables:
PATH=/usr/bin:/bin:/usr/sbin:/sbin
SHELL=/bin/bash
DISPLAY=/private/tmp/com.apple.launchd.217nfTz1fY/org.macosforge.xquartz:0

Signal Handlers:
SIGSEGV: [libjvm.dylib+0x5af145], sa_mask[0]=11111111011111110111111111111111, sa_flags=SA_ONSTACK|SA_RESTART|SA_SIGINFO
SIGBUS: [libjvm.dylib+0x5af145], sa_mask[0]=11111111011111110111111111111111, sa_flags=SA_RESTART|SA_SIGINFO
SIGFPE: [libjvm.dylib+0x48694c], sa_mask[0]=11111111011111110111111111111111, sa_flags=SA_RESTART|SA_SIGINFO
SIGPIPE: [libjvm.dylib+0x48694c], sa_mask[0]=11111111011111110111111111111111, sa_flags=SA_RESTART|SA_SIGINFO
SIGXFSZ: [libjvm.dylib+0x48694c], sa_mask[0]=11111111011111110111111111111111, sa_flags=SA_RESTART|SA_SIGINFO
SIGILL: [libjvm.dylib+0x48694c], sa_mask[0]=11111111011111110111111111111111, sa_flags=SA_RESTART|SA_SIGINFO
SIGUSR1: SIG_DFL, sa_mask[0]=00000000000000000000000000000000, sa_flags=none
SIGUSR2: [libjvm.dylib+0x48646a], sa_mask[0]=00100000000000000000000000000000, sa_flags=SA_RESTART|SA_SIGINFO
SIGHUP: [libjvm.dylib+0x484a41], sa_mask[0]=11111111011111110111111111111111, sa_flags=SA_RESTART|SA_SIGINFO
SIGINT: [libjvm.dylib+0x484a41], sa_mask[0]=11111111011111110111111111111111, sa_flags=SA_RESTART|SA_SIGINFO
SIGTERM: [libjvm.dylib+0x484a41], sa_mask[0]=11111111011111110111111111111111, sa_flags=SA_RESTART|SA_SIGINFO
SIGQUIT: [libjvm.dylib+0x484a41], sa_mask[0]=11111111011111110111111111111111, sa_flags=SA_RESTART|SA_SIGINFO


---------------  S Y S T E M  ---------------

OS:Bsduname:Darwin 15.5.0 Darwin Kernel Version 15.5.0: Tue Apr 19 18:36:36 PDT 2016; root:xnu-3248.50.21~8/RELEASE_X86_64 x86_64
rlimit: STACK 8192k, CORE 0k, NPROC 709, NOFILE 10240, AS infinity
load average:4.59 5.35 5.95

CPU:total 4 (2 cores per cpu, 2 threads per core) family 6 model 42 stepping 7, cmov, cx8, fxsr, mmx, sse, sse2, sse3, ssse3, sse4.1, sse4.2, popcnt, avx, aes, clmul, ht, tsc, tscinvbit

Memory: 4k page, physical 8388608k(15952k free)

/proc/meminfo:


vm_info: Java HotSpot(TM) 64-Bit Server VM (25.101-b13) for bsd-amd64 JRE (1.8.0_101-b13), built on Jun 22 2016 02:42:15 by "java_re" with gcc 4.2.1 (Based on Apple Inc. build 5658) (LLVM build 2336.11.00)

time: Mon Sep 19 09:43:33 2016
elapsed time: 199 seconds (0d 0h 3m 19s)

