#
# A fatal error has been detected by the Java Runtime Environment:
#
#  SIGSEGV (0xb) at pc=0x000000010e3a9355, pid=27478, tid=0x0000000000002803
#
# JRE version: Java(TM) SE Runtime Environment (8.0_101-b13) (build 1.8.0_101-b13)
# Java VM: Java HotSpot(TM) 64-Bit Server VM (25.101-b13 mixed mode bsd-amd64 compressed oops)
# Problematic frame:
# V  [libjvm.dylib+0x1a9355]
#
# Failed to write core dump. Core dumps have been disabled. To enable core dumping, try "ulimit -c unlimited" before starting Java again
#
# If you would like to submit a bug report, please visit:
#   http://bugreport.java.com/bugreport/crash.jsp
#

---------------  T H R E A D  ---------------

Current thread (0x00007ff6ab007000):  GCTaskThread [stack: 0x0000700000423000,0x0000700000523000] [id=10243]

siginfo: si_signo: 11 (SIGSEGV), si_code: 1 (SEGV_MAPERR), si_addr: 0x00000000000000e8

Registers:
RAX=0x0000000000000000, RBX=0xe846df1ff398d199, RCX=0x0000000000000003, RDX=0x0000000000000001
RSP=0x0000700000522bd0, RBP=0x0000700000522bd0, RSI=0x00000007b3bb1cd0, RDI=0x000000079cc68c00
R8 =0x000000010eaee0e0, R9 =0x00000007bcd25b90, R10=0x00000007bcd2db90, R11=0x00000000091775c8
R12=0x000000010eae3e16, R13=0x00000007bcd2928d, R14=0x00007ff6aa833f80, R15=0x00007ff6aa834018
RIP=0x000000010e3a9355, EFLAGS=0x0000000000010246, ERR=0x0000000000000004
  TRAPNO=0x000000000000000e

Top of Stack: (sp=0x0000700000522bd0)
0x0000700000522bd0:   0000700000522c40 000000010e6c5fd1
0x0000700000522be0:   0001f4010001f500 00000007b3bb1cd0
0x0000700000522bf0:   00000007bcd25b90 0000000000001000
0x0000700000522c00:   000000074f597fc8 0000000000000400
0x0000700000522c10:   000000000000001d 00000007bcd2928d
0x0000700000522c20:   000000010eae3e16 00000007bcd2928d
0x0000700000522c30:   00000007bcd2928c 00007ff6aa834018
0x0000700000522c40:   0000700000522c60 000000010e6c64e7
0x0000700000522c50:   00007ff6aa833f80 00007ff6aa833fe0
0x0000700000522c60:   0000700000522cc0 000000010e6c5507
0x0000700000522c70:   000000074c5de1f4 00000007c0842228
0x0000700000522c80:   00000007bcd2928d 00000007c0842228
0x0000700000522c90:   00007ff6aa833f80 000000074c5de218
0x0000700000522ca0:   000000011e5bfef1 000000074c5de200
0x0000700000522cb0:   000000011e5bff01 0000000000000240
0x0000700000522cc0:   0000700000522d80 000000010e357030
0x0000700000522cd0:   000000000001f400 0000000000000200
0x0000700000522ce0:   fffffffee1a29d1f 0000000000000080
0x0000700000522cf0:   000000011e5d62df 000000011ab5d080
0x0000700000522d00:   000000011e5d62e0 0000000003a62e00
0x0000700000522d10:   fffffffee1a400ff 0000000003a792e0
0x0000700000522d20:   000000011e5bff00 000000011e5bfe81
0x0000700000522d30:   000000074f25bf88 000000074c5e0010
0x0000700000522d40:   00007ff6a9412af0 00007ff6aa833f80
0x0000700000522d50:   00007ff6a9412880 00007ff6a9607e50
0x0000700000522d60:   0000000000000000 000000010e811ab0
0x0000700000522d70:   00007ff6aa833f80 0000000000000001
0x0000700000522d80:   0000700000522db0 000000010e6c903b
0x0000700000522d90:   0000000000000004 00007ff6a9415d50
0x0000700000522da0:   00007ff6ab007000 00007ff6a9607e50
0x0000700000522db0:   0000700000522e90 000000010e475c03
0x0000700000522dc0:   0000700000522df0 00007ff6a9605150 

Instructions: (pc=0x000000010e3a9355)
0x000000010e3a9335:   00 48 01 c1 48 ba ff ff ff ff 07 00 00 00 48 01
0x000000010e3a9345:   ca 48 f7 d8 48 21 d0 48 c1 e8 03 5d c3 48 8b 07
0x000000010e3a9355:   48 8b 80 e8 00 00 00 5d ff e0 90 55 48 89 e5 41
0x000000010e3a9365:   57 41 56 41 55 41 54 53 48 83 ec 28 48 89 f3 49 

Register to memory mapping:

RAX=0x0000000000000000 is an unknown value
RBX=0xe846df1ff398d199 is an unknown value
RCX=0x0000000000000003 is an unknown value
RDX=0x0000000000000001 is an unknown value
RSP=0x0000700000522bd0 is an unknown value
RBP=0x0000700000522bd0 is an unknown value
RSI=0x00000007b3bb1cd0 is an unknown value
RDI=0x000000079cc68c00 is an unknown value
R8 =0x000000010eaee0e0: _ZN10PSScavenge26_young_generation_boundaryE+0 in /Library/Java/JavaVirtualMachines/jdk1.8.0_101.jdk/Contents/Home/jre/lib/server/libjvm.dylib at 0x000000010e200000
R9 =0x00000007bcd25b90 is an oop
[Ljava.lang.Object; 
 - klass: 'java/lang/Object'[]
 - length: 1
R10=0x00000007bcd2db90 is an oop
[I 
 - klass: {type array int}
 - length: 10
R11=0x00000000091775c8 is an unknown value
R12=0x000000010eae3e16: AssumeMP+0 in /Library/Java/JavaVirtualMachines/jdk1.8.0_101.jdk/Contents/Home/jre/lib/server/libjvm.dylib at 0x000000010e200000
R13=0x00000007bcd2928d is an unknown value
R14=0x00007ff6aa833f80 is an unknown value
R15=0x00007ff6aa834018 is an unknown value


Stack: [0x0000700000423000,0x0000700000523000],  sp=0x0000700000522bd0,  free space=1022k
Native frames: (J=compiled Java code, j=interpreted, Vv=VM code, C=native code)
V  [libjvm.dylib+0x1a9355]
V  [libjvm.dylib+0x4c5fd1]
V  [libjvm.dylib+0x4c64e7]
V  [libjvm.dylib+0x4c5507]
V  [libjvm.dylib+0x157030]
V  [libjvm.dylib+0x4c903b]
V  [libjvm.dylib+0x275c03]
V  [libjvm.dylib+0x48933a]
C  [libsystem_pthread.dylib+0x399d]  _pthread_body+0x83
C  [libsystem_pthread.dylib+0x391a]  _pthread_body+0x0
C  [libsystem_pthread.dylib+0x1351]  thread_start+0xd


---------------  P R O C E S S  ---------------

Java Threads: ( => current thread )
  0x00007ff6ae92e800 JavaThread "pool-4-thread-4" [_thread_blocked, id=25375, stack(0x0000700001ffa000,0x00007000020fa000)]
  0x00007ff6aeed3000 JavaThread "pool-4-thread-3" [_thread_blocked, id=27655, stack(0x0000700001ef7000,0x0000700001ff7000)]
  0x00007ff6ab63e000 JavaThread "pool-4-thread-2" [_thread_blocked, id=27151, stack(0x0000700001df4000,0x0000700001ef4000)]
  0x00007ff6ac3b2000 JavaThread "pool-5-thread-1" [_thread_blocked, id=21283, stack(0x0000700001cf1000,0x0000700001df1000)]
  0x00007ff6ab76a000 JavaThread "pool-4-thread-1" [_thread_blocked, id=20523, stack(0x0000700001bee000,0x0000700001cee000)]
  0x00007ff6af29c000 JavaThread "pool-1-thread-2" [_thread_blocked, id=24355, stack(0x0000700001aeb000,0x0000700001beb000)]
  0x00007ff6af396800 JavaThread "Daemon worker Thread 7" [_thread_blocked, id=13871, stack(0x0000700001353000,0x0000700001453000)]
  0x00007ff6ab511800 JavaThread "Cancel handler" [_thread_blocked, id=24603, stack(0x0000700001250000,0x0000700001350000)]
  0x00007ff6ae8fe800 JavaThread "Handler for socket connection from /127.0.0.1:51269 to /127.0.0.1:53671" [_thread_in_native, id=25627, stack(0x000070000114d000,0x000070000124d000)]
  0x00007ff6af740000 JavaThread "Daemon Thread 7" [_thread_blocked, id=20771, stack(0x000070000104a000,0x000070000114a000)]
  0x00007ff6ab692000 JavaThread "pool-1-thread-1" [_thread_blocked, id=24071, stack(0x0000700001965000,0x0000700001a65000)]
  0x00007ff6a9d73000 JavaThread "Tasks limiter_4" daemon [_thread_blocked, id=22543, stack(0x0000700001862000,0x0000700001962000)]
  0x00007ff6a9d72800 JavaThread "Tasks limiter_3" daemon [_thread_blocked, id=21519, stack(0x000070000175f000,0x000070000185f000)]
  0x00007ff6ac0bc800 JavaThread "Tasks limiter_2" daemon [_thread_blocked, id=19979, stack(0x000070000165c000,0x000070000175c000)]
  0x00007ff6ab714800 JavaThread "Tasks limiter_1" daemon [_thread_blocked, id=23051, stack(0x0000700001456000,0x0000700001556000)]
  0x00007ff6ad84c800 JavaThread "File lock request listener" [_thread_in_native, id=22019, stack(0x0000700001559000,0x0000700001659000)]
  0x00007ff6ab26c000 JavaThread "Incoming local TCP Connector on port 51269" [_thread_in_native, id=12551, stack(0x0000700000932000,0x0000700000a32000)]
  0x00007ff6a9813000 JavaThread "Service Thread" daemon [_thread_blocked, id=18691, stack(0x0000700000e44000,0x0000700000f44000)]
  0x00007ff6ab041800 JavaThread "C1 CompilerThread2" daemon [_thread_blocked, id=18179, stack(0x0000700000d41000,0x0000700000e41000)]
  0x00007ff6ab040800 JavaThread "C2 CompilerThread1" daemon [_thread_blocked, id=17667, stack(0x0000700000c3e000,0x0000700000d3e000)]
  0x00007ff6a9812800 JavaThread "C2 CompilerThread0" daemon [_thread_in_native, id=17155, stack(0x0000700000b3b000,0x0000700000c3b000)]
  0x00007ff6aa014000 JavaThread "Signal Dispatcher" daemon [_thread_blocked, id=12819, stack(0x0000700000a38000,0x0000700000b38000)]
  0x00007ff6a9811000 JavaThread "Finalizer" daemon [_thread_blocked, id=12035, stack(0x000070000082f000,0x000070000092f000)]
  0x00007ff6aa835000 JavaThread "Reference Handler" daemon [_thread_blocked, id=11523, stack(0x000070000072c000,0x000070000082c000)]
  0x00007ff6aa004000 JavaThread "main" [_thread_blocked, id=5635, stack(0x0000700000097000,0x0000700000197000)]

Other Threads:
  0x00007ff6aa834800 VMThread [stack: 0x0000700000629000,0x0000700000729000] [id=6919]
  0x00007ff6ab040000 WatcherThread [stack: 0x0000700000f47000,0x0000700001047000] [id=19203]

=>0x00007ff6ab007000 (exited) GCTaskThread [stack: 0x0000700000423000,0x0000700000523000] [id=10243]

VM state:at safepoint (normal execution)

VM Mutex/Monitor currently owned by a thread:  ([mutex/lock_event])
[0x00007ff6a96024e0] Threads_lock - owner thread: 0x00007ff6aa834800
[0x00007ff6a96029e0] Heap_lock - owner thread: 0x00007ff6af29c000

Heap:
 PSYoungGen      total 541696K, used 541673K [0x0000000795580000, 0x00000007c0000000, 0x00000007c0000000)
  eden space 384512K, 100% used [0x0000000795580000,0x00000007acd00000,0x00000007acd00000)
  from space 157184K, 99% used [0x00000007acd00000,0x00000007b667a5b8,0x00000007b6680000)
  to   space 157184K, 99% used [0x00000007b6680000,0x00000007bfffe908,0x00000007c0000000)
 ParOldGen       total 641536K, used 262783K [0x0000000740000000, 0x0000000767280000, 0x0000000795580000)
  object space 641536K, 40% used [0x0000000740000000,0x00000007500a3c08,0x0000000767280000)
 Metaspace       used 72224K, capacity 74992K, committed 75136K, reserved 1114112K
  class space    used 9399K, capacity 9991K, committed 10112K, reserved 1048576K

Card table byte_map: [0x000000011e55d000,0x000000011e95e000] byte_map_base: 0x000000011ab5d000

Marking Bits: (ParMarkBitMap*) 0x000000010eaedd20
 Begin Bits: [0x000000011ec09000, 0x0000000120c09000)
 End Bits:   [0x0000000120c09000, 0x0000000122c09000)

Polling page: 0x000000010d917000

CodeCache: size=245760Kb used=67426Kb max_used=67437Kb free=178333Kb
 bounds [0x000000010f19d000, 0x000000011342d000, 0x000000011e19d000]
 total_blobs=18575 nmethods=17829 adapters=656
 compilation: enabled

Compilation events (10 events):
Event: 8582.332 Thread 0x00007ff6ab040800 nmethod 27077 0x00000001118f2110 code [0x00000001118f2260, 0x00000001118f23f8]
Event: 8582.332 Thread 0x00007ff6ab040800 27076       4       com.android.dx.rop.cst.CstString::equals (24 bytes)
Event: 8582.334 Thread 0x00007ff6ab040800 nmethod 27076 0x0000000111182090 code [0x00000001111821e0, 0x0000000111182358]
Event: 8582.334 Thread 0x00007ff6ab040800 26969       4       com.android.dx.util.ByteArray::<init> (81 bytes)
Event: 8582.337 Thread 0x00007ff6ab040800 nmethod 26969 0x000000011152d8d0 code [0x000000011152da20, 0x000000011152db38]
Event: 8582.337 Thread 0x00007ff6ab040800 26999       4       com.android.dx.rop.cst.CstMemberRef::<init> (43 bytes)
Event: 8582.353 Thread 0x00007ff6ab040800 nmethod 26999 0x0000000110326c50 code [0x0000000110326da0, 0x0000000110326e78]
Event: 8582.353 Thread 0x00007ff6ab040800 26968       4       com.android.dx.rop.cst.CstNat::<init> (43 bytes)
Event: 8582.355 Thread 0x00007ff6ab040800 nmethod 26968 0x0000000111226890 code [0x00000001112269e0, 0x0000000111226ab8]
Event: 8582.355 Thread 0x00007ff6ab040800 26973       4       com.android.dx.cf.code.ByteCatchList::toRopCatchList (57 bytes)

GC Heap History (10 events):
Event: 8570.744 GC heap after
Heap after GC invocations=114 (full 13):
 PSYoungGen      total 565248K, used 26800K [0x0000000795580000, 0x00000007bda00000, 0x00000007c0000000)
  eden space 474112K, 0% used [0x0000000795580000,0x0000000795580000,0x00000007b2480000)
  from space 91136K, 29% used [0x00000007b2480000,0x00000007b3eac010,0x00000007b7d80000)
  to   space 85504K, 0% used [0x00000007b8680000,0x00000007b8680000,0x00000007bda00000)
 ParOldGen       total 641536K, used 165437K [0x0000000740000000, 0x0000000767280000, 0x0000000795580000)
  object space 641536K, 25% used [0x0000000740000000,0x000000074a18f440,0x0000000767280000)
 Metaspace       used 72214K, capacity 74992K, committed 75136K, reserved 1114112K
  class space    used 9399K, capacity 9991K, committed 10112K, reserved 1048576K
}
Event: 8575.217 GC heap before
{Heap before GC invocations=115 (full 13):
 PSYoungGen      total 565248K, used 500912K [0x0000000795580000, 0x00000007bda00000, 0x00000007c0000000)
  eden space 474112K, 100% used [0x0000000795580000,0x00000007b2480000,0x00000007b2480000)
  from space 91136K, 29% used [0x00000007b2480000,0x00000007b3eac010,0x00000007b7d80000)
  to   space 85504K, 0% used [0x00000007b8680000,0x00000007b8680000,0x00000007bda00000)
 ParOldGen       total 641536K, used 165437K [0x0000000740000000, 0x0000000767280000, 0x0000000795580000)
  object space 641536K, 25% used [0x0000000740000000,0x000000074a18f440,0x0000000767280000)
 Metaspace       used 72216K, capacity 74992K, committed 75136K, reserved 1114112K
  class space    used 9399K, capacity 9991K, committed 10112K, reserved 1048576K
Event: 8575.408 GC heap after
Heap after GC invocations=115 (full 13):
 PSYoungGen      total 566272K, used 66470K [0x0000000795580000, 0x00000007bec00000, 0x00000007c0000000)
  eden space 480768K, 0% used [0x0000000795580000,0x0000000795580000,0x00000007b2b00000)
  from space 85504K, 77% used [0x00000007b8680000,0x00000007bc769b70,0x00000007bda00000)
  to   space 93696K, 0% used [0x00000007b2b00000,0x00000007b2b00000,0x00000007b8680000)
 ParOldGen       total 641536K, used 166379K [0x0000000740000000, 0x0000000767280000, 0x0000000795580000)
  object space 641536K, 25% used [0x0000000740000000,0x000000074a27ac28,0x0000000767280000)
 Metaspace       used 72216K, capacity 74992K, committed 75136K, reserved 1114112K
  class space    used 9399K, capacity 9991K, committed 10112K, reserved 1048576K
}
Event: 8576.814 GC heap before
{Heap before GC invocations=116 (full 13):
 PSYoungGen      total 566272K, used 547238K [0x0000000795580000, 0x00000007bec00000, 0x00000007c0000000)
  eden space 480768K, 100% used [0x0000000795580000,0x00000007b2b00000,0x00000007b2b00000)
  from space 85504K, 77% used [0x00000007b8680000,0x00000007bc769b70,0x00000007bda00000)
  to   space 93696K, 0% used [0x00000007b2b00000,0x00000007b2b00000,0x00000007b8680000)
 ParOldGen       total 641536K, used 166379K [0x0000000740000000, 0x0000000767280000, 0x0000000795580000)
  object space 641536K, 25% used [0x0000000740000000,0x000000074a27ac28,0x0000000767280000)
 Metaspace       used 72221K, capacity 74992K, committed 75136K, reserved 1114112K
  class space    used 9399K, capacity 9991K, committed 10112K, reserved 1048576K
Event: 8577.166 GC heap after
Heap after GC invocations=116 (full 13):
 PSYoungGen      total 574464K, used 93664K [0x0000000795580000, 0x00000007c0000000, 0x00000007c0000000)
  eden space 480768K, 0% used [0x0000000795580000,0x0000000795580000,0x00000007b2b00000)
  from space 93696K, 99% used [0x00000007b2b00000,0x00000007b8678138,0x00000007b8680000)
  to   space 123392K, 0% used [0x00000007b8780000,0x00000007b8780000,0x00000007c0000000)
 ParOldGen       total 641536K, used 202424K [0x0000000740000000, 0x0000000767280000, 0x0000000795580000)
  object space 641536K, 31% used [0x0000000740000000,0x000000074c5ae3f0,0x0000000767280000)
 Metaspace       used 72221K, capacity 74992K, committed 75136K, reserved 1114112K
  class space    used 9399K, capacity 9991K, committed 10112K, reserved 1048576K
}
Event: 8578.419 GC heap before
{Heap before GC invocations=117 (full 13):
 PSYoungGen      total 574464K, used 574432K [0x0000000795580000, 0x00000007c0000000, 0x00000007c0000000)
  eden space 480768K, 100% used [0x0000000795580000,0x00000007b2b00000,0x00000007b2b00000)
  from space 93696K, 99% used [0x00000007b2b00000,0x00000007b8678138,0x00000007b8680000)
  to   space 123392K, 0% used [0x00000007b8780000,0x00000007b8780000,0x00000007c0000000)
 ParOldGen       total 641536K, used 202424K [0x0000000740000000, 0x0000000767280000, 0x0000000795580000)
  object space 641536K, 31% used [0x0000000740000000,0x000000074c5ae3f0,0x0000000767280000)
 Metaspace       used 72221K, capacity 74992K, committed 75136K, reserved 1114112K
  class space    used 9399K, capacity 9991K, committed 10112K, reserved 1048576K
Event: 8578.880 GC heap after
Heap after GC invocations=117 (full 13):
 PSYoungGen      total 507904K, used 123381K [0x0000000795580000, 0x00000007c0000000, 0x00000007c0000000)
  eden space 384512K, 0% used [0x0000000795580000,0x0000000795580000,0x00000007acd00000)
  from space 123392K, 99% used [0x00000007b8780000,0x00000007bfffd578,0x00000007c0000000)
  to   space 157184K, 0% used [0x00000007acd00000,0x00000007acd00000,0x00000007b6680000)
 ParOldGen       total 641536K, used 234844K [0x0000000740000000, 0x0000000767280000, 0x0000000795580000)
  object space 641536K, 36% used [0x0000000740000000,0x000000074e557240,0x0000000767280000)
 Metaspace       used 72221K, capacity 74992K, committed 75136K, reserved 1114112K
  class space    used 9399K, capacity 9991K, committed 10112K, reserved 1048576K
}
Event: 8579.916 GC heap before
{Heap before GC invocations=118 (full 13):
 PSYoungGen      total 507904K, used 507893K [0x0000000795580000, 0x00000007c0000000, 0x00000007c0000000)
  eden space 384512K, 100% used [0x0000000795580000,0x00000007acd00000,0x00000007acd00000)
  from space 123392K, 99% used [0x00000007b8780000,0x00000007bfffd578,0x00000007c0000000)
  to   space 157184K, 0% used [0x00000007acd00000,0x00000007acd00000,0x00000007b6680000)
 ParOldGen       total 641536K, used 234844K [0x0000000740000000, 0x0000000767280000, 0x0000000795580000)
  object space 641536K, 36% used [0x0000000740000000,0x000000074e557240,0x0000000767280000)
 Metaspace       used 72223K, capacity 74992K, committed 75136K, reserved 1114112K
  class space    used 9399K, capacity 9991K, committed 10112K, reserved 1048576K
Event: 8580.288 GC heap after
Heap after GC invocations=118 (full 13):
 PSYoungGen      total 541696K, used 157161K [0x0000000795580000, 0x00000007c0000000, 0x00000007c0000000)
  eden space 384512K, 0% used [0x0000000795580000,0x0000000795580000,0x00000007acd00000)
  from space 157184K, 99% used [0x00000007acd00000,0x00000007b667a5b8,0x00000007b6680000)
  to   space 157184K, 0% used [0x00000007b6680000,0x00000007b6680000,0x00000007c0000000)
 ParOldGen       total 641536K, used 248175K [0x0000000740000000, 0x0000000767280000, 0x0000000795580000)
  object space 641536K, 38% used [0x0000000740000000,0x000000074f25bf88,0x0000000767280000)
 Metaspace       used 72223K, capacity 74992K, committed 75136K, reserved 1114112K
  class space    used 9399K, capacity 9991K, committed 10112K, reserved 1048576K
}
Event: 8582.377 GC heap before
{Heap before GC invocations=119 (full 13):
 PSYoungGen      total 541696K, used 541673K [0x0000000795580000, 0x00000007c0000000, 0x00000007c0000000)
  eden space 384512K, 100% used [0x0000000795580000,0x00000007acd00000,0x00000007acd00000)
  from space 157184K, 99% used [0x00000007acd00000,0x00000007b667a5b8,0x00000007b6680000)
  to   space 157184K, 0% used [0x00000007b6680000,0x00000007b6680000,0x00000007c0000000)
 ParOldGen       total 641536K, used 248175K [0x0000000740000000, 0x0000000767280000, 0x0000000795580000)
  object space 641536K, 38% used [0x0000000740000000,0x000000074f25bf88,0x0000000767280000)
 Metaspace       used 72224K, capacity 74992K, committed 75136K, reserved 1114112K
  class space    used 9399K, capacity 9991K, committed 10112K, reserved 1048576K

Deoptimization events (10 events):
Event: 8574.745 Thread 0x00007ff6af29c000 Uncommon trap: reason=class_check action=maybe_recompile pc=0x0000000111eaf3fc method=com.android.dx.ssa.DeadCodeRemover.pruneDeadInstructions()V @ 198
Event: 8574.745 Thread 0x00007ff6af29c000 Uncommon trap: reason=unstable_if action=reinterpret pc=0x00000001122bfa6c method=com.android.dx.ssa.SsaMethod.deleteInsns(Ljava/util/Set;)V @ 153
Event: 8574.761 Thread 0x00007ff6af29c000 Uncommon trap: reason=class_check action=maybe_recompile pc=0x0000000111eaf3fc method=com.android.dx.ssa.DeadCodeRemover.pruneDeadInstructions()V @ 198
Event: 8574.906 Thread 0x00007ff6aeed3000 Uncommon trap: reason=class_check action=maybe_recompile pc=0x0000000111eaf3fc method=com.android.dx.ssa.DeadCodeRemover.pruneDeadInstructions()V @ 198
Event: 8574.911 Thread 0x00007ff6aeed3000 Uncommon trap: reason=class_check action=maybe_recompile pc=0x0000000111eaf3fc method=com.android.dx.ssa.DeadCodeRemover.pruneDeadInstructions()V @ 198
Event: 8577.245 Thread 0x00007ff6ab76a000 Uncommon trap: reason=unstable_if action=reinterpret pc=0x0000000110beaf20 method=com.android.dx.cf.code.Merger.mergeType(Lcom/android/dx/rop/type/TypeBearer;Lcom/android/dx/rop/type/TypeBearer;)Lcom/android/dx/rop/type/TypeBearer; @ 77
Event: 8579.356 Thread 0x00007ff6ab76a000 Uncommon trap: reason=unstable_if action=reinterpret pc=0x00000001133a6e98 method=com.android.dx.cf.code.Merger.mergeType(Lcom/android/dx/rop/type/TypeBearer;Lcom/android/dx/rop/type/TypeBearer;)Lcom/android/dx/rop/type/TypeBearer; @ 84
Event: 8579.589 Thread 0x00007ff6ab63e000 Uncommon trap: reason=unstable_if action=reinterpret pc=0x00000001133d2ea0 method=com.android.dx.ssa.back.SsaToRop.convertBasicBlock(Lcom/android/dx/ssa/SsaBasicBlock;)Lcom/android/dx/rop/code/BasicBlock; @ 21
Event: 8580.658 Thread 0x00007ff6ab63e000 Uncommon trap: reason=bimorphic action=maybe_recompile pc=0x000000011068db48 method=com.android.dx.ssa.LiteralOpUpgrader.tryReplacingWithConstant(Lcom/android/dx/ssa/NormalSsaInsn;)Z @ 62
Event: 8580.659 Thread 0x00007ff6ab63e000 Uncommon trap: reason=bimorphic action=maybe_recompile pc=0x000000011068db48 method=com.android.dx.ssa.LiteralOpUpgrader.tryReplacingWithConstant(Lcom/android/dx/ssa/NormalSsaInsn;)Z @ 62

Internal exceptions (10 events):
Event: 8410.767 Thread 0x00007ff6af396800 Exception <a 'java/lang/reflect/InvocationTargetException'> (0x0000000799d12fa0) thrown at [/HUDSON3/workspace/8-2-build-macosx-x86_64/jdk8u101/7261/hotspot/src/share/vm/runtime/reflection.cpp, line 1092]
Event: 8410.767 Thread 0x00007ff6af396800 Exception <a 'java/lang/reflect/InvocationTargetException'> (0x0000000799d14168) thrown at [/HUDSON3/workspace/8-2-build-macosx-x86_64/jdk8u101/7261/hotspot/src/share/vm/runtime/reflection.cpp, line 1092]
Event: 8492.277 Thread 0x00007ff6ac0bc800 Implicit null exception at 0x00000001115f4e98 to 0x00000001115f55e5
Event: 8495.762 Thread 0x00007ff6ac0bc800 Implicit null exception at 0x0000000110be8a2a to 0x0000000110be9a39
Event: 8502.637 Thread 0x00007ff6ac0bc800 Implicit null exception at 0x00000001117b390d to 0x00000001117b43e1
Event: 8505.438 Thread 0x00007ff6ac0bc800 Implicit null exception at 0x000000011039f2be to 0x000000011039f6c5
Event: 8507.497 Thread 0x00007ff6ac0bc800 Implicit null exception at 0x0000000110326e1d to 0x0000000110326fb5
Event: 8528.895 Thread 0x00007ff6ac0bc800 Implicit null exception at 0x0000000111986df2 to 0x0000000111986ee1
Event: 8574.446 Thread 0x00007ff6ae92e800 Implicit null exception at 0x00000001119248e8 to 0x00000001119255b1
Event: 8574.450 Thread 0x00007ff6ae92e800 Implicit null exception at 0x0000000112329122 to 0x000000011232921b

Events (10 events):
Event: 8581.266 Thread 0x00007ff6ab040800 flushing nmethod 0x0000000111656990
Event: 8581.266 Thread 0x00007ff6ab040800 flushing nmethod 0x0000000111720f10
Event: 8581.267 Thread 0x00007ff6ab040800 flushing nmethod 0x00000001117fb1d0
Event: 8581.268 Thread 0x00007ff6ab040800 flushing nmethod 0x00000001118ab6d0
Event: 8581.273 Thread 0x00007ff6ab040800 flushing nmethod 0x00000001118ac250
Event: 8581.273 Thread 0x00007ff6ab040800 flushing nmethod 0x000000011193e2d0
Event: 8581.274 Thread 0x00007ff6ab040800 flushing nmethod 0x0000000111957490
Event: 8581.849 Thread 0x00007ff6ab040800 flushing nmethod 0x00000001119e6150
Event: 8581.850 Thread 0x00007ff6ab040800 flushing nmethod 0x0000000111a4b110
Event: 8582.372 Executing VM operation: ParallelGCFailedAllocation


Dynamic libraries:
0x000000000525a000 	/System/Library/Frameworks/Cocoa.framework/Versions/A/Cocoa
0x000000000525a000 	/System/Library/Frameworks/Security.framework/Versions/A/Security
0x000000000525a000 	/System/Library/Frameworks/ApplicationServices.framework/Versions/A/ApplicationServices
0x000000000525a000 	/usr/lib/libz.1.dylib
0x000000000525a000 	/usr/lib/libSystem.B.dylib
0x000000000525a000 	/usr/lib/libobjc.A.dylib
0x000000000525a000 	/System/Library/Frameworks/CoreFoundation.framework/Versions/A/CoreFoundation
0x000000000525a000 	/System/Library/Frameworks/Foundation.framework/Versions/C/Foundation
0x000000000525a000 	/System/Library/Frameworks/AppKit.framework/Versions/C/AppKit
0x000000000525a000 	/System/Library/Frameworks/CoreData.framework/Versions/A/CoreData
0x000000000525a000 	/System/Library/PrivateFrameworks/RemoteViewServices.framework/Versions/A/RemoteViewServices
0x000000000525a000 	/System/Library/PrivateFrameworks/UIFoundation.framework/Versions/A/UIFoundation
0x000000000525a000 	/usr/lib/libScreenReader.dylib
0x000000000525a000 	/System/Library/Frameworks/Accelerate.framework/Versions/A/Accelerate
0x000000000525a000 	/System/Library/Frameworks/IOSurface.framework/Versions/A/IOSurface
0x000000000525a000 	/System/Library/Frameworks/AudioToolbox.framework/Versions/A/AudioToolbox
0x000000000525a000 	/System/Library/Frameworks/AudioUnit.framework/Versions/A/AudioUnit
0x000000000525a000 	/System/Library/PrivateFrameworks/DataDetectorsCore.framework/Versions/A/DataDetectorsCore
0x000000000525a000 	/System/Library/PrivateFrameworks/DesktopServicesPriv.framework/Versions/A/DesktopServicesPriv
0x000000000525a000 	/System/Library/Frameworks/Carbon.framework/Versions/A/Frameworks/HIToolbox.framework/Versions/A/HIToolbox
0x000000000525a000 	/System/Library/Frameworks/QuartzCore.framework/Versions/A/QuartzCore
0x000000000525a000 	/System/Library/Frameworks/Carbon.framework/Versions/A/Frameworks/SpeechRecognition.framework/Versions/A/SpeechRecognition
0x000000000525a000 	/usr/lib/libauto.dylib
0x000000000525a000 	/usr/lib/libicucore.A.dylib
0x000000000525a000 	/usr/lib/libxml2.2.dylib
0x000000000525a000 	/System/Library/PrivateFrameworks/CoreUI.framework/Versions/A/CoreUI
0x000000000525a000 	/System/Library/Frameworks/CoreAudio.framework/Versions/A/CoreAudio
0x000000000525a000 	/System/Library/Frameworks/DiskArbitration.framework/Versions/A/DiskArbitration
0x000000000525a000 	/usr/lib/liblangid.dylib
0x000000000525a000 	/System/Library/PrivateFrameworks/MultitouchSupport.framework/Versions/A/MultitouchSupport
0x000000000525a000 	/System/Library/Frameworks/IOKit.framework/Versions/A/IOKit
0x000000000525a000 	/usr/lib/libDiagnosticMessagesClient.dylib
0x000000000525a000 	/System/Library/Frameworks/CoreServices.framework/Versions/A/CoreServices
0x000000000525a000 	/System/Library/PrivateFrameworks/PerformanceAnalysis.framework/Versions/A/PerformanceAnalysis
0x000000000525a000 	/System/Library/PrivateFrameworks/GenerationalStorage.framework/Versions/A/GenerationalStorage
0x000000000525a000 	/System/Library/Frameworks/OpenGL.framework/Versions/A/OpenGL
0x000000000525a000 	/System/Library/PrivateFrameworks/Sharing.framework/Versions/A/Sharing
0x000000000525a000 	/System/Library/Frameworks/CoreGraphics.framework/Versions/A/CoreGraphics
0x000000000525a000 	/System/Library/Frameworks/CoreImage.framework/Versions/A/CoreImage
0x000000000525a000 	/System/Library/Frameworks/CoreText.framework/Versions/A/CoreText
0x000000000525a000 	/System/Library/Frameworks/ImageIO.framework/Versions/A/ImageIO
0x000000000525a000 	/System/Library/PrivateFrameworks/Backup.framework/Versions/A/Backup
0x000000000525a000 	/usr/lib/libextension.dylib
0x000000000525a000 	/usr/lib/libarchive.2.dylib
0x000000000525a000 	/System/Library/Frameworks/CFNetwork.framework/Versions/A/CFNetwork
0x000000000525a000 	/System/Library/Frameworks/SystemConfiguration.framework/Versions/A/SystemConfiguration
0x000000000525a000 	/usr/lib/libCRFSuite.dylib
0x000000000525a000 	/usr/lib/libc++.1.dylib
0x000000000525a000 	/usr/lib/libc++abi.dylib
0x000000000525a000 	/usr/lib/system/libcache.dylib
0x000000000525a000 	/usr/lib/system/libcommonCrypto.dylib
0x000000000525a000 	/usr/lib/system/libcompiler_rt.dylib
0x000000000525a000 	/usr/lib/system/libcopyfile.dylib
0x000000000525a000 	/usr/lib/system/libcorecrypto.dylib
0x000000000525a000 	/usr/lib/system/libdispatch.dylib
0x000000000525a000 	/usr/lib/system/libdyld.dylib
0x000000000525a000 	/usr/lib/system/libkeymgr.dylib
0x000000000525a000 	/usr/lib/system/liblaunch.dylib
0x000000000525a000 	/usr/lib/system/libmacho.dylib
0x000000000525a000 	/usr/lib/system/libquarantine.dylib
0x000000000525a000 	/usr/lib/system/libremovefile.dylib
0x000000000525a000 	/usr/lib/system/libsystem_asl.dylib
0x000000000525a000 	/usr/lib/system/libsystem_blocks.dylib
0x000000000525a000 	/usr/lib/system/libsystem_c.dylib
0x000000000525a000 	/usr/lib/system/libsystem_configuration.dylib
0x000000000525a000 	/usr/lib/system/libsystem_coreservices.dylib
0x000000000525a000 	/usr/lib/system/libsystem_coretls.dylib
0x000000000525a000 	/usr/lib/system/libsystem_dnssd.dylib
0x000000000525a000 	/usr/lib/system/libsystem_info.dylib
0x000000000525a000 	/usr/lib/system/libsystem_kernel.dylib
0x000000000525a000 	/usr/lib/system/libsystem_m.dylib
0x000000000525a000 	/usr/lib/system/libsystem_malloc.dylib
0x000000000525a000 	/usr/lib/system/libsystem_network.dylib
0x000000000525a000 	/usr/lib/system/libsystem_networkextension.dylib
0x000000000525a000 	/usr/lib/system/libsystem_notify.dylib
0x000000000525a000 	/usr/lib/system/libsystem_platform.dylib
0x000000000525a000 	/usr/lib/system/libsystem_pthread.dylib
0x000000000525a000 	/usr/lib/system/libsystem_sandbox.dylib
0x000000000525a000 	/usr/lib/system/libsystem_secinit.dylib
0x000000000525a000 	/usr/lib/system/libsystem_trace.dylib
0x000000000525a000 	/usr/lib/system/libunc.dylib
0x000000000525a000 	/usr/lib/system/libunwind.dylib
0x000000000525a000 	/usr/lib/system/libxpc.dylib
0x000000000525a000 	/usr/lib/libenergytrace.dylib
0x000000000525a000 	/usr/lib/libbsm.0.dylib
0x000000000525a000 	/usr/lib/system/libkxld.dylib
0x000000000525a000 	/usr/lib/libxar.1.dylib
0x000000000525a000 	/usr/lib/libsqlite3.dylib
0x000000000525a000 	/usr/lib/libpam.2.dylib
0x000000000525a000 	/usr/lib/libOpenScriptingUtil.dylib
0x000000000525a000 	/usr/lib/libbz2.1.0.dylib
0x000000000525a000 	/usr/lib/liblzma.5.dylib
0x000000000525a000 	/System/Library/Frameworks/CoreServices.framework/Versions/A/Frameworks/FSEvents.framework/Versions/A/FSEvents
0x000000000525a000 	/System/Library/Frameworks/CoreServices.framework/Versions/A/Frameworks/CarbonCore.framework/Versions/A/CarbonCore
0x000000000525a000 	/System/Library/Frameworks/CoreServices.framework/Versions/A/Frameworks/Metadata.framework/Versions/A/Metadata
0x000000000525a000 	/System/Library/Frameworks/CoreServices.framework/Versions/A/Frameworks/OSServices.framework/Versions/A/OSServices
0x000000000525a000 	/System/Library/Frameworks/CoreServices.framework/Versions/A/Frameworks/SearchKit.framework/Versions/A/SearchKit
0x000000000525a000 	/System/Library/Frameworks/CoreServices.framework/Versions/A/Frameworks/AE.framework/Versions/A/AE
0x000000000525a000 	/System/Library/Frameworks/CoreServices.framework/Versions/A/Frameworks/LaunchServices.framework/Versions/A/LaunchServices
0x000000000525a000 	/System/Library/Frameworks/CoreServices.framework/Versions/A/Frameworks/DictionaryServices.framework/Versions/A/DictionaryServices
0x000000000525a000 	/System/Library/Frameworks/CoreServices.framework/Versions/A/Frameworks/SharedFileList.framework/Versions/A/SharedFileList
0x000000000525a000 	/System/Library/Frameworks/NetFS.framework/Versions/A/NetFS
0x000000000525a000 	/System/Library/PrivateFrameworks/NetAuth.framework/Versions/A/NetAuth
0x000000000525a000 	/System/Library/PrivateFrameworks/login.framework/Versions/A/Frameworks/loginsupport.framework/Versions/A/loginsupport
0x000000000525a000 	/System/Library/PrivateFrameworks/TCC.framework/Versions/A/TCC
0x000000000525a000 	/usr/lib/libmecabra.dylib
0x000000000525a000 	/System/Library/Frameworks/ApplicationServices.framework/Versions/A/Frameworks/ATS.framework/Versions/A/ATS
0x000000000525a000 	/System/Library/Frameworks/ApplicationServices.framework/Versions/A/Frameworks/ColorSync.framework/Versions/A/ColorSync
0x000000000525a000 	/System/Library/Frameworks/ApplicationServices.framework/Versions/A/Frameworks/HIServices.framework/Versions/A/HIServices
0x000000000525a000 	/System/Library/Frameworks/ApplicationServices.framework/Versions/A/Frameworks/LangAnalysis.framework/Versions/A/LangAnalysis
0x000000000525a000 	/System/Library/Frameworks/ApplicationServices.framework/Versions/A/Frameworks/PrintCore.framework/Versions/A/PrintCore
0x000000000525a000 	/System/Library/Frameworks/ApplicationServices.framework/Versions/A/Frameworks/QD.framework/Versions/A/QD
0x000000000525a000 	/System/Library/Frameworks/ApplicationServices.framework/Versions/A/Frameworks/SpeechSynthesis.framework/Versions/A/SpeechSynthesis
0x000000000525a000 	/System/Library/Frameworks/Metal.framework/Versions/A/Metal
0x000000000525a000 	/System/Library/Frameworks/Accelerate.framework/Versions/A/Frameworks/vImage.framework/Versions/A/vImage
0x000000000525a000 	/System/Library/Frameworks/Accelerate.framework/Versions/A/Frameworks/vecLib.framework/Versions/A/vecLib
0x000000000525a000 	/System/Library/Frameworks/Accelerate.framework/Versions/A/Frameworks/vecLib.framework/Versions/A/libvDSP.dylib
0x000000000525a000 	/System/Library/Frameworks/Accelerate.framework/Versions/A/Frameworks/vecLib.framework/Versions/A/libvMisc.dylib
0x000000000525a000 	/System/Library/Frameworks/Accelerate.framework/Versions/A/Frameworks/vecLib.framework/Versions/A/libLAPACK.dylib
0x000000000525a000 	/System/Library/Frameworks/Accelerate.framework/Versions/A/Frameworks/vecLib.framework/Versions/A/libBLAS.dylib
0x000000000525a000 	/System/Library/Frameworks/Accelerate.framework/Versions/A/Frameworks/vecLib.framework/Versions/A/libLinearAlgebra.dylib
0x000000000525a000 	/System/Library/Frameworks/Accelerate.framework/Versions/A/Frameworks/vecLib.framework/Versions/A/libSparseBLAS.dylib
0x000000000525a000 	/System/Library/PrivateFrameworks/GPUCompiler.framework/libmetal_timestamp.dylib
0x000000000525a000 	/System/Library/Frameworks/OpenGL.framework/Versions/A/Libraries/libCoreFSCache.dylib
0x000000000525a000 	/System/Library/PrivateFrameworks/IOAccelerator.framework/Versions/A/IOAccelerator
0x000000000525a000 	/System/Library/Frameworks/ApplicationServices.framework/Versions/A/Frameworks/ATS.framework/Versions/A/Resources/libFontParser.dylib
0x000000000525a000 	/System/Library/Frameworks/ApplicationServices.framework/Versions/A/Frameworks/ATS.framework/Versions/A/Resources/libFontRegistry.dylib
0x000000000525a000 	/System/Library/PrivateFrameworks/AppleVPA.framework/Versions/A/AppleVPA
0x000000000525a000 	/System/Library/PrivateFrameworks/AppleJPEG.framework/Versions/A/AppleJPEG
0x000000000525a000 	/System/Library/Frameworks/ImageIO.framework/Versions/A/Resources/libJPEG.dylib
0x000000000525a000 	/System/Library/Frameworks/ImageIO.framework/Versions/A/Resources/libTIFF.dylib
0x000000000525a000 	/System/Library/Frameworks/ImageIO.framework/Versions/A/Resources/libPng.dylib
0x000000000525a000 	/System/Library/Frameworks/ImageIO.framework/Versions/A/Resources/libGIF.dylib
0x000000000525a000 	/System/Library/Frameworks/ImageIO.framework/Versions/A/Resources/libJP2.dylib
0x000000000525a000 	/System/Library/Frameworks/ImageIO.framework/Versions/A/Resources/libRadiance.dylib
0x000000000525a000 	/System/Library/Frameworks/CoreVideo.framework/Versions/A/CoreVideo
0x000000000525a000 	/System/Library/Frameworks/OpenGL.framework/Versions/A/Libraries/libGLU.dylib
0x000000000525a000 	/System/Library/Frameworks/OpenGL.framework/Versions/A/Libraries/libGFXShared.dylib
0x000000000525a000 	/System/Library/Frameworks/OpenGL.framework/Versions/A/Libraries/libGL.dylib
0x000000000525a000 	/System/Library/Frameworks/OpenGL.framework/Versions/A/Libraries/libGLImage.dylib
0x000000000525a000 	/System/Library/Frameworks/OpenGL.framework/Versions/A/Libraries/libCVMSPluginSupport.dylib
0x000000000525a000 	/System/Library/Frameworks/OpenGL.framework/Versions/A/Libraries/libCoreVMClient.dylib
0x000000000525a000 	/usr/lib/libcompression.dylib
0x000000000525a000 	/usr/lib/libcups.2.dylib
0x000000000525a000 	/System/Library/Frameworks/Kerberos.framework/Versions/A/Kerberos
0x000000000525a000 	/System/Library/Frameworks/GSS.framework/Versions/A/GSS
0x000000000525a000 	/usr/lib/libresolv.9.dylib
0x000000000525a000 	/usr/lib/libiconv.2.dylib
0x000000000525a000 	/System/Library/PrivateFrameworks/Heimdal.framework/Versions/A/Heimdal
0x000000000525a000 	/usr/lib/libheimdal-asn1.dylib
0x000000000525a000 	/System/Library/Frameworks/OpenDirectory.framework/Versions/A/OpenDirectory
0x000000000525a000 	/System/Library/PrivateFrameworks/CommonAuth.framework/Versions/A/CommonAuth
0x000000000525a000 	/System/Library/Frameworks/OpenDirectory.framework/Versions/A/Frameworks/CFOpenDirectory.framework/Versions/A/CFOpenDirectory
0x000000000525a000 	/System/Library/Frameworks/SecurityFoundation.framework/Versions/A/SecurityFoundation
0x000000000525a000 	/System/Library/PrivateFrameworks/LanguageModeling.framework/Versions/A/LanguageModeling
0x000000000525a000 	/usr/lib/libmarisa.dylib
0x000000000525a000 	/usr/lib/libChineseTokenizer.dylib
0x000000000525a000 	/usr/lib/libcmph.dylib
0x000000000525a000 	/System/Library/Frameworks/ServiceManagement.framework/Versions/A/ServiceManagement
0x000000000525a000 	/usr/lib/libxslt.1.dylib
0x000000000525a000 	/System/Library/Frameworks/Carbon.framework/Versions/A/Frameworks/Ink.framework/Versions/A/Ink
0x000000000525a000 	/usr/lib/libFosl_dynamic.dylib
0x000000000525a000 	/System/Library/PrivateFrameworks/FaceCore.framework/Versions/A/FaceCore
0x000000000525a000 	/System/Library/Frameworks/OpenCL.framework/Versions/A/OpenCL
0x000000000525a000 	/System/Library/PrivateFrameworks/CrashReporterSupport.framework/Versions/A/CrashReporterSupport
0x000000000525a000 	/System/Library/PrivateFrameworks/IconServices.framework/Versions/A/IconServices
0x000000000525a000 	/System/Library/PrivateFrameworks/Apple80211.framework/Versions/A/Apple80211
0x000000000525a000 	/System/Library/Frameworks/CoreWLAN.framework/Versions/A/CoreWLAN
0x000000000525a000 	/System/Library/Frameworks/IOBluetooth.framework/Versions/A/IOBluetooth
0x000000000525a000 	/System/Library/PrivateFrameworks/CoreWiFi.framework/Versions/A/CoreWiFi
0x000000000525a000 	/System/Library/Frameworks/CoreBluetooth.framework/Versions/A/CoreBluetooth
0x000000000525a000 	/System/Library/PrivateFrameworks/ChunkingLibrary.framework/Versions/A/ChunkingLibrary
0x000000000525a000 	/System/Library/PrivateFrameworks/DebugSymbols.framework/Versions/A/DebugSymbols
0x000000000525a000 	/System/Library/PrivateFrameworks/CoreSymbolication.framework/Versions/A/CoreSymbolication
0x000000000525a000 	/System/Library/PrivateFrameworks/Symbolication.framework/Versions/A/Symbolication
0x000000000525a000 	/System/Library/PrivateFrameworks/SpeechRecognitionCore.framework/Versions/A/SpeechRecognitionCore
0x000000010e200000 	/Library/Java/JavaVirtualMachines/jdk1.8.0_101.jdk/Contents/Home/jre/lib/server/libjvm.dylib
0x000000000525a000 	/usr/lib/libstdc++.6.dylib
0x000000010d8d4000 	/Library/Java/JavaVirtualMachines/jdk1.8.0_101.jdk/Contents/Home/jre/lib/libverify.dylib
0x000000010d8e2000 	/Library/Java/JavaVirtualMachines/jdk1.8.0_101.jdk/Contents/Home/jre/lib/libjava.dylib
0x000000010d921000 	/Library/Java/JavaVirtualMachines/jdk1.8.0_101.jdk/Contents/Home/jre/lib/libzip.dylib
0x0000000124a35000 	/System/Library/Frameworks/JavaVM.framework/Frameworks/JavaRuntimeSupport.framework/JavaRuntimeSupport
0x0000000124a50000 	/System/Library/Frameworks/JavaVM.framework/Versions/A/Frameworks/JavaNativeFoundation.framework/Versions/A/JavaNativeFoundation
0x0000000124a65000 	/System/Library/Frameworks/JavaVM.framework/Versions/A/JavaVM
0x000000000525a000 	/System/Library/Frameworks/Carbon.framework/Versions/A/Carbon
0x0000000124a72000 	/System/Library/PrivateFrameworks/JavaLaunching.framework/Versions/A/JavaLaunching
0x000000000525a000 	/System/Library/Frameworks/Carbon.framework/Versions/A/Frameworks/CommonPanels.framework/Versions/A/CommonPanels
0x000000000525a000 	/System/Library/Frameworks/Carbon.framework/Versions/A/Frameworks/Help.framework/Versions/A/Help
0x000000000525a000 	/System/Library/Frameworks/Carbon.framework/Versions/A/Frameworks/ImageCapture.framework/Versions/A/ImageCapture
0x000000000525a000 	/System/Library/Frameworks/Carbon.framework/Versions/A/Frameworks/OpenScripting.framework/Versions/A/OpenScripting
0x000000000525a000 	/System/Library/Frameworks/Carbon.framework/Versions/A/Frameworks/Print.framework/Versions/A/Print
0x000000000525a000 	/System/Library/Frameworks/Carbon.framework/Versions/A/Frameworks/SecurityHI.framework/Versions/A/SecurityHI
0x0000000126697000 	/Library/Java/JavaVirtualMachines/jdk1.8.0_101.jdk/Contents/Home/jre/lib/libnet.dylib
0x00000001266f6000 	/Library/Java/JavaVirtualMachines/jdk1.8.0_101.jdk/Contents/Home/jre/lib/libnio.dylib
0x0000000126706000 	/Users/Micha/.gradle/native/19/osx-amd64/libnative-platform.dylib
0x0000000126856000 	/Library/Java/JavaVirtualMachines/jdk1.8.0_101.jdk/Contents/Home/jre/lib/libmanagement.dylib

VM Arguments:
jvm_args: -Xmx2048M -Dfile.encoding=UTF-8 -Duser.country=DE -Duser.language=de -Duser.variant 
java_command: org.gradle.launcher.daemon.bootstrap.GradleDaemon 2.10
java_class_path (initial): /Users/Micha/.gradle/wrapper/dists/gradle-2.10-all/a4w5fzrkeut1ox71xslb49gst/gradle-2.10/lib/gradle-launcher-2.10.jar
Launcher Type: SUN_STANDARD

Environment Variables:
PATH=/usr/bin:/bin:/usr/sbin:/sbin
SHELL=/bin/bash
DISPLAY=/private/tmp/com.apple.launchd.87n92srBCi/org.macosforge.xquartz:0

Signal Handlers:
SIGSEGV: [libjvm.dylib+0x5af145], sa_mask[0]=11111111011111110111111111111111, sa_flags=SA_ONSTACK|SA_RESTART|SA_SIGINFO
SIGBUS: [libjvm.dylib+0x5af145], sa_mask[0]=11111111011111110111111111111111, sa_flags=SA_RESTART|SA_SIGINFO
SIGFPE: [libjvm.dylib+0x48694c], sa_mask[0]=11111111011111110111111111111111, sa_flags=SA_RESTART|SA_SIGINFO
SIGPIPE: [libjvm.dylib+0x48694c], sa_mask[0]=11111111011111110111111111111111, sa_flags=SA_RESTART|SA_SIGINFO
SIGXFSZ: [libjvm.dylib+0x48694c], sa_mask[0]=11111111011111110111111111111111, sa_flags=SA_RESTART|SA_SIGINFO
SIGILL: [libjvm.dylib+0x48694c], sa_mask[0]=11111111011111110111111111111111, sa_flags=SA_RESTART|SA_SIGINFO
SIGUSR1: SIG_DFL, sa_mask[0]=00000000000000000000000000000000, sa_flags=none
SIGUSR2: [libjvm.dylib+0x48646a], sa_mask[0]=00100000000000000000000000000000, sa_flags=SA_RESTART|SA_SIGINFO
SIGHUP: [libjvm.dylib+0x484a41], sa_mask[0]=11111111011111110111111111111111, sa_flags=SA_RESTART|SA_SIGINFO
SIGINT: [libjvm.dylib+0x484a41], sa_mask[0]=11111111011111110111111111111111, sa_flags=SA_RESTART|SA_SIGINFO
SIGTERM: [libjvm.dylib+0x484a41], sa_mask[0]=11111111011111110111111111111111, sa_flags=SA_RESTART|SA_SIGINFO
SIGQUIT: [libjvm.dylib+0x484a41], sa_mask[0]=11111111011111110111111111111111, sa_flags=SA_RESTART|SA_SIGINFO


---------------  S Y S T E M  ---------------

OS:Bsduname:Darwin 15.5.0 Darwin Kernel Version 15.5.0: Tue Apr 19 18:36:36 PDT 2016; root:xnu-3248.50.21~8/RELEASE_X86_64 x86_64
rlimit: STACK 8192k, CORE 0k, NPROC 709, NOFILE 10240, AS infinity
load average:4.54 3.79 3.50

CPU:total 4 (2 cores per cpu, 2 threads per core) family 6 model 42 stepping 7, cmov, cx8, fxsr, mmx, sse, sse2, sse3, ssse3, sse4.1, sse4.2, popcnt, avx, aes, clmul, ht, tsc, tscinvbit

Memory: 4k page, physical 8388608k(16292k free)

/proc/meminfo:


vm_info: Java HotSpot(TM) 64-Bit Server VM (25.101-b13) for bsd-amd64 JRE (1.8.0_101-b13), built on Jun 22 2016 02:42:15 by "java_re" with gcc 4.2.1 (Based on Apple Inc. build 5658) (LLVM build 2336.11.00)

time: Mon Sep 12 16:04:21 2016
elapsed time: 8582 seconds (0d 2h 23m 2s)

