#
# A fatal error has been detected by the Java Runtime Environment:
#
#  SIGSEGV (0xb) at pc=0x000000010e6c5fe5, pid=5197, tid=0x0000000000002603
#
# JRE version: Java(TM) SE Runtime Environment (8.0_101-b13) (build 1.8.0_101-b13)
# Java VM: Java HotSpot(TM) 64-Bit Server VM (25.101-b13 mixed mode bsd-amd64 compressed oops)
# Problematic frame:
# V  [libjvm.dylib+0x4c5fe5]  oopDesc* PSPromotionManager::copy_to_survivor_space<false>(oopDesc*)+0x49
#
# Failed to write core dump. Core dumps have been disabled. To enable core dumping, try "ulimit -c unlimited" before starting Java again
#
# If you would like to submit a bug report, please visit:
#   http://bugreport.java.com/bugreport/crash.jsp
#

---------------  T H R E A D  ---------------

Current thread (0x00007f9a4500f000):  GCTaskThread [stack: 0x0000700000320000,0x0000700000420000] [id=9731]

siginfo: si_signo: 11 (SIGSEGV), si_code: 0 (unknown), si_addr: 0x0000000000000000

Registers:
RAX=0xf6ea7866e83f5dc8, RBX=0xf6ea7866e83f5dca, RCX=0x0000000000000018, RDX=0x0000000800000017
RSP=0x000070000041fbe0, RBP=0x000070000041fc40, RSI=0x00000007b756c088, RDI=0x0000000741fb1888
R8 =0x000000010eaee0e0, R9 =0x00000007a5989e80, R10=0x00000007a5991e80, R11=0xffffffffee424d90
R12=0x000000010eae3e16, R13=0x00000007a5990cf5, R14=0x00007f9a45052dc0, R15=0x0000000000000002
RIP=0x000000010e6c5fe5, EFLAGS=0x0000000000010282, ERR=0x0000000000000000
  TRAPNO=0x000000000000000d

Top of Stack: (sp=0x000070000041fbe0)
0x000070000041fbe0:   0008550100085600 00000007b756c088
0x000070000041fbf0:   00000007a5989e80 0000000000001000
0x000070000041fc00:   0000000762b4c760 0000000000000400
0x000070000041fc10:   000000000000003d 00000007a5990cf5
0x000070000041fc20:   000000010eae3e16 00000007a5990cf5
0x000070000041fc30:   00000007a5990cf4 00007f9a45052e58
0x000070000041fc40:   000070000041fc60 000000010e6c64e7
0x000070000041fc50:   00007f9a45052dc0 00007f9a45052e20
0x000070000041fc60:   000070000041fcc0 000000010e6c5507
0x000070000041fc70:   000000074c8bb434 00000007c087a578
0x000070000041fc80:   00000007a5990cf5 00000007c087a578
0x000070000041fc90:   00007f9a45052dc0 000000074c8bc6b8
0x000070000041fca0:   000000011e5d25e3 000000074c8bc600
0x000070000041fcb0:   000000011e5d2601 0000000000000240
0x000070000041fcc0:   000070000041fd80 000000010e357030
0x000070000041fcd0:   00007f9a43712e00 0000000000000200
0x000070000041fce0:   fffffffee197e60e 0000000000000180
0x000070000041fcf0:   000000011e6819f0 000000011ab6e180
0x000070000041fd00:   000000011e6819f1 0000000003a64400
0x000070000041fd10:   fffffffee1a2d9ff 0000000003b139f1
0x000070000041fd20:   000000011e5d2600 000000011e5d2581
0x000070000041fd30:   000000076273e0d8 000000074c8c0078
0x000070000041fd40:   00007f9a4340c240 00007f9a45052dc0
0x000070000041fd50:   00007f9a4340bfd0 00007f9a43714310
0x000070000041fd60:   0000000000000000 000000010e811ab0
0x000070000041fd70:   00007f9a45052dc0 0000000000000001
0x000070000041fd80:   000070000041fdb0 000000010e6c903b
0x000070000041fd90:   0000000000000004 00007f9a43712e00
0x000070000041fda0:   00007f9a4500f000 00007f9a43714310
0x000070000041fdb0:   000070000041fe90 000000010e475c03
0x000070000041fdc0:   000070000041fdf0 00007f9a43409750
0x000070000041fdd0:   00007f9a4340cf40 00007f9a4340cf50 

Instructions: (pc=0x000000010e6c5fe5)
0x000000010e6c5fc5:   49 89 fe 48 8b 7d a8 e8 fb 32 ce ff f6 c3 01 4c
0x000000010e6c5fd5:   63 f8 74 05 48 89 d8 eb 0a 48 89 d8 48 83 e0 fd
0x000000010e6c5fe5:   48 8b 00 c1 e8 03 83 e0 0f 48 8d 0d ab 80 42 00
0x000000010e6c5ff5:   3b 01 0f 83 ee 01 00 00 48 8d 05 c4 e2 41 00 48 

Register to memory mapping:

RAX=0xf6ea7866e83f5dc8 is an unknown value
RBX=0xf6ea7866e83f5dca is an unknown value
RCX=0x0000000000000018 is an unknown value
RDX=0x0000000800000017 is an unknown value
RSP=0x000070000041fbe0 is an unknown value
RBP=0x000070000041fc40 is an unknown value
RSI=0x00000007b756c088 is an unknown value
RDI=0x0000000741fb1888 is an oop
com.android.dx.rop.code.RegisterSpecList 
 - klass: 'com/android/dx/rop/code/RegisterSpecList'
R8 =0x000000010eaee0e0: _ZN10PSScavenge26_young_generation_boundaryE+0 in /Library/Java/JavaVirtualMachines/jdk1.8.0_101.jdk/Contents/Home/jre/lib/server/libjvm.dylib at 0x000000010e200000
R9 =0x00000007a5989e80 is an oop
com.android.dx.rop.code.PlainInsn 
 - klass: 'com/android/dx/rop/code/PlainInsn'
R10=0x00000007a5991e80 is an oop
[I 
 - klass: {type array int}
 - length: 528
R11=0xffffffffee424d90 is an unknown value
R12=0x000000010eae3e16: AssumeMP+0 in /Library/Java/JavaVirtualMachines/jdk1.8.0_101.jdk/Contents/Home/jre/lib/server/libjvm.dylib at 0x000000010e200000
R13=0x00000007a5990cf5 is an unknown value
R14=0x00007f9a45052dc0 is an unknown value
R15=0x0000000000000002 is an unknown value


Stack: [0x0000700000320000,0x0000700000420000],  sp=0x000070000041fbe0,  free space=1022k
Native frames: (J=compiled Java code, j=interpreted, Vv=VM code, C=native code)
V  [libjvm.dylib+0x4c5fe5]  oopDesc* PSPromotionManager::copy_to_survivor_space<false>(oopDesc*)+0x49
V  [libjvm.dylib+0x4c64e7]  PSPromotionManager::process_popped_location_depth(StarTask)+0x73
V  [libjvm.dylib+0x4c5507]  PSPromotionManager::drain_stacks_depth(bool)+0x117
V  [libjvm.dylib+0x157030]  CardTableExtension::scavenge_contents_parallel(ObjectStartArray*, MutableSpace*, HeapWord*, PSPromotionManager*, unsigned int, unsigned int)+0x380
V  [libjvm.dylib+0x4c903b]  OldToYoungRootsTask::do_it(GCTaskManager*, unsigned int)+0x4b
V  [libjvm.dylib+0x275c03]  GCTaskThread::run()+0x1a1
V  [libjvm.dylib+0x48933a]  java_start(Thread*)+0xf6
C  [libsystem_pthread.dylib+0x399d]  _pthread_body+0x83
C  [libsystem_pthread.dylib+0x391a]  _pthread_body+0x0
C  [libsystem_pthread.dylib+0x1351]  thread_start+0xd


---------------  P R O C E S S  ---------------

Java Threads: ( => current thread )
  0x00007f9a484a3800 JavaThread "pool-20-thread-4" [_thread_blocked, id=29231, stack(0x00007000021fd000,0x00007000022fd000)]
  0x00007f9a473f5800 JavaThread "pool-20-thread-3" [_thread_blocked, id=26963, stack(0x00007000020fa000,0x00007000021fa000)]
  0x00007f9a470ae000 JavaThread "pool-20-thread-2" [_thread_blocked, id=25707, stack(0x0000700001ff7000,0x00007000020f7000)]
  0x00007f9a46aa6000 JavaThread "pool-21-thread-1" [_thread_blocked, id=28975, stack(0x0000700001ef4000,0x0000700001ff4000)]
  0x00007f9a47190000 JavaThread "pool-20-thread-1" [_thread_blocked, id=26203, stack(0x0000700001df1000,0x0000700001ef1000)]
  0x00007f9a4a0bd000 JavaThread "Daemon worker Thread 11" [_thread_blocked, id=20523, stack(0x00007000013d3000,0x00007000014d3000)]
  0x00007f9a48330800 JavaThread "Cancel handler" [_thread_blocked, id=20339, stack(0x00007000012d0000,0x00007000013d0000)]
  0x00007f9a4559a800 JavaThread "Handler for socket connection from /127.0.0.1:63237 to /127.0.0.1:55497" [_thread_in_native, id=19499, stack(0x00007000011cd000,0x00007000012cd000)]
  0x00007f9a4a07c000 JavaThread "Daemon Thread 11" [_thread_blocked, id=4911, stack(0x00007000010ca000,0x00007000011ca000)]
  0x00007f9a4773a000 JavaThread "pool-1-thread-4" [_thread_blocked, id=27927, stack(0x0000700001cee000,0x0000700001dee000)]
  0x00007f9a48f52800 JavaThread "pool-1-thread-3" [_thread_blocked, id=27419, stack(0x0000700001beb000,0x0000700001ceb000)]
  0x00007f9a47ef1000 JavaThread "pool-1-thread-2" [_thread_blocked, id=25363, stack(0x0000700001ae8000,0x0000700001be8000)]
  0x00007f9a48d34000 JavaThread "pool-1-thread-1" [_thread_blocked, id=22547, stack(0x00007000019e5000,0x0000700001ae5000)]
  0x00007f9a4714d000 JavaThread "Tasks limiter_4" daemon [_thread_blocked, id=23051, stack(0x00007000018e2000,0x00007000019e2000)]
  0x00007f9a4714c000 JavaThread "Tasks limiter_3" daemon [_thread_blocked, id=22811, stack(0x00007000017df000,0x00007000018df000)]
  0x00007f9a493d5800 JavaThread "Tasks limiter_2" daemon [_thread_blocked, id=21779, stack(0x00007000016dc000,0x00007000017dc000)]
  0x00007f9a471b7800 JavaThread "Tasks limiter_1" daemon [_thread_blocked, id=21003, stack(0x00007000014d6000,0x00007000015d6000)]
  0x00007f9a48031800 JavaThread "File lock request listener" [_thread_in_native, id=22019, stack(0x00007000015d9000,0x00007000016d9000)]
  0x00007f9a438e1000 JavaThread "Incoming local TCP Connector on port 63237" [_thread_in_native, id=13575, stack(0x0000700000fc7000,0x00007000010c7000)]
  0x00007f9a43810000 JavaThread "Service Thread" daemon [_thread_blocked, id=18435, stack(0x0000700000dc1000,0x0000700000ec1000)]
  0x00007f9a4482b800 JavaThread "C1 CompilerThread2" daemon [_thread_blocked, id=17923, stack(0x0000700000cbe000,0x0000700000dbe000)]
  0x00007f9a44821000 JavaThread "C2 CompilerThread1" daemon [_thread_blocked, id=17411, stack(0x0000700000bbb000,0x0000700000cbb000)]
  0x00007f9a43804000 JavaThread "C2 CompilerThread0" daemon [_thread_blocked, id=16899, stack(0x0000700000ab8000,0x0000700000bb8000)]
  0x00007f9a4506d800 JavaThread "Signal Dispatcher" daemon [_thread_blocked, id=13839, stack(0x00007000009b5000,0x0000700000ab5000)]
  0x00007f9a44812000 JavaThread "Finalizer" daemon [_thread_blocked, id=12291, stack(0x000070000082f000,0x000070000092f000)]
  0x00007f9a44004800 JavaThread "Reference Handler" daemon [_thread_blocked, id=11779, stack(0x000070000072c000,0x000070000082c000)]
  0x00007f9a45003800 JavaThread "main" [_thread_blocked, id=5891, stack(0x000070000011a000,0x000070000021a000)]

Other Threads:
  0x00007f9a45053800 VMThread [stack: 0x0000700000629000,0x0000700000729000] [id=11267]
  0x00007f9a45069000 WatcherThread [stack: 0x0000700000ec4000,0x0000700000fc4000] [id=18947]

=>0x00007f9a4500f000 (exited) GCTaskThread [stack: 0x0000700000320000,0x0000700000420000] [id=9731]

VM state:at safepoint (normal execution)

VM Mutex/Monitor currently owned by a thread:  ([mutex/lock_event])
[0x00007f9a4370dec0] Threads_lock - owner thread: 0x00007f9a45053800
[0x00007f9a4370e3c0] Heap_lock - owner thread: 0x00007f9a484a3800

Heap:
 PSYoungGen      total 412160K, used 412133K [0x0000000795580000, 0x00000007c0000000, 0x00000007c0000000)
  eden space 232960K, 100% used [0x0000000795580000,0x00000007a3900000,0x00000007a3900000)
  from space 179200K, 99% used [0x00000007b5100000,0x00000007bfff96a8,0x00000007c0000000)
  to   space 232960K, 99% used [0x00000007a3900000,0x00000007b1c7aff0,0x00000007b1c80000)
 ParOldGen       total 770560K, used 601380K [0x0000000740000000, 0x000000076f080000, 0x0000000795580000)
  object space 770560K, 78% used [0x0000000740000000,0x0000000764b490e0,0x000000076f080000)
 Metaspace       used 69830K, capacity 72880K, committed 73304K, reserved 1114112K
  class space    used 8935K, capacity 9395K, committed 9560K, reserved 1048576K

Card table byte_map: [0x000000011e56e000,0x000000011e96f000] byte_map_base: 0x000000011ab6e000

Marking Bits: (ParMarkBitMap*) 0x000000010eaedd20
 Begin Bits: [0x000000011ec1a000, 0x0000000120c1a000)
 End Bits:   [0x0000000120c1a000, 0x0000000122c1a000)

Polling page: 0x000000010d9fe000

CodeCache: size=245760Kb used=73477Kb max_used=73759Kb free=172282Kb
 bounds [0x000000010f1ae000, 0x0000000113a4e000, 0x000000011e1ae000]
 total_blobs=19618 nmethods=18859 adapters=669
 compilation: enabled

Compilation events (10 events):
Event: 12591.304 Thread 0x00007f9a4482b800 29494       3       com.android.dx.rop.annotation.Annotations::addAll (59 bytes)
Event: 12591.305 Thread 0x00007f9a4482b800 nmethod 29494 0x0000000113425510 code [0x0000000113425740, 0x0000000113426258]
Event: 12591.488 Thread 0x00007f9a44821000 29495 %     4       com.android.dx.dex.code.RopTranslator$TranslationVisitor::visitSwitchInsn @ 82 (237 bytes)
Event: 12591.523 Thread 0x00007f9a43804000 29496       4       com.android.dx.cf.code.Simulator$SimVisitor::visitSwitch (54 bytes)
Event: 12591.542 Thread 0x00007f9a43804000 nmethod 29496 0x000000011328ecd0 code [0x000000011328eea0, 0x000000011328f5d8]
Event: 12591.587 Thread 0x00007f9a43804000 29497       4       com.android.dx.rop.code.Rops::opIfLe (13 bytes)
Event: 12591.595 Thread 0x00007f9a43804000 nmethod 29497 0x000000010fd91e90 code [0x000000010fd92040, 0x000000010fd92388]
Event: 12591.716 Thread 0x00007f9a44821000 nmethod 29495% 0x0000000110bd7e90 code [0x0000000110bd8220, 0x0000000110bdafb8]
Event: 12591.720 Thread 0x00007f9a43804000 29498       4       com.android.dx.util.ByteArray$MyInputStream::available (13 bytes)
Event: 12591.721 Thread 0x00007f9a43804000 nmethod 29498 0x0000000110231090 code [0x00000001102311e0, 0x0000000110231258]

GC Heap History (10 events):
Event: 12591.160 GC heap after
Heap after GC invocations=570 (full 28):
 PSYoungGen      total 556032K, used 70124K [0x0000000795580000, 0x00000007c0000000, 0x00000007c0000000)
  eden space 485888K, 0% used [0x0000000795580000,0x0000000795580000,0x00000007b3000000)
  from space 70144K, 99% used [0x00000007bbb80000,0x00000007bfffb338,0x00000007c0000000)
  to   space 106496K, 0% used [0x00000007b3000000,0x00000007b3000000,0x00000007b9800000)
 ParOldGen       total 770560K, used 266541K [0x0000000740000000, 0x000000076f080000, 0x0000000795580000)
  object space 770560K, 34% used [0x0000000740000000,0x000000075044b628,0x000000076f080000)
 Metaspace       used 69830K, capacity 72880K, committed 73304K, reserved 1114112K
  class space    used 8935K, capacity 9395K, committed 9560K, reserved 1048576K
}
Event: 12591.726 GC heap before
{Heap before GC invocations=571 (full 28):
 PSYoungGen      total 556032K, used 556012K [0x0000000795580000, 0x00000007c0000000, 0x00000007c0000000)
  eden space 485888K, 100% used [0x0000000795580000,0x00000007b3000000,0x00000007b3000000)
  from space 70144K, 99% used [0x00000007bbb80000,0x00000007bfffb338,0x00000007c0000000)
  to   space 106496K, 0% used [0x00000007b3000000,0x00000007b3000000,0x00000007b9800000)
 ParOldGen       total 770560K, used 266541K [0x0000000740000000, 0x000000076f080000, 0x0000000795580000)
  object space 770560K, 34% used [0x0000000740000000,0x000000075044b628,0x000000076f080000)
 Metaspace       used 69830K, capacity 72880K, committed 73304K, reserved 1114112K
  class space    used 8935K, capacity 9395K, committed 9560K, reserved 1048576K
Event: 12592.000 GC heap after
Heap after GC invocations=571 (full 28):
 PSYoungGen      total 592384K, used 106466K [0x0000000795580000, 0x00000007c0000000, 0x00000007c0000000)
  eden space 485888K, 0% used [0x0000000795580000,0x0000000795580000,0x00000007b3000000)
  from space 106496K, 99% used [0x00000007b3000000,0x00000007b97f8850,0x00000007b9800000)
  to   space 106496K, 0% used [0x00000007b9800000,0x00000007b9800000,0x00000007c0000000)
 ParOldGen       total 770560K, used 293881K [0x0000000740000000, 0x000000076f080000, 0x0000000795580000)
  object space 770560K, 38% used [0x0000000740000000,0x0000000751efe558,0x000000076f080000)
 Metaspace       used 69830K, capacity 72880K, committed 73304K, reserved 1114112K
  class space    used 8935K, capacity 9395K, committed 9560K, reserved 1048576K
}
Event: 12592.994 GC heap before
{Heap before GC invocations=572 (full 28):
 PSYoungGen      total 592384K, used 592354K [0x0000000795580000, 0x00000007c0000000, 0x00000007c0000000)
  eden space 485888K, 100% used [0x0000000795580000,0x00000007b3000000,0x00000007b3000000)
  from space 106496K, 99% used [0x00000007b3000000,0x00000007b97f8850,0x00000007b9800000)
  to   space 106496K, 0% used [0x00000007b9800000,0x00000007b9800000,0x00000007c0000000)
 ParOldGen       total 770560K, used 293881K [0x0000000740000000, 0x000000076f080000, 0x0000000795580000)
  object space 770560K, 38% used [0x0000000740000000,0x0000000751efe558,0x000000076f080000)
 Metaspace       used 69830K, capacity 72880K, committed 73304K, reserved 1114112K
  class space    used 8935K, capacity 9395K, committed 9560K, reserved 1048576K
Event: 12593.475 GC heap after
Heap after GC invocations=572 (full 28):
 PSYoungGen      total 446976K, used 106479K [0x0000000795580000, 0x00000007c0000000, 0x00000007c0000000)
  eden space 340480K, 0% used [0x0000000795580000,0x0000000795580000,0x00000007aa200000)
  from space 106496K, 99% used [0x00000007b9800000,0x00000007bfffbc30,0x00000007c0000000)
  to   space 179200K, 0% used [0x00000007aa200000,0x00000007aa200000,0x00000007b5100000)
 ParOldGen       total 770560K, used 371293K [0x0000000740000000, 0x000000076f080000, 0x0000000795580000)
  object space 770560K, 48% used [0x0000000740000000,0x0000000756a97590,0x000000076f080000)
 Metaspace       used 69830K, capacity 72880K, committed 73304K, reserved 1114112K
  class space    used 8935K, capacity 9395K, committed 9560K, reserved 1048576K
}
Event: 12594.480 GC heap before
{Heap before GC invocations=573 (full 28):
 PSYoungGen      total 446976K, used 446959K [0x0000000795580000, 0x00000007c0000000, 0x00000007c0000000)
  eden space 340480K, 100% used [0x0000000795580000,0x00000007aa200000,0x00000007aa200000)
  from space 106496K, 99% used [0x00000007b9800000,0x00000007bfffbc30,0x00000007c0000000)
  to   space 179200K, 0% used [0x00000007aa200000,0x00000007aa200000,0x00000007b5100000)
 ParOldGen       total 770560K, used 371293K [0x0000000740000000, 0x000000076f080000, 0x0000000795580000)
  object space 770560K, 48% used [0x0000000740000000,0x0000000756a97590,0x000000076f080000)
 Metaspace       used 69830K, capacity 72880K, committed 73304K, reserved 1114112K
  class space    used 8935K, capacity 9395K, committed 9560K, reserved 1048576K
Event: 12595.081 GC heap after
Heap after GC invocations=573 (full 28):
 PSYoungGen      total 519680K, used 179179K [0x0000000795580000, 0x00000007c0000000, 0x00000007c0000000)
  eden space 340480K, 0% used [0x0000000795580000,0x0000000795580000,0x00000007aa200000)
  from space 179200K, 99% used [0x00000007aa200000,0x00000007b50fac78,0x00000007b5100000)
  to   space 179200K, 0% used [0x00000007b5100000,0x00000007b5100000,0x00000007c0000000)
 ParOldGen       total 770560K, used 485864K [0x0000000740000000, 0x000000076f080000, 0x0000000795580000)
  object space 770560K, 63% used [0x0000000740000000,0x000000075da7a300,0x000000076f080000)
 Metaspace       used 69830K, capacity 72880K, committed 73304K, reserved 1114112K
  class space    used 8935K, capacity 9395K, committed 9560K, reserved 1048576K
}
Event: 12596.145 GC heap before
{Heap before GC invocations=574 (full 28):
 PSYoungGen      total 519680K, used 519659K [0x0000000795580000, 0x00000007c0000000, 0x00000007c0000000)
  eden space 340480K, 100% used [0x0000000795580000,0x00000007aa200000,0x00000007aa200000)
  from space 179200K, 99% used [0x00000007aa200000,0x00000007b50fac78,0x00000007b5100000)
  to   space 179200K, 0% used [0x00000007b5100000,0x00000007b5100000,0x00000007c0000000)
 ParOldGen       total 770560K, used 485864K [0x0000000740000000, 0x000000076f080000, 0x0000000795580000)
  object space 770560K, 63% used [0x0000000740000000,0x000000075da7a300,0x000000076f080000)
 Metaspace       used 69830K, capacity 72880K, committed 73304K, reserved 1114112K
  class space    used 8935K, capacity 9395K, committed 9560K, reserved 1048576K
Event: 12596.717 GC heap after
Heap after GC invocations=574 (full 28):
 PSYoungGen      total 412160K, used 179173K [0x0000000795580000, 0x00000007c0000000, 0x00000007c0000000)
  eden space 232960K, 0% used [0x0000000795580000,0x0000000795580000,0x00000007a3900000)
  from space 179200K, 99% used [0x00000007b5100000,0x00000007bfff96a8,0x00000007c0000000)
  to   space 232960K, 0% used [0x00000007a3900000,0x00000007a3900000,0x00000007b1c80000)
 ParOldGen       total 770560K, used 564472K [0x0000000740000000, 0x000000076f080000, 0x0000000795580000)
  object space 770560K, 73% used [0x0000000740000000,0x000000076273e0d8,0x000000076f080000)
 Metaspace       used 69830K, capacity 72880K, committed 73304K, reserved 1114112K
  class space    used 8935K, capacity 9395K, committed 9560K, reserved 1048576K
}
Event: 12597.239 GC heap before
{Heap before GC invocations=575 (full 28):
 PSYoungGen      total 412160K, used 412133K [0x0000000795580000, 0x00000007c0000000, 0x00000007c0000000)
  eden space 232960K, 100% used [0x0000000795580000,0x00000007a3900000,0x00000007a3900000)
  from space 179200K, 99% used [0x00000007b5100000,0x00000007bfff96a8,0x00000007c0000000)
  to   space 232960K, 0% used [0x00000007a3900000,0x00000007a3900000,0x00000007b1c80000)
 ParOldGen       total 770560K, used 564472K [0x0000000740000000, 0x000000076f080000, 0x0000000795580000)
  object space 770560K, 73% used [0x0000000740000000,0x000000076273e0d8,0x000000076f080000)
 Metaspace       used 69830K, capacity 72880K, committed 73304K, reserved 1114112K
  class space    used 8935K, capacity 9395K, committed 9560K, reserved 1048576K

Deoptimization events (10 events):
Event: 10491.323 Thread 0x00007f9a4a07c000 Uncommon trap: reason=unstable_if action=reinterpret pc=0x000000011213942c method=java.lang.ref.SoftReference.get()Ljava/lang/Object; @ 6
Event: 10492.131 Thread 0x00007f9a4a07c000 Uncommon trap: reason=unstable_if action=reinterpret pc=0x00000001122c58c4 method=org.codehaus.groovy.util.ReferenceManager$2.afterReferenceCreation(Lorg/codehaus/groovy/util/Reference;)V @ 8
Event: 10492.275 Thread 0x00007f9a4a07c000 Uncommon trap: reason=null_check action=make_not_entrant pc=0x0000000110465050 method=org.codehaus.groovy.reflection.ClassInfo.getWeakMetaClass()Lgroovy/lang/MetaClass; @ 17
Event: 10492.385 Thread 0x00007f9a4a07c000 Uncommon trap: reason=unstable_if action=reinterpret pc=0x000000011321d084 method=java.lang.ref.SoftReference.get()Ljava/lang/Object; @ 6
Event: 10492.598 Thread 0x00007f9a4a07c000 Uncommon trap: reason=unstable_if action=reinterpret pc=0x000000010f833908 method=java.lang.ref.SoftReference.get()Ljava/lang/Object; @ 6
Event: 10496.618 Thread 0x00007f9a4a07c000 Uncommon trap: reason=null_check action=make_not_entrant pc=0x000000010f9f3abc method=org.codehaus.groovy.reflection.ClassInfo.getWeakMetaClass()Lgroovy/lang/MetaClass; @ 17
Event: 10501.295 Thread 0x00007f9a4a07c000 Uncommon trap: reason=unstable_if action=reinterpret pc=0x0000000112b76be0 method=org.gradle.api.internal.changedetection.state.DefaultFileCollectionSnapshotter$FileCollectionSnapshotImpl$2.next(Lorg/gradle/util/ChangeListener;)Z @ 123
Event: 10509.088 Thread 0x00007f9a4a07c000 Uncommon trap: reason=unstable_if action=reinterpret pc=0x00000001134e3b5c method=com.sun.tools.javac.jvm.Code.resolve(Lcom/sun/tools/javac/jvm/Code$Chain;I)V @ 142
Event: 10592.281 Thread 0x00007f9a45442000 Uncommon trap: reason=unstable_if action=reinterpret pc=0x0000000112114ca8 method=com.android.dx.ssa.DeadCodeRemover.pruneDeadInstructions()V @ 49
Event: 10601.617 Thread 0x00007f9a45442000 Uncommon trap: reason=unstable_if action=reinterpret pc=0x000000010ffb71d8 method=java.util.concurrent.locks.AbstractQueuedSynchronizer.addWaiter(Ljava/util/concurrent/locks/AbstractQueuedSynchronizer$Node;)Ljava/util/concurrent/locks/AbstractQueuedSynchr

Internal exceptions (10 events):
Event: 10626.377 Thread 0x00007f9a476b6000 Exception <a 'java/lang/NoSuchMethodError': <clinit>> (0x00000007955c4fa8) thrown at [/HUDSON3/workspace/8-2-build-macosx-x86_64/jdk8u101/7261/hotspot/src/share/vm/prims/jni.cpp, line 1613]
Event: 10626.377 Thread 0x00007f9a476b6000 Exception <a 'java/lang/NoSuchMethodError': <clinit>> (0x00000007955c62c0) thrown at [/HUDSON3/workspace/8-2-build-macosx-x86_64/jdk8u101/7261/hotspot/src/share/vm/prims/jni.cpp, line 1613]
Event: 10626.378 Thread 0x00007f9a476b6000 Exception <a 'java/lang/NoSuchMethodError': <clinit>> (0x00000007955cfe20) thrown at [/HUDSON3/workspace/8-2-build-macosx-x86_64/jdk8u101/7261/hotspot/src/share/vm/prims/jni.cpp, line 1613]
Event: 10626.379 Thread 0x00007f9a476b6000 Exception <a 'java/lang/NoSuchMethodError': <clinit>> (0x00000007955d8c38) thrown at [/HUDSON3/workspace/8-2-build-macosx-x86_64/jdk8u101/7261/hotspot/src/share/vm/prims/jni.cpp, line 1613]
Event: 12341.845 Thread 0x00007f9a4a0bd000 Exception <a 'java/lang/ClassNotFoundException': asLocalRepo10_cucgjjr175epwp9cjvpij9ev8BeanInfo> (0x0000000795c0cc68) thrown at [/HUDSON3/workspace/8-2-build-macosx-x86_64/jdk8u101/7261/hotspot/src/share/vm/classfile/systemDictionary.cpp, line 210]
Event: 12341.846 Thread 0x00007f9a4a0bd000 Exception <a 'java/lang/ClassNotFoundException': asLocalRepo10_cucgjjr175epwp9cjvpij9ev8Customizer> (0x0000000795c18780) thrown at [/HUDSON3/workspace/8-2-build-macosx-x86_64/jdk8u101/7261/hotspot/src/share/vm/classfile/systemDictionary.cpp, line 210]
Event: 12346.761 Thread 0x00007f9a4a0bd000 Exception <a 'java/lang/reflect/InvocationTargetException'> (0x00000007999b7838) thrown at [/HUDSON3/workspace/8-2-build-macosx-x86_64/jdk8u101/7261/hotspot/src/share/vm/runtime/reflection.cpp, line 1092]
Event: 12346.762 Thread 0x00007f9a4a0bd000 Exception <a 'java/lang/reflect/InvocationTargetException'> (0x00000007999b8a00) thrown at [/HUDSON3/workspace/8-2-build-macosx-x86_64/jdk8u101/7261/hotspot/src/share/vm/runtime/reflection.cpp, line 1092]
Event: 12346.774 Thread 0x00007f9a4a0bd000 Exception <a 'java/lang/reflect/InvocationTargetException'> (0x0000000799b79438) thrown at [/HUDSON3/workspace/8-2-build-macosx-x86_64/jdk8u101/7261/hotspot/src/share/vm/runtime/reflection.cpp, line 1092]
Event: 12346.774 Thread 0x00007f9a4a0bd000 Exception <a 'java/lang/reflect/InvocationTargetException'> (0x0000000799b7a600) thrown at [/HUDSON3/workspace/8-2-build-macosx-x86_64/jdk8u101/7261/hotspot/src/share/vm/runtime/reflection.cpp, line 1092]

Events (10 events):
Event: 12591.160 Executing VM operation: ParallelGCFailedAllocation done
Event: 12591.725 Executing VM operation: ParallelGCFailedAllocation
Event: 12592.000 Executing VM operation: ParallelGCFailedAllocation done
Event: 12592.993 Executing VM operation: ParallelGCFailedAllocation
Event: 12593.475 Executing VM operation: ParallelGCFailedAllocation done
Event: 12594.478 Executing VM operation: ParallelGCFailedAllocation
Event: 12595.081 Executing VM operation: ParallelGCFailedAllocation done
Event: 12596.144 Executing VM operation: ParallelGCFailedAllocation
Event: 12596.717 Executing VM operation: ParallelGCFailedAllocation done
Event: 12597.238 Executing VM operation: ParallelGCFailedAllocation


Dynamic libraries:
0x00000000047e9000 	/System/Library/Frameworks/Cocoa.framework/Versions/A/Cocoa
0x00000000047e9000 	/System/Library/Frameworks/Security.framework/Versions/A/Security
0x00000000047e9000 	/System/Library/Frameworks/ApplicationServices.framework/Versions/A/ApplicationServices
0x00000000047e9000 	/usr/lib/libz.1.dylib
0x00000000047e9000 	/usr/lib/libSystem.B.dylib
0x00000000047e9000 	/usr/lib/libobjc.A.dylib
0x00000000047e9000 	/System/Library/Frameworks/CoreFoundation.framework/Versions/A/CoreFoundation
0x00000000047e9000 	/System/Library/Frameworks/Foundation.framework/Versions/C/Foundation
0x00000000047e9000 	/System/Library/Frameworks/AppKit.framework/Versions/C/AppKit
0x00000000047e9000 	/System/Library/Frameworks/CoreData.framework/Versions/A/CoreData
0x00000000047e9000 	/System/Library/PrivateFrameworks/RemoteViewServices.framework/Versions/A/RemoteViewServices
0x00000000047e9000 	/System/Library/PrivateFrameworks/UIFoundation.framework/Versions/A/UIFoundation
0x00000000047e9000 	/usr/lib/libScreenReader.dylib
0x00000000047e9000 	/System/Library/Frameworks/Accelerate.framework/Versions/A/Accelerate
0x00000000047e9000 	/System/Library/Frameworks/IOSurface.framework/Versions/A/IOSurface
0x00000000047e9000 	/System/Library/Frameworks/AudioToolbox.framework/Versions/A/AudioToolbox
0x00000000047e9000 	/System/Library/Frameworks/AudioUnit.framework/Versions/A/AudioUnit
0x00000000047e9000 	/System/Library/PrivateFrameworks/DataDetectorsCore.framework/Versions/A/DataDetectorsCore
0x00000000047e9000 	/System/Library/PrivateFrameworks/DesktopServicesPriv.framework/Versions/A/DesktopServicesPriv
0x00000000047e9000 	/System/Library/Frameworks/Carbon.framework/Versions/A/Frameworks/HIToolbox.framework/Versions/A/HIToolbox
0x00000000047e9000 	/System/Library/Frameworks/QuartzCore.framework/Versions/A/QuartzCore
0x00000000047e9000 	/System/Library/Frameworks/Carbon.framework/Versions/A/Frameworks/SpeechRecognition.framework/Versions/A/SpeechRecognition
0x00000000047e9000 	/usr/lib/libauto.dylib
0x00000000047e9000 	/usr/lib/libicucore.A.dylib
0x00000000047e9000 	/usr/lib/libxml2.2.dylib
0x00000000047e9000 	/System/Library/PrivateFrameworks/CoreUI.framework/Versions/A/CoreUI
0x00000000047e9000 	/System/Library/Frameworks/CoreAudio.framework/Versions/A/CoreAudio
0x00000000047e9000 	/System/Library/Frameworks/DiskArbitration.framework/Versions/A/DiskArbitration
0x00000000047e9000 	/usr/lib/liblangid.dylib
0x00000000047e9000 	/System/Library/PrivateFrameworks/MultitouchSupport.framework/Versions/A/MultitouchSupport
0x00000000047e9000 	/System/Library/Frameworks/IOKit.framework/Versions/A/IOKit
0x00000000047e9000 	/usr/lib/libDiagnosticMessagesClient.dylib
0x00000000047e9000 	/System/Library/Frameworks/CoreServices.framework/Versions/A/CoreServices
0x00000000047e9000 	/System/Library/PrivateFrameworks/PerformanceAnalysis.framework/Versions/A/PerformanceAnalysis
0x00000000047e9000 	/System/Library/PrivateFrameworks/GenerationalStorage.framework/Versions/A/GenerationalStorage
0x00000000047e9000 	/System/Library/Frameworks/OpenGL.framework/Versions/A/OpenGL
0x00000000047e9000 	/System/Library/PrivateFrameworks/Sharing.framework/Versions/A/Sharing
0x00000000047e9000 	/System/Library/Frameworks/CoreGraphics.framework/Versions/A/CoreGraphics
0x00000000047e9000 	/System/Library/Frameworks/CoreImage.framework/Versions/A/CoreImage
0x00000000047e9000 	/System/Library/Frameworks/CoreText.framework/Versions/A/CoreText
0x00000000047e9000 	/System/Library/Frameworks/ImageIO.framework/Versions/A/ImageIO
0x00000000047e9000 	/System/Library/PrivateFrameworks/Backup.framework/Versions/A/Backup
0x00000000047e9000 	/usr/lib/libextension.dylib
0x00000000047e9000 	/usr/lib/libarchive.2.dylib
0x00000000047e9000 	/System/Library/Frameworks/CFNetwork.framework/Versions/A/CFNetwork
0x00000000047e9000 	/System/Library/Frameworks/SystemConfiguration.framework/Versions/A/SystemConfiguration
0x00000000047e9000 	/usr/lib/libCRFSuite.dylib
0x00000000047e9000 	/usr/lib/libc++.1.dylib
0x00000000047e9000 	/usr/lib/libc++abi.dylib
0x00000000047e9000 	/usr/lib/system/libcache.dylib
0x00000000047e9000 	/usr/lib/system/libcommonCrypto.dylib
0x00000000047e9000 	/usr/lib/system/libcompiler_rt.dylib
0x00000000047e9000 	/usr/lib/system/libcopyfile.dylib
0x00000000047e9000 	/usr/lib/system/libcorecrypto.dylib
0x00000000047e9000 	/usr/lib/system/libdispatch.dylib
0x00000000047e9000 	/usr/lib/system/libdyld.dylib
0x00000000047e9000 	/usr/lib/system/libkeymgr.dylib
0x00000000047e9000 	/usr/lib/system/liblaunch.dylib
0x00000000047e9000 	/usr/lib/system/libmacho.dylib
0x00000000047e9000 	/usr/lib/system/libquarantine.dylib
0x00000000047e9000 	/usr/lib/system/libremovefile.dylib
0x00000000047e9000 	/usr/lib/system/libsystem_asl.dylib
0x00000000047e9000 	/usr/lib/system/libsystem_blocks.dylib
0x00000000047e9000 	/usr/lib/system/libsystem_c.dylib
0x00000000047e9000 	/usr/lib/system/libsystem_configuration.dylib
0x00000000047e9000 	/usr/lib/system/libsystem_coreservices.dylib
0x00000000047e9000 	/usr/lib/system/libsystem_coretls.dylib
0x00000000047e9000 	/usr/lib/system/libsystem_dnssd.dylib
0x00000000047e9000 	/usr/lib/system/libsystem_info.dylib
0x00000000047e9000 	/usr/lib/system/libsystem_kernel.dylib
0x00000000047e9000 	/usr/lib/system/libsystem_m.dylib
0x00000000047e9000 	/usr/lib/system/libsystem_malloc.dylib
0x00000000047e9000 	/usr/lib/system/libsystem_network.dylib
0x00000000047e9000 	/usr/lib/system/libsystem_networkextension.dylib
0x00000000047e9000 	/usr/lib/system/libsystem_notify.dylib
0x00000000047e9000 	/usr/lib/system/libsystem_platform.dylib
0x00000000047e9000 	/usr/lib/system/libsystem_pthread.dylib
0x00000000047e9000 	/usr/lib/system/libsystem_sandbox.dylib
0x00000000047e9000 	/usr/lib/system/libsystem_secinit.dylib
0x00000000047e9000 	/usr/lib/system/libsystem_trace.dylib
0x00000000047e9000 	/usr/lib/system/libunc.dylib
0x00000000047e9000 	/usr/lib/system/libunwind.dylib
0x00000000047e9000 	/usr/lib/system/libxpc.dylib
0x00000000047e9000 	/usr/lib/libenergytrace.dylib
0x00000000047e9000 	/usr/lib/libbsm.0.dylib
0x00000000047e9000 	/usr/lib/system/libkxld.dylib
0x00000000047e9000 	/usr/lib/libxar.1.dylib
0x00000000047e9000 	/usr/lib/libsqlite3.dylib
0x00000000047e9000 	/usr/lib/libpam.2.dylib
0x00000000047e9000 	/usr/lib/libOpenScriptingUtil.dylib
0x00000000047e9000 	/usr/lib/libbz2.1.0.dylib
0x00000000047e9000 	/usr/lib/liblzma.5.dylib
0x00000000047e9000 	/System/Library/Frameworks/CoreServices.framework/Versions/A/Frameworks/FSEvents.framework/Versions/A/FSEvents
0x00000000047e9000 	/System/Library/Frameworks/CoreServices.framework/Versions/A/Frameworks/CarbonCore.framework/Versions/A/CarbonCore
0x00000000047e9000 	/System/Library/Frameworks/CoreServices.framework/Versions/A/Frameworks/Metadata.framework/Versions/A/Metadata
0x00000000047e9000 	/System/Library/Frameworks/CoreServices.framework/Versions/A/Frameworks/OSServices.framework/Versions/A/OSServices
0x00000000047e9000 	/System/Library/Frameworks/CoreServices.framework/Versions/A/Frameworks/SearchKit.framework/Versions/A/SearchKit
0x00000000047e9000 	/System/Library/Frameworks/CoreServices.framework/Versions/A/Frameworks/AE.framework/Versions/A/AE
0x00000000047e9000 	/System/Library/Frameworks/CoreServices.framework/Versions/A/Frameworks/LaunchServices.framework/Versions/A/LaunchServices
0x00000000047e9000 	/System/Library/Frameworks/CoreServices.framework/Versions/A/Frameworks/DictionaryServices.framework/Versions/A/DictionaryServices
0x00000000047e9000 	/System/Library/Frameworks/CoreServices.framework/Versions/A/Frameworks/SharedFileList.framework/Versions/A/SharedFileList
0x00000000047e9000 	/System/Library/Frameworks/NetFS.framework/Versions/A/NetFS
0x00000000047e9000 	/System/Library/PrivateFrameworks/NetAuth.framework/Versions/A/NetAuth
0x00000000047e9000 	/System/Library/PrivateFrameworks/login.framework/Versions/A/Frameworks/loginsupport.framework/Versions/A/loginsupport
0x00000000047e9000 	/System/Library/PrivateFrameworks/TCC.framework/Versions/A/TCC
0x00000000047e9000 	/usr/lib/libmecabra.dylib
0x00000000047e9000 	/System/Library/Frameworks/ApplicationServices.framework/Versions/A/Frameworks/ATS.framework/Versions/A/ATS
0x00000000047e9000 	/System/Library/Frameworks/ApplicationServices.framework/Versions/A/Frameworks/ColorSync.framework/Versions/A/ColorSync
0x00000000047e9000 	/System/Library/Frameworks/ApplicationServices.framework/Versions/A/Frameworks/HIServices.framework/Versions/A/HIServices
0x00000000047e9000 	/System/Library/Frameworks/ApplicationServices.framework/Versions/A/Frameworks/LangAnalysis.framework/Versions/A/LangAnalysis
0x00000000047e9000 	/System/Library/Frameworks/ApplicationServices.framework/Versions/A/Frameworks/PrintCore.framework/Versions/A/PrintCore
0x00000000047e9000 	/System/Library/Frameworks/ApplicationServices.framework/Versions/A/Frameworks/QD.framework/Versions/A/QD
0x00000000047e9000 	/System/Library/Frameworks/ApplicationServices.framework/Versions/A/Frameworks/SpeechSynthesis.framework/Versions/A/SpeechSynthesis
0x00000000047e9000 	/System/Library/Frameworks/Metal.framework/Versions/A/Metal
0x00000000047e9000 	/System/Library/Frameworks/Accelerate.framework/Versions/A/Frameworks/vImage.framework/Versions/A/vImage
0x00000000047e9000 	/System/Library/Frameworks/Accelerate.framework/Versions/A/Frameworks/vecLib.framework/Versions/A/vecLib
0x00000000047e9000 	/System/Library/Frameworks/Accelerate.framework/Versions/A/Frameworks/vecLib.framework/Versions/A/libvDSP.dylib
0x00000000047e9000 	/System/Library/Frameworks/Accelerate.framework/Versions/A/Frameworks/vecLib.framework/Versions/A/libvMisc.dylib
0x00000000047e9000 	/System/Library/Frameworks/Accelerate.framework/Versions/A/Frameworks/vecLib.framework/Versions/A/libLAPACK.dylib
0x00000000047e9000 	/System/Library/Frameworks/Accelerate.framework/Versions/A/Frameworks/vecLib.framework/Versions/A/libBLAS.dylib
0x00000000047e9000 	/System/Library/Frameworks/Accelerate.framework/Versions/A/Frameworks/vecLib.framework/Versions/A/libLinearAlgebra.dylib
0x00000000047e9000 	/System/Library/Frameworks/Accelerate.framework/Versions/A/Frameworks/vecLib.framework/Versions/A/libSparseBLAS.dylib
0x00000000047e9000 	/System/Library/PrivateFrameworks/GPUCompiler.framework/libmetal_timestamp.dylib
0x00000000047e9000 	/System/Library/Frameworks/OpenGL.framework/Versions/A/Libraries/libCoreFSCache.dylib
0x00000000047e9000 	/System/Library/PrivateFrameworks/IOAccelerator.framework/Versions/A/IOAccelerator
0x00000000047e9000 	/System/Library/Frameworks/ApplicationServices.framework/Versions/A/Frameworks/ATS.framework/Versions/A/Resources/libFontParser.dylib
0x00000000047e9000 	/System/Library/Frameworks/ApplicationServices.framework/Versions/A/Frameworks/ATS.framework/Versions/A/Resources/libFontRegistry.dylib
0x00000000047e9000 	/System/Library/PrivateFrameworks/AppleVPA.framework/Versions/A/AppleVPA
0x00000000047e9000 	/System/Library/PrivateFrameworks/AppleJPEG.framework/Versions/A/AppleJPEG
0x00000000047e9000 	/System/Library/Frameworks/ImageIO.framework/Versions/A/Resources/libJPEG.dylib
0x00000000047e9000 	/System/Library/Frameworks/ImageIO.framework/Versions/A/Resources/libTIFF.dylib
0x00000000047e9000 	/System/Library/Frameworks/ImageIO.framework/Versions/A/Resources/libPng.dylib
0x00000000047e9000 	/System/Library/Frameworks/ImageIO.framework/Versions/A/Resources/libGIF.dylib
0x00000000047e9000 	/System/Library/Frameworks/ImageIO.framework/Versions/A/Resources/libJP2.dylib
0x00000000047e9000 	/System/Library/Frameworks/ImageIO.framework/Versions/A/Resources/libRadiance.dylib
0x00000000047e9000 	/System/Library/Frameworks/CoreVideo.framework/Versions/A/CoreVideo
0x00000000047e9000 	/System/Library/Frameworks/OpenGL.framework/Versions/A/Libraries/libGLU.dylib
0x00000000047e9000 	/System/Library/Frameworks/OpenGL.framework/Versions/A/Libraries/libGFXShared.dylib
0x00000000047e9000 	/System/Library/Frameworks/OpenGL.framework/Versions/A/Libraries/libGL.dylib
0x00000000047e9000 	/System/Library/Frameworks/OpenGL.framework/Versions/A/Libraries/libGLImage.dylib
0x00000000047e9000 	/System/Library/Frameworks/OpenGL.framework/Versions/A/Libraries/libCVMSPluginSupport.dylib
0x00000000047e9000 	/System/Library/Frameworks/OpenGL.framework/Versions/A/Libraries/libCoreVMClient.dylib
0x00000000047e9000 	/usr/lib/libcompression.dylib
0x00000000047e9000 	/usr/lib/libcups.2.dylib
0x00000000047e9000 	/System/Library/Frameworks/Kerberos.framework/Versions/A/Kerberos
0x00000000047e9000 	/System/Library/Frameworks/GSS.framework/Versions/A/GSS
0x00000000047e9000 	/usr/lib/libresolv.9.dylib
0x00000000047e9000 	/usr/lib/libiconv.2.dylib
0x00000000047e9000 	/System/Library/PrivateFrameworks/Heimdal.framework/Versions/A/Heimdal
0x00000000047e9000 	/usr/lib/libheimdal-asn1.dylib
0x00000000047e9000 	/System/Library/Frameworks/OpenDirectory.framework/Versions/A/OpenDirectory
0x00000000047e9000 	/System/Library/PrivateFrameworks/CommonAuth.framework/Versions/A/CommonAuth
0x00000000047e9000 	/System/Library/Frameworks/OpenDirectory.framework/Versions/A/Frameworks/CFOpenDirectory.framework/Versions/A/CFOpenDirectory
0x00000000047e9000 	/System/Library/Frameworks/SecurityFoundation.framework/Versions/A/SecurityFoundation
0x00000000047e9000 	/System/Library/PrivateFrameworks/LanguageModeling.framework/Versions/A/LanguageModeling
0x00000000047e9000 	/usr/lib/libmarisa.dylib
0x00000000047e9000 	/usr/lib/libChineseTokenizer.dylib
0x00000000047e9000 	/usr/lib/libcmph.dylib
0x00000000047e9000 	/System/Library/Frameworks/ServiceManagement.framework/Versions/A/ServiceManagement
0x00000000047e9000 	/usr/lib/libxslt.1.dylib
0x00000000047e9000 	/System/Library/Frameworks/Carbon.framework/Versions/A/Frameworks/Ink.framework/Versions/A/Ink
0x00000000047e9000 	/usr/lib/libFosl_dynamic.dylib
0x00000000047e9000 	/System/Library/PrivateFrameworks/FaceCore.framework/Versions/A/FaceCore
0x00000000047e9000 	/System/Library/Frameworks/OpenCL.framework/Versions/A/OpenCL
0x00000000047e9000 	/System/Library/PrivateFrameworks/CrashReporterSupport.framework/Versions/A/CrashReporterSupport
0x00000000047e9000 	/System/Library/PrivateFrameworks/IconServices.framework/Versions/A/IconServices
0x00000000047e9000 	/System/Library/PrivateFrameworks/Apple80211.framework/Versions/A/Apple80211
0x00000000047e9000 	/System/Library/Frameworks/CoreWLAN.framework/Versions/A/CoreWLAN
0x00000000047e9000 	/System/Library/Frameworks/IOBluetooth.framework/Versions/A/IOBluetooth
0x00000000047e9000 	/System/Library/PrivateFrameworks/CoreWiFi.framework/Versions/A/CoreWiFi
0x00000000047e9000 	/System/Library/Frameworks/CoreBluetooth.framework/Versions/A/CoreBluetooth
0x00000000047e9000 	/System/Library/PrivateFrameworks/ChunkingLibrary.framework/Versions/A/ChunkingLibrary
0x00000000047e9000 	/System/Library/PrivateFrameworks/DebugSymbols.framework/Versions/A/DebugSymbols
0x00000000047e9000 	/System/Library/PrivateFrameworks/CoreSymbolication.framework/Versions/A/CoreSymbolication
0x00000000047e9000 	/System/Library/PrivateFrameworks/Symbolication.framework/Versions/A/Symbolication
0x00000000047e9000 	/System/Library/PrivateFrameworks/SpeechRecognitionCore.framework/Versions/A/SpeechRecognitionCore
0x000000010e200000 	/Library/Java/JavaVirtualMachines/jdk1.8.0_101.jdk/Contents/Home/jre/lib/server/libjvm.dylib
0x00000000047e9000 	/usr/lib/libstdc++.6.dylib
0x000000010d9bb000 	/Library/Java/JavaVirtualMachines/jdk1.8.0_101.jdk/Contents/Home/jre/lib/libverify.dylib
0x000000010d9c9000 	/Library/Java/JavaVirtualMachines/jdk1.8.0_101.jdk/Contents/Home/jre/lib/libjava.dylib
0x000000010f1a5000 	/Library/Java/JavaVirtualMachines/jdk1.8.0_101.jdk/Contents/Home/jre/lib/libzip.dylib
0x0000000124b12000 	/System/Library/Frameworks/JavaVM.framework/Frameworks/JavaRuntimeSupport.framework/JavaRuntimeSupport
0x0000000124b2d000 	/System/Library/Frameworks/JavaVM.framework/Versions/A/Frameworks/JavaNativeFoundation.framework/Versions/A/JavaNativeFoundation
0x0000000124b42000 	/System/Library/Frameworks/JavaVM.framework/Versions/A/JavaVM
0x00000000047e9000 	/System/Library/Frameworks/Carbon.framework/Versions/A/Carbon
0x0000000124b4f000 	/System/Library/PrivateFrameworks/JavaLaunching.framework/Versions/A/JavaLaunching
0x00000000047e9000 	/System/Library/Frameworks/Carbon.framework/Versions/A/Frameworks/CommonPanels.framework/Versions/A/CommonPanels
0x00000000047e9000 	/System/Library/Frameworks/Carbon.framework/Versions/A/Frameworks/Help.framework/Versions/A/Help
0x00000000047e9000 	/System/Library/Frameworks/Carbon.framework/Versions/A/Frameworks/ImageCapture.framework/Versions/A/ImageCapture
0x00000000047e9000 	/System/Library/Frameworks/Carbon.framework/Versions/A/Frameworks/OpenScripting.framework/Versions/A/OpenScripting
0x00000000047e9000 	/System/Library/Frameworks/Carbon.framework/Versions/A/Frameworks/Print.framework/Versions/A/Print
0x00000000047e9000 	/System/Library/Frameworks/Carbon.framework/Versions/A/Frameworks/SecurityHI.framework/Versions/A/SecurityHI
0x000000012677e000 	/Library/Java/JavaVirtualMachines/jdk1.8.0_101.jdk/Contents/Home/jre/lib/libnet.dylib
0x00000001267dd000 	/Library/Java/JavaVirtualMachines/jdk1.8.0_101.jdk/Contents/Home/jre/lib/libnio.dylib
0x00000001267ed000 	/Users/Micha/.gradle/native/19/osx-amd64/libnative-platform.dylib
0x000000012746f000 	/Library/Java/JavaVirtualMachines/jdk1.8.0_101.jdk/Contents/Home/jre/lib/libmanagement.dylib
0x000000012665f000 	/Library/Java/JavaVirtualMachines/jdk1.8.0_101.jdk/Contents/Home/jre/lib/libsunec.dylib

VM Arguments:
jvm_args: -Xmx2048M -Dfile.encoding=UTF-8 -Duser.country=DE -Duser.language=de -Duser.variant 
java_command: org.gradle.launcher.daemon.bootstrap.GradleDaemon 2.10
java_class_path (initial): /Users/Micha/.gradle/wrapper/dists/gradle-2.10-all/a4w5fzrkeut1ox71xslb49gst/gradle-2.10/lib/gradle-launcher-2.10.jar
Launcher Type: SUN_STANDARD

Environment Variables:
PATH=/usr/bin:/bin:/usr/sbin:/sbin
SHELL=/bin/bash
DISPLAY=/private/tmp/com.apple.launchd.ulI5bN3BLF/org.macosforge.xquartz:0

Signal Handlers:
SIGSEGV: [libjvm.dylib+0x5af145], sa_mask[0]=11111111011111110111111111111111, sa_flags=SA_ONSTACK|SA_RESTART|SA_SIGINFO
SIGBUS: [libjvm.dylib+0x5af145], sa_mask[0]=11111111011111110111111111111111, sa_flags=SA_RESTART|SA_SIGINFO
SIGFPE: [libjvm.dylib+0x48694c], sa_mask[0]=11111111011111110111111111111111, sa_flags=SA_RESTART|SA_SIGINFO
SIGPIPE: [libjvm.dylib+0x48694c], sa_mask[0]=11111111011111110111111111111111, sa_flags=SA_RESTART|SA_SIGINFO
SIGXFSZ: [libjvm.dylib+0x48694c], sa_mask[0]=11111111011111110111111111111111, sa_flags=SA_RESTART|SA_SIGINFO
SIGILL: [libjvm.dylib+0x48694c], sa_mask[0]=11111111011111110111111111111111, sa_flags=SA_RESTART|SA_SIGINFO
SIGUSR1: SIG_DFL, sa_mask[0]=00000000000000000000000000000000, sa_flags=none
SIGUSR2: [libjvm.dylib+0x48646a], sa_mask[0]=00100000000000000000000000000000, sa_flags=SA_RESTART|SA_SIGINFO
SIGHUP: [libjvm.dylib+0x484a41], sa_mask[0]=11111111011111110111111111111111, sa_flags=SA_RESTART|SA_SIGINFO
SIGINT: [libjvm.dylib+0x484a41], sa_mask[0]=11111111011111110111111111111111, sa_flags=SA_RESTART|SA_SIGINFO
SIGTERM: [libjvm.dylib+0x484a41], sa_mask[0]=11111111011111110111111111111111, sa_flags=SA_RESTART|SA_SIGINFO
SIGQUIT: [libjvm.dylib+0x484a41], sa_mask[0]=11111111011111110111111111111111, sa_flags=SA_RESTART|SA_SIGINFO


---------------  S Y S T E M  ---------------

OS:Bsduname:Darwin 15.5.0 Darwin Kernel Version 15.5.0: Tue Apr 19 18:36:36 PDT 2016; root:xnu-3248.50.21~8/RELEASE_X86_64 x86_64
rlimit: STACK 8192k, CORE 0k, NPROC 709, NOFILE 10240, AS infinity
load average:3.89 3.33 2.77

CPU:total 4 (2 cores per cpu, 2 threads per core) family 6 model 42 stepping 7, cmov, cx8, fxsr, mmx, sse, sse2, sse3, ssse3, sse4.1, sse4.2, popcnt, avx, aes, clmul, ht, tsc, tscinvbit

Memory: 4k page, physical 8388608k(18964k free)

/proc/meminfo:


vm_info: Java HotSpot(TM) 64-Bit Server VM (25.101-b13) for bsd-amd64 JRE (1.8.0_101-b13), built on Jun 22 2016 02:42:15 by "java_re" with gcc 4.2.1 (Based on Apple Inc. build 5658) (LLVM build 2336.11.00)

time: Tue Sep 13 17:39:42 2016
elapsed time: 12597 seconds (0d 3h 29m 57s)

